<?xml version="1.0" encoding="utf-8"?><testsuites name="pytest tests"><testsuite name="pytest" errors="0" failures="0" skipped="0" tests="23" time="0.055" timestamp="2026-02-11T04:43:18.623933+00:00" hostname="x31"><testcase classname="tests.test_dashboard_e2e.TestDashboardMetricsEndpoint" name="test_metrics_all_required_fields_present" time="0.001" /><testcase classname="tests.test_dashboard_e2e.TestDashboardMetricsEndpoint" name="test_metrics_endpoint_returns_json" time="0.001" /><testcase classname="tests.test_dashboard_e2e.TestDashboardMetricsEndpoint" name="test_metrics_gpu_utilization_in_valid_range" time="0.000" /><testcase classname="tests.test_dashboard_e2e.TestDashboardMetricsEndpoint" name="test_metrics_gpu_vram_not_oversubscribed" time="0.000" /><testcase classname="tests.test_dashboard_e2e.TestDashboardMetricsEndpoint" name="test_metrics_success_rate_in_valid_range" time="0.000" /><testcase classname="tests.test_dashboard_e2e.TestDashboardMetricsEndpoint" name="test_metrics_timestamp_is_recent" time="0.000" /><testcase classname="tests.test_dashboard_e2e.TestDashboardMetricsEndpoint" name="test_metrics_tps_values_are_non_negative" time="0.000" /><testcase classname="tests.test_dashboard_e2e.TestDashboardRealTimeUpdates" name="test_dashboard_refreshes_every_second" time="0.001" /><testcase classname="tests.test_dashboard_e2e.TestDashboardRealTimeUpdates" name="test_gpu_utilization_updates_per_refresh" time="0.000" /><testcase classname="tests.test_dashboard_e2e.TestDashboardRealTimeUpdates" name="test_latency_metrics_update" time="0.001" /><testcase classname="tests.test_dashboard_e2e.TestDashboardRealTimeUpdates" name="test_pending_swaps_count_updates" time="0.000" /><testcase classname="tests.test_dashboard_e2e.TestDashboardRealTimeUpdates" name="test_rollback_counter_increments" time="0.000" /><testcase classname="tests.test_dashboard_e2e.TestDashboardSecurityNoSensitiveData" name="test_no_chain_state_secrets" time="0.001" /><testcase classname="tests.test_dashboard_e2e.TestDashboardSecurityNoSensitiveData" name="test_no_private_keys_in_metrics" time="0.000" /><testcase classname="tests.test_dashboard_e2e.TestDashboardSecurityNoSensitiveData" name="test_no_rpc_credentials_exposed" time="0.000" /><testcase classname="tests.test_dashboard_e2e.TestDashboardXssInjectionProtection" name="test_chain_name_xss_protection" time="0.001" /><testcase classname="tests.test_dashboard_e2e.TestDashboardXssInjectionProtection" name="test_cors_headers_properly_set" time="0.001" /><testcase classname="tests.test_dashboard_e2e.TestDashboardXssInjectionProtection" name="test_dom_text_content_not_html" time="0.000" /><testcase classname="tests.test_dashboard_e2e.TestDashboardXssInjectionProtection" name="test_gpu_label_injection_protection" time="0.000" /><testcase classname="tests.test_dashboard_e2e.TestDashboardXssInjectionProtection" name="test_metrics_json_response_content_type" time="0.001" /><testcase classname="tests.test_dashboard_e2e.TestDashboardXssInjectionProtection" name="test_metrics_value_xss_protection" time="0.000" /><testcase classname="tests.test_dashboard_e2e.TestDashboardErrorHandling" name="test_failed_metrics_fetch_shows_error" time="0.001" /><testcase classname="tests.test_dashboard_e2e.TestDashboardErrorHandling" name="test_invalid_json_response_handled" time="0.000" /></testsuite></testsuites>