<?xml version="1.0" encoding="utf-8"?><testsuites name="pytest tests"><testsuite name="pytest" errors="0" failures="0" skipped="0" tests="21" time="0.066" timestamp="2026-02-11T04:43:19.019333+00:00" hostname="x31"><testcase classname="tests.test_rpc_endpoints_e2e.TestRpcEndpointAvailability" name="test_rpc_endpoint_reachable" time="0.001" /><testcase classname="tests.test_rpc_endpoints_e2e.TestRpcEndpointAvailability" name="test_rpc_endpoint_unavailable_handling" time="0.001" /><testcase classname="tests.test_rpc_endpoints_e2e.TestRpcEndpointAvailability" name="test_rpc_latency_measurement" time="0.001" /><testcase classname="tests.test_rpc_endpoints_e2e.TestRpcEndpointAvailability" name="test_rpc_rate_limiting_handling" time="0.001" /><testcase classname="tests.test_rpc_endpoints_e2e.TestRpcEndpointAvailability" name="test_rpc_timeout_respected" time="0.001" /><testcase classname="tests.test_rpc_endpoints_e2e.TestRpcResponseValidation" name="test_eth_block_number_response_format" time="0.001" /><testcase classname="tests.test_rpc_endpoints_e2e.TestRpcResponseValidation" name="test_eth_get_balance_response_format" time="0.001" /><testcase classname="tests.test_rpc_endpoints_e2e.TestRpcResponseValidation" name="test_invalid_json_rpc_response_missing_result_and_error" time="0.001" /><testcase classname="tests.test_rpc_endpoints_e2e.TestRpcResponseValidation" name="test_null_result_vs_error_distinguished" time="0.001" /><testcase classname="tests.test_rpc_endpoints_e2e.TestRpcResponseValidation" name="test_rpc_error_responses_have_code_and_message" time="0.001" /><testcase classname="tests.test_rpc_endpoints_e2e.TestRpcResponseValidation" name="test_valid_json_rpc_response" time="0.001" /><testcase classname="tests.test_rpc_endpoints_e2e.TestTransactionBroadcastAndConfirmation" name="test_eth_send_transaction_returns_hash" time="0.001" /><testcase classname="tests.test_rpc_endpoints_e2e.TestTransactionBroadcastAndConfirmation" name="test_solana_transaction_confirmation_levels" time="0.001" /><testcase classname="tests.test_rpc_endpoints_e2e.TestTransactionBroadcastAndConfirmation" name="test_transaction_fee_estimation_evm" time="0.001" /><testcase classname="tests.test_rpc_endpoints_e2e.TestTransactionBroadcastAndConfirmation" name="test_transaction_receipt_confirms_inclusion" time="0.002" /><testcase classname="tests.test_rpc_endpoints_e2e.TestTransactionBroadcastAndConfirmation" name="test_transaction_status_success_vs_failure" time="0.001" /><testcase classname="tests.test_rpc_endpoints_e2e.TestMockVsRealRpcConsistency" name="test_mock_and_real_eth_block_number_format_match" time="0.001" /><testcase classname="tests.test_rpc_endpoints_e2e.TestMockVsRealRpcConsistency" name="test_mock_and_real_rpc_error_format_match" time="0.001" /><testcase classname="tests.test_rpc_endpoints_e2e.TestMockVsRealRpcConsistency" name="test_mock_rpc_deterministic_across_calls" time="0.001" /><testcase classname="tests.test_rpc_endpoints_e2e.TestRpcEndpointSecurityValidation" name="test_endpoint_url_validation" time="0.001" /><testcase classname="tests.test_rpc_endpoints_e2e.TestRpcEndpointSecurityValidation" name="test_rpc_authentication_not_exposed" time="0.001" /></testsuite></testsuites>