TN:
SF:src/App.tsx
FN:13,App
FN:62,discover
FNF:2
FNH:2
FNDA:15,App
FNDA:7,discover
DA:1,1
DA:13,15
DA:14,15
DA:15,15
DA:16,15
DA:17,15
DA:18,15
DA:19,15
DA:20,15
DA:21,15
DA:22,15
DA:23,15
DA:24,15
DA:25,15
DA:27,15
DA:29,14
DA:30,7
DA:31,7
DA:32,7
DA:33,7
DA:34,7
DA:54,7
DA:55,7
DA:56,7
DA:57,7
DA:58,15
DA:60,15
DA:62,7
DA:63,7
DA:64,7
DA:65,0
DA:66,0
DA:67,0
DA:68,0
DA:69,0
DA:70,7
DA:71,0
DA:72,0
DA:73,7
DA:74,7
DA:75,7
DA:76,7
DA:77,15
DA:79,15
DA:80,15
DA:82,15
DA:84,15
DA:85,2
DA:86,2
DA:87,2
DA:88,2
DA:89,2
DA:90,2
DA:91,0
DA:92,2
DA:93,2
DA:94,2
DA:95,2
DA:96,2
DA:97,2
DA:99,2
DA:100,2
DA:104,15
DA:106,15
DA:109,15
DA:112,15
DA:114,15
DA:115,15
DA:116,15
DA:119,15
DA:120,15
DA:123,15
DA:126,15
DA:127,15
DA:130,15
DA:131,15
DA:133,15
LF:77
LH:69
BRDA:13,0,0,15
BRDA:84,1,0,2
BRDA:90,2,0,0
BRDA:109,3,0,13
BRDA:27,4,0,14
BRDA:29,5,0,7
BRDA:60,6,0,7
BRDA:62,7,0,7
BRDA:64,8,0,0
BRDA:70,9,0,0
BRDA:76,10,0,7
BRF:11
BRH:8
end_of_record
TN:
SF:src/components/BottomPanel.tsx
FN:14,BottomPanel
FN:43,trackTerminalInput
FN:102,connect
FN:113,resizeHandler
FN:192,handleStopTerminal
FN:200,handleClearTerminal
FN:206,handleRerunLastBuild
FN:248,onClick
FNF:8
FNH:4
FNDA:40,BottomPanel
FNDA:0,trackTerminalInput
FNDA:23,connect
FNDA:0,resizeHandler
FNDA:0,handleStopTerminal
FNDA:1,handleClearTerminal
FNDA:0,handleRerunLastBuild
FNDA:8,onClick
DA:1,1
DA:14,1
DA:15,40
DA:16,40
DA:17,40
DA:18,40
DA:19,40
DA:20,40
DA:21,40
DA:22,40
DA:23,40
DA:24,40
DA:25,40
DA:26,40
DA:27,40
DA:28,40
DA:29,40
DA:30,40
DA:31,40
DA:32,40
DA:33,40
DA:34,40
DA:35,40
DA:36,40
DA:37,40
DA:38,40
DA:39,40
DA:40,40
DA:41,40
DA:43,40
DA:44,0
DA:45,0
DA:46,0
DA:47,0
DA:48,0
DA:49,0
DA:50,0
DA:51,0
DA:52,0
DA:54,0
DA:55,0
DA:56,0
DA:57,0
DA:59,0
DA:60,0
DA:61,0
DA:62,0
DA:64,0
DA:65,0
DA:66,0
DA:67,0
DA:68,0
DA:70,40
DA:71,23
DA:72,0
DA:73,0
DA:74,23
DA:76,23
DA:77,23
DA:78,23
DA:79,23
DA:80,23
DA:81,23
DA:82,23
DA:83,23
DA:84,23
DA:85,23
DA:86,23
DA:87,23
DA:88,23
DA:89,23
DA:90,23
DA:91,4
DA:92,4
DA:93,4
DA:94,23
DA:96,23
DA:97,23
DA:99,23
DA:100,23
DA:102,23
DA:103,23
DA:104,23
DA:105,19
DA:106,19
DA:107,19
DA:108,19
DA:110,19
DA:111,19
DA:113,19
DA:114,0
DA:115,0
DA:116,0
DA:117,0
DA:118,0
DA:119,0
DA:120,0
DA:121,0
DA:122,0
DA:123,19
DA:125,19
DA:126,0
DA:127,0
DA:128,0
DA:129,0
DA:130,0
DA:131,19
DA:133,19
DA:134,0
DA:135,0
DA:136,0
DA:137,19
DA:139,19
DA:140,0
DA:141,0
DA:142,0
DA:143,0
DA:144,0
DA:145,0
DA:146,0
DA:147,19
DA:149,19
DA:150,0
DA:151,0
DA:152,0
DA:153,0
DA:154,19
DA:156,19
DA:157,0
DA:158,0
DA:159,0
DA:160,0
DA:161,19
DA:162,23
DA:163,1
DA:164,1
DA:165,1
DA:166,1
DA:167,1
DA:168,23
DA:170,23
DA:172,23
DA:173,23
DA:174,23
DA:175,0
DA:176,0
DA:177,23
DA:178,0
DA:179,0
DA:180,0
DA:181,0
DA:182,23
DA:183,0
DA:184,0
DA:185,0
DA:186,23
DA:187,23
DA:188,23
DA:189,23
DA:190,40
DA:192,40
DA:193,0
DA:194,0
DA:195,0
DA:196,0
DA:197,0
DA:198,0
DA:200,40
DA:201,1
DA:202,1
DA:203,1
DA:204,1
DA:206,40
DA:207,0
DA:208,0
DA:209,0
DA:210,0
DA:212,0
DA:213,0
DA:214,0
DA:216,40
DA:217,40
DA:218,36
DA:219,4
DA:220,40
DA:221,36
DA:222,4
DA:223,40
DA:224,30
DA:225,10
DA:226,40
DA:227,0
DA:228,40
DA:229,40
DA:230,40
DA:231,0
DA:232,40
DA:234,40
DA:236,40
DA:237,40
DA:238,40
DA:239,40
DA:240,40
DA:241,40
DA:242,40
DA:243,40
DA:244,40
DA:245,40
DA:246,160
DA:247,160
DA:248,160
DA:249,160
DA:251,160
DA:252,160
DA:253,40
DA:254,40
DA:256,40
DA:257,32
DA:258,32
DA:259,32
DA:260,0
DA:262,0
DA:264,32
DA:266,32
DA:267,32
DA:269,32
DA:270,32
DA:272,40
DA:274,40
DA:275,40
DA:276,32
DA:277,32
DA:278,32
DA:279,32
DA:280,32
DA:281,32
DA:282,32
DA:285,40
DA:286,3
DA:287,3
DA:288,3
DA:289,3
DA:290,3
DA:291,3
DA:292,3
DA:293,3
DA:294,3
DA:295,3
DA:296,3
DA:297,3
DA:298,3
DA:299,0
DA:300,0
DA:301,0
DA:302,0
DA:303,0
DA:304,0
DA:306,3
DA:309,40
DA:310,3
DA:311,3
DA:312,0
DA:314,3
DA:315,9
DA:316,9
DA:317,9
DA:318,9
DA:319,0
DA:320,9
DA:321,5
DA:322,4
DA:325,9
DA:326,0
DA:327,9
DA:328,5
DA:329,4
DA:330,9
DA:331,9
DA:332,9
DA:333,9
DA:334,3
DA:336,3
DA:339,40
DA:340,2
DA:341,2
DA:342,1
DA:344,1
DA:346,1
DA:347,1
DA:348,1
DA:349,1
DA:350,1
DA:351,1
DA:352,1
DA:353,1
DA:355,1
DA:356,1
DA:357,1
DA:358,1
DA:360,2
DA:362,40
DA:363,40
DA:365,40
LF:303
LH:212
BRDA:14,0,0,40
BRDA:217,1,0,36
BRDA:218,2,0,4
BRDA:220,3,0,36
BRDA:221,4,0,4
BRDA:223,5,0,30
BRDA:224,6,0,10
BRDA:226,7,0,0
BRDA:230,8,0,0
BRDA:256,9,0,32
BRDA:258,10,0,0
BRDA:259,11,0,0
BRDA:275,12,0,32
BRDA:285,13,0,3
BRDA:290,14,0,0
BRDA:295,15,0,0
BRDA:296,16,0,1
BRDA:296,17,0,2
BRDA:298,18,0,0
BRDA:309,19,0,3
BRDA:311,20,0,0
BRDA:339,21,0,2
BRDA:341,22,0,1
BRDA:344,23,0,1
BRDA:70,24,0,23
BRDA:71,25,0,0
BRDA:90,26,0,4
BRDA:102,27,0,23
BRDA:104,28,0,19
BRDA:162,29,0,1
BRDA:163,30,0,0
BRDA:172,31,0,23
BRDA:173,32,0,0
BRDA:174,33,0,0
BRDA:177,34,0,0
BRDA:182,35,0,0
BRDA:200,36,0,1
BRDA:234,37,0,10
BRDA:245,38,0,160
BRDA:249,39,0,40
BRDA:249,40,0,120
BRDA:248,41,0,8
BRDA:314,42,0,9
BRDA:318,43,0,0
BRDA:320,44,0,5
BRDA:321,45,0,4
BRDA:325,46,0,0
BRDA:327,47,0,5
BRDA:328,48,0,4
BRDA:346,49,0,1
BRF:50
BRH:34
end_of_record
TN:
SF:src/components/EditorArea.tsx
FN:7,getLanguageFromPath
FN:29,EditorArea
FN:48,syncCursorFromEditor
FN:56,applyPendingCursor
FN:69,saveTab
FN:80,handler
FN:197,onClick
FN:207,onClick
FN:217,onClick
FN:237,onMount
FN:246,onChange
FNF:11
FNH:6
FNDA:0,getLanguageFromPath
FNDA:31,EditorArea
FNDA:24,syncCursorFromEditor
FNDA:0,applyPendingCursor
FNDA:2,saveTab
FNDA:1,handler
FNDA:0,onClick
FNDA:1,onClick
FNDA:1,onClick
FNDA:0,onMount
FNDA:0,onChange
DA:1,1
DA:7,0
DA:8,0
DA:9,0
DA:10,0
DA:11,0
DA:12,0
DA:13,0
DA:14,0
DA:15,0
DA:16,0
DA:17,0
DA:18,0
DA:19,0
DA:20,0
DA:21,0
DA:22,0
DA:23,0
DA:24,0
DA:25,0
DA:26,0
DA:27,0
DA:29,1
DA:30,31
DA:31,31
DA:32,31
DA:33,31
DA:34,31
DA:35,31
DA:36,31
DA:37,31
DA:38,31
DA:39,31
DA:40,31
DA:41,31
DA:42,31
DA:43,31
DA:44,31
DA:46,31
DA:48,31
DA:49,24
DA:50,24
DA:51,24
DA:52,24
DA:53,0
DA:54,24
DA:56,31
DA:57,0
DA:58,0
DA:59,0
DA:61,0
DA:62,0
DA:63,0
DA:64,0
DA:65,0
DA:66,0
DA:67,0
DA:69,31
DA:70,2
DA:71,2
DA:72,2
DA:73,2
DA:74,0
DA:75,0
DA:76,2
DA:79,31
DA:80,24
DA:81,1
DA:82,1
DA:83,1
DA:84,1
DA:85,1
DA:86,1
DA:87,1
DA:88,24
DA:89,24
DA:90,31
DA:92,31
DA:93,24
DA:94,0
DA:95,0
DA:96,0
DA:97,24
DA:98,31
DA:101,31
DA:102,24
DA:103,24
DA:104,24
DA:106,0
DA:108,0
DA:109,0
DA:110,0
DA:111,0
DA:112,0
DA:113,0
DA:114,0
DA:115,0
DA:116,0
DA:117,0
DA:118,0
DA:119,0
DA:120,0
DA:121,0
DA:122,0
DA:123,0
DA:124,0
DA:125,0
DA:126,0
DA:127,0
DA:128,0
DA:130,0
DA:131,0
DA:132,0
DA:133,0
DA:134,0
DA:135,0
DA:136,0
DA:137,0
DA:138,0
DA:139,0
DA:141,0
DA:142,0
DA:143,31
DA:145,31
DA:146,8
DA:147,8
DA:148,8
DA:149,8
DA:150,8
DA:151,8
DA:154,8
DA:155,8
DA:156,8
DA:157,8
DA:158,8
DA:159,8
DA:160,8
DA:161,8
DA:162,8
DA:163,8
DA:164,48
DA:165,48
DA:166,48
DA:168,48
DA:169,48
DA:170,48
DA:171,48
DA:172,8
DA:173,8
DA:174,8
DA:175,8
DA:176,8
DA:177,8
DA:178,8
DA:179,8
DA:180,8
DA:181,8
DA:183,8
DA:185,23
DA:186,23
DA:188,23
DA:189,23
DA:190,24
DA:191,24
DA:192,24
DA:193,24
DA:194,23
DA:195,1
DA:196,24
DA:197,24
DA:199,24
DA:200,24
DA:201,24
DA:202,24
DA:203,24
DA:204,9
DA:205,9
DA:206,9
DA:207,9
DA:208,1
DA:209,1
DA:210,1
DA:211,9
DA:213,9
DA:215,24
DA:216,24
DA:217,24
DA:218,1
DA:219,1
DA:220,1
DA:221,24
DA:222,24
DA:224,24
DA:225,24
DA:226,23
DA:227,23
DA:230,23
DA:231,23
DA:232,23
DA:233,23
DA:234,23
DA:235,23
DA:236,23
DA:237,23
DA:238,0
DA:239,0
DA:240,0
DA:241,0
DA:242,0
DA:243,0
DA:244,0
DA:245,0
DA:246,23
DA:247,0
DA:248,0
DA:249,0
DA:250,0
DA:251,23
DA:252,23
DA:253,23
DA:254,23
DA:255,23
DA:256,23
DA:257,23
DA:258,23
DA:259,23
DA:260,23
DA:261,23
DA:262,23
DA:263,23
DA:264,23
DA:265,23
DA:266,23
DA:267,23
DA:269,31
DA:271,31
LF:236
LH:153
BRDA:29,0,0,31
BRDA:145,1,0,8
BRDA:183,2,0,23
BRDA:234,3,0,0
BRDA:259,4,0,0
BRDA:46,5,0,23
BRDA:48,6,0,24
BRDA:49,7,0,0
BRDA:52,8,0,0
BRDA:69,9,0,2
BRDA:73,10,0,0
BRDA:79,11,0,24
BRDA:80,12,0,1
BRDA:81,13,0,0
BRDA:89,14,0,24
BRDA:92,15,0,24
BRDA:93,16,0,16
BRDA:93,17,0,0
BRDA:101,18,0,24
BRDA:102,19,0,0
BRDA:104,20,0,0
BRDA:163,21,0,48
BRDA:189,22,0,24
BRDA:193,23,0,23
BRDA:194,24,0,1
BRDA:200,25,0,14
BRDA:200,26,0,10
BRDA:200,27,0,0
BRDA:203,28,0,9
BRDA:215,29,0,9
BRDA:207,30,0,1
BRDA:217,31,0,1
BRF:32
BRH:22
end_of_record
TN:
SF:src/components/RightSidePanel.tsx
FN:16,RightSidePanel
FNF:1
FNH:1
FNDA:18,RightSidePanel
DA:1,1
DA:8,1
DA:9,1
DA:10,1
DA:11,1
DA:12,1
DA:13,1
DA:14,1
DA:16,1
DA:17,18
DA:18,18
DA:20,18
DA:21,18
DA:22,18
DA:23,18
DA:25,18
DA:26,18
DA:28,18
LF:18
LH:18
BRDA:16,0,0,18
BRDA:25,1,0,0
BRF:2
BRH:1
end_of_record
TN:
SF:src/components/RightSidebar.tsx
FN:11,RightSidebar
FN:23,onClick
FNF:2
FNH:2
FNDA:20,RightSidebar
FNDA:2,onClick
DA:1,1
DA:3,1
DA:4,1
DA:5,1
DA:6,1
DA:7,1
DA:8,1
DA:9,1
DA:11,1
DA:12,20
DA:13,20
DA:15,20
DA:16,20
DA:17,20
DA:18,20
DA:20,20
DA:21,100
DA:22,100
DA:23,100
DA:24,2
DA:25,1
DA:26,1
DA:27,1
DA:28,1
DA:29,2
DA:30,100
DA:31,100
DA:32,100
DA:34,100
DA:35,100
DA:36,20
DA:37,20
DA:39,20
LF:33
LH:33
BRDA:11,0,0,20
BRDA:20,1,0,100
BRDA:30,2,0,20
BRDA:30,3,0,19
BRDA:30,4,0,81
BRDA:23,5,0,2
BRDA:24,6,0,1
BRDA:24,7,0,1
BRF:8
BRH:8
end_of_record
TN:
SF:src/components/SidePanel.tsx
FN:28,SidePanel
FNF:1
FNH:1
FNDA:27,SidePanel
DA:1,1
DA:14,1
DA:15,1
DA:16,1
DA:17,1
DA:18,1
DA:19,1
DA:20,1
DA:21,1
DA:22,1
DA:23,1
DA:24,1
DA:25,1
DA:26,1
DA:28,1
DA:29,27
DA:30,27
DA:32,27
DA:33,27
DA:34,27
DA:35,27
DA:37,27
LF:22
LH:22
BRDA:28,0,0,27
BRDA:34,1,0,0
BRF:2
BRH:1
end_of_record
TN:
SF:src/components/Sidebar.tsx
FN:17,Sidebar
FN:25,onClick
FNF:2
FNH:2
FNDA:20,Sidebar
FNDA:2,onClick
DA:1,1
DA:3,1
DA:4,1
DA:5,1
DA:6,1
DA:7,1
DA:8,1
DA:9,1
DA:10,1
DA:11,1
DA:12,1
DA:13,1
DA:14,1
DA:15,1
DA:17,1
DA:18,20
DA:20,20
DA:21,20
DA:22,20
DA:23,220
DA:24,220
DA:25,220
DA:26,2
DA:27,1
DA:28,1
DA:29,1
DA:30,1
DA:31,2
DA:32,220
DA:33,220
DA:35,220
DA:36,220
DA:37,20
DA:38,20
DA:40,20
LF:35
LH:35
BRDA:17,0,0,20
BRDA:22,1,0,220
BRDA:32,2,0,20
BRDA:32,3,0,17
BRDA:32,4,0,203
BRDA:25,5,0,2
BRDA:26,6,0,1
BRDA:26,7,0,1
BRF:8
BRH:8
end_of_record
TN:
SF:src/components/StatusBar.tsx
FN:5,StatusBar
FN:37,loadRalphState
FN:85,onClick
FNF:3
FNH:2
FNDA:25,StatusBar
FNDA:24,loadRalphState
FNDA:0,onClick
DA:1,1
DA:5,1
DA:6,25
DA:7,25
DA:8,25
DA:9,25
DA:10,25
DA:11,25
DA:12,25
DA:13,25
DA:14,25
DA:15,25
DA:16,25
DA:17,25
DA:18,25
DA:19,25
DA:21,25
DA:22,25
DA:23,25
DA:24,25
DA:25,10
DA:26,15
DA:27,1
DA:28,14
DA:29,1
DA:30,13
DA:31,0
DA:32,13
DA:34,25
DA:35,24
DA:37,24
DA:38,24
DA:39,24
DA:40,24
DA:41,0
DA:42,0
DA:43,24
DA:44,0
DA:45,0
DA:46,0
DA:47,0
DA:48,24
DA:50,24
DA:51,24
DA:52,24
DA:53,24
DA:54,24
DA:55,24
DA:56,25
DA:58,25
DA:59,25
DA:60,0
DA:61,0
DA:62,0
DA:63,0
DA:64,0
DA:66,25
DA:67,25
DA:69,25
DA:70,25
DA:71,25
DA:72,25
DA:73,25
DA:75,25
DA:76,2
DA:79,25
DA:80,25
DA:81,25
DA:83,25
DA:84,25
DA:85,25
DA:86,25
DA:87,25
DA:88,3
DA:89,22
DA:90,25
DA:91,25
DA:92,25
DA:93,3
DA:94,22
DA:97,25
DA:98,25
DA:100,25
DA:101,0
DA:102,0
DA:103,0
DA:104,0
DA:105,0
DA:106,0
DA:107,0
DA:108,0
DA:109,0
DA:110,0
DA:111,0
DA:112,0
DA:115,0
DA:116,0
DA:118,25
DA:121,25
DA:124,25
DA:125,25
DA:126,12
DA:127,12
DA:128,12
DA:129,12
DA:130,12
DA:131,12
DA:133,25
DA:134,25
DA:135,25
DA:137,25
LF:111
LH:85
BRDA:5,0,0,25
BRDA:22,1,0,12
BRDA:22,2,0,13
BRDA:24,3,0,10
BRDA:25,4,0,15
BRDA:26,5,0,1
BRDA:27,6,0,14
BRDA:28,7,0,1
BRDA:29,8,0,13
BRDA:30,9,0,0
BRDA:59,10,0,0
BRDA:71,11,0,2
BRDA:71,12,0,23
BRDA:72,13,0,2
BRDA:72,14,0,23
BRDA:75,15,0,2
BRDA:80,16,0,24
BRDA:80,17,0,1
BRDA:87,18,0,3
BRDA:88,19,0,22
BRDA:92,20,0,3
BRDA:93,21,0,22
BRDA:97,22,0,3
BRDA:97,23,0,0
BRDA:97,24,0,22
BRDA:100,25,0,0
BRDA:125,26,0,12
BRDA:21,27,0,12
BRDA:34,28,0,24
BRDA:37,29,0,24
BRDA:39,30,0,10
BRDA:40,31,0,0
BRDA:43,32,0,0
BRDA:52,33,0,24
BRF:34
BRH:28
end_of_record
TN:
SF:src/components/TitleBar.tsx
FN:3,TitleBar
FN:6,handleMenuClick
FN:42,onClick
FN:43,onClick
FN:44,onClick
FN:45,onClick
FN:46,onClick
FN:47,onClick
FN:48,onClick
FNF:9
FNH:1
FNDA:19,TitleBar
FNDA:0,handleMenuClick
FNDA:0,onClick
FNDA:0,onClick
FNDA:0,onClick
FNDA:0,onClick
FNDA:0,onClick
FNDA:0,onClick
FNDA:0,onClick
DA:1,1
DA:3,1
DA:4,19
DA:6,19
DA:7,0
DA:8,0
DA:9,0
DA:10,0
DA:11,0
DA:12,0
DA:13,0
DA:14,0
DA:15,0
DA:16,0
DA:17,0
DA:18,0
DA:19,0
DA:20,0
DA:21,0
DA:22,0
DA:23,0
DA:24,0
DA:25,0
DA:26,0
DA:27,0
DA:29,19
DA:30,19
DA:31,19
DA:33,19
DA:34,19
DA:36,19
DA:37,19
DA:38,19
DA:41,19
DA:42,19
DA:43,19
DA:44,19
DA:45,19
DA:46,19
DA:47,19
DA:48,19
DA:49,19
DA:52,19
DA:54,19
DA:57,19
DA:58,19
DA:59,19
DA:60,19
DA:61,19
DA:62,19
DA:64,19
LF:51
LH:30
BRDA:3,0,0,19
BRF:1
BRH:1
end_of_record
TN:
SF:src/components/panels/AgentsPanel.tsx
FN:22,getLanguageFromPath
FN:35,buildRalphRepairTemplate
FN:56,buildRalphRepairDiff
FN:82,toAgentRun
FN:120,AgentsPanel
FN:154,loadRuns
FN:178,loadRalphState
FN:204,handleUpdateProfile
FN:208,getMatchingPresetId
FN:213,handleApplyPreset
FN:224,openRalphEditor
FN:250,handleRepairRalphTask
FN:287,handleStartRun
FN:367,handleCancelRun
FN:399,onClick
FN:406,onClick
FN:413,onClick
FN:437,onClick
FN:444,onClick
FN:467,onChange
FN:480,onChange
FN:493,onChange
FN:516,onChange
FN:520,onChange
FN:525,onClick
FN:535,onChange
FN:546,onChange
FN:561,onChange
FN:576,onChange
FN:589,onChange
FN:598,onChange
FN:618,onChange
FN:626,onClick
FN:633,onClick
FN:641,onClick
FN:649,onClick
FNF:36
FNH:12
FNDA:1,getLanguageFromPath
FNDA:1,buildRalphRepairTemplate
FNDA:1,buildRalphRepairDiff
FNDA:0,toAgentRun
FNDA:28,AgentsPanel
FNDA:16,loadRuns
FNDA:17,loadRalphState
FNDA:0,handleUpdateProfile
FNDA:4,getMatchingPresetId
FNDA:0,handleApplyPreset
FNDA:1,openRalphEditor
FNDA:1,handleRepairRalphTask
FNDA:0,handleStartRun
FNDA:0,handleCancelRun
FNDA:0,onClick
FNDA:0,onClick
FNDA:0,onClick
FNDA:0,onClick
FNDA:1,onClick
FNDA:1,onChange
FNDA:1,onChange
FNDA:0,onChange
FNDA:0,onChange
FNDA:0,onChange
FNDA:0,onClick
FNDA:0,onChange
FNDA:0,onChange
FNDA:0,onChange
FNDA:0,onChange
FNDA:0,onChange
FNDA:0,onChange
FNDA:0,onChange
FNDA:0,onClick
FNDA:0,onClick
FNDA:0,onClick
FNDA:0,onClick
DA:1,1
DA:22,1
DA:23,1
DA:24,1
DA:25,1
DA:26,1
DA:27,1
DA:28,1
DA:29,1
DA:30,1
DA:31,1
DA:32,1
DA:33,1
DA:35,1
DA:36,1
DA:37,1
DA:38,0
DA:39,0
DA:41,1
DA:42,1
DA:43,1
DA:44,1
DA:45,1
DA:46,1
DA:47,1
DA:48,1
DA:49,1
DA:50,1
DA:51,1
DA:52,1
DA:53,1
DA:54,1
DA:56,1
DA:57,1
DA:58,1
DA:59,1
DA:60,1
DA:62,1
DA:63,11
DA:64,11
DA:65,11
DA:66,4
DA:67,4
DA:68,11
DA:69,2
DA:70,2
DA:71,11
DA:72,6
DA:73,6
DA:74,11
DA:75,0
DA:76,0
DA:77,11
DA:79,1
DA:80,1
DA:82,0
DA:83,0
DA:84,0
DA:85,0
DA:86,0
DA:87,0
DA:88,0
DA:89,0
DA:90,0
DA:91,0
DA:92,0
DA:93,0
DA:94,0
DA:95,0
DA:96,0
DA:97,0
DA:98,0
DA:99,0
DA:100,0
DA:101,0
DA:102,0
DA:103,0
DA:104,0
DA:105,0
DA:106,0
DA:107,0
DA:108,0
DA:109,0
DA:110,0
DA:111,0
DA:112,0
DA:113,0
DA:114,0
DA:115,0
DA:116,0
DA:118,1
DA:120,1
DA:121,28
DA:122,28
DA:123,28
DA:124,28
DA:125,28
DA:126,28
DA:127,28
DA:128,28
DA:129,28
DA:130,28
DA:131,28
DA:132,28
DA:133,28
DA:134,28
DA:135,28
DA:136,28
DA:138,28
DA:139,28
DA:140,28
DA:141,28
DA:142,28
DA:143,28
DA:144,28
DA:146,28
DA:147,28
DA:148,28
DA:149,28
DA:151,28
DA:152,16
DA:154,16
DA:155,16
DA:156,16
DA:157,16
DA:158,2
DA:159,2
DA:160,16
DA:161,0
DA:162,0
DA:163,0
DA:164,0
DA:165,16
DA:167,16
DA:168,16
DA:169,16
DA:170,16
DA:171,16
DA:172,16
DA:173,28
DA:175,28
DA:176,17
DA:178,17
DA:179,17
DA:180,13
DA:181,13
DA:182,13
DA:183,13
DA:184,13
DA:186,4
DA:187,4
DA:188,17
DA:189,3
DA:190,3
DA:191,17
DA:192,0
DA:193,0
DA:194,0
DA:195,0
DA:196,17
DA:198,17
DA:199,17
DA:200,17
DA:201,17
DA:202,28
DA:204,28
DA:205,0
DA:206,0
DA:208,28
DA:209,4
DA:210,4
DA:211,4
DA:213,28
DA:214,0
DA:215,0
DA:216,0
DA:217,0
DA:218,0
DA:219,0
DA:220,0
DA:221,0
DA:222,0
DA:224,28
DA:225,1
DA:226,1
DA:227,0
DA:228,1
DA:229,1
DA:230,1
DA:231,1
DA:232,1
DA:233,1
DA:234,1
DA:235,1
DA:236,1
DA:237,1
DA:238,1
DA:239,1
DA:240,1
DA:241,0
DA:242,0
DA:243,1
DA:244,1
DA:245,0
DA:246,0
DA:247,0
DA:248,1
DA:250,28
DA:251,1
DA:252,1
DA:253,0
DA:254,1
DA:256,1
DA:257,1
DA:259,1
DA:260,1
DA:261,1
DA:262,1
DA:263,1
DA:264,1
DA:265,1
DA:266,1
DA:267,1
DA:268,1
DA:269,1
DA:270,1
DA:271,0
DA:272,0
DA:273,0
DA:274,1
DA:275,1
DA:277,1
DA:278,1
DA:279,1
DA:280,1
DA:281,1
DA:282,1
DA:283,0
DA:284,0
DA:285,1
DA:287,28
DA:288,0
DA:289,0
DA:290,0
DA:293,0
DA:294,0
DA:295,0
DA:296,0
DA:297,0
DA:298,0
DA:299,0
DA:300,0
DA:302,0
DA:303,0
DA:304,0
DA:305,0
DA:306,0
DA:307,0
DA:308,0
DA:309,0
DA:310,0
DA:311,0
DA:312,0
DA:313,0
DA:314,0
DA:315,0
DA:316,0
DA:317,0
DA:318,0
DA:319,0
DA:320,0
DA:321,0
DA:322,0
DA:323,0
DA:324,0
DA:325,0
DA:326,0
DA:327,0
DA:328,0
DA:329,0
DA:331,0
DA:332,0
DA:333,0
DA:334,0
DA:335,0
DA:336,0
DA:337,0
DA:338,0
DA:339,0
DA:340,0
DA:341,0
DA:342,0
DA:343,0
DA:344,0
DA:345,0
DA:346,0
DA:347,0
DA:348,0
DA:349,0
DA:350,0
DA:351,0
DA:352,0
DA:353,0
DA:354,0
DA:355,0
DA:356,0
DA:357,0
DA:358,0
DA:359,0
DA:360,0
DA:361,0
DA:362,0
DA:363,0
DA:364,0
DA:365,0
DA:367,28
DA:368,0
DA:369,0
DA:370,0
DA:371,0
DA:372,0
DA:373,0
DA:374,0
DA:375,0
DA:376,0
DA:378,28
DA:379,28
DA:380,28
DA:381,28
DA:382,28
DA:383,28
DA:384,28
DA:385,28
DA:387,28
DA:388,28
DA:389,28
DA:390,7
DA:392,7
DA:393,7
DA:394,7
DA:396,7
DA:397,7
DA:398,7
DA:399,7
DA:400,7
DA:401,7
DA:403,7
DA:404,7
DA:405,7
DA:406,7
DA:407,7
DA:408,7
DA:410,7
DA:411,7
DA:412,7
DA:413,7
DA:414,7
DA:415,7
DA:417,7
DA:418,7
DA:419,7
DA:420,4
DA:421,4
DA:422,0
DA:423,4
DA:424,2
DA:425,2
DA:426,2
DA:427,2
DA:428,2
DA:430,2
DA:432,2
DA:433,2
DA:434,2
DA:435,2
DA:436,2
DA:437,2
DA:438,2
DA:439,2
DA:441,2
DA:442,2
DA:443,2
DA:444,2
DA:445,2
DA:446,2
DA:448,2
DA:449,2
DA:450,2
DA:451,2
DA:452,5
DA:453,2
DA:454,2
DA:455,2
DA:457,4
DA:459,7
DA:461,28
DA:462,28
DA:464,28
DA:465,28
DA:466,28
DA:467,28
DA:468,28
DA:469,28
DA:470,28
DA:471,28
DA:472,28
DA:474,28
DA:475,28
DA:477,28
DA:478,28
DA:479,28
DA:480,28
DA:481,28
DA:482,28
DA:483,28
DA:484,28
DA:485,28
DA:487,28
DA:488,28
DA:490,28
DA:491,28
DA:492,28
DA:493,28
DA:494,28
DA:496,28
DA:497,28
DA:498,28
DA:499,28
DA:500,28
DA:502,28
DA:503,28
DA:504,28
DA:505,28
DA:507,28
DA:508,28
DA:510,28
DA:511,4
DA:512,4
DA:513,4
DA:514,4
DA:515,4
DA:516,4
DA:517,4
DA:518,4
DA:519,4
DA:520,4
DA:521,4
DA:522,4
DA:523,4
DA:524,4
DA:525,4
DA:526,4
DA:527,4
DA:528,4
DA:530,4
DA:531,4
DA:533,4
DA:534,4
DA:535,4
DA:536,4
DA:537,4
DA:538,4
DA:540,4
DA:541,4
DA:543,4
DA:544,4
DA:545,4
DA:546,4
DA:547,4
DA:549,4
DA:550,4
DA:551,56
DA:552,56
DA:553,56
DA:554,4
DA:555,4
DA:556,4
DA:558,4
DA:559,4
DA:560,4
DA:561,4
DA:562,0
DA:564,4
DA:566,4
DA:567,16
DA:568,16
DA:569,16
DA:570,4
DA:571,4
DA:573,4
DA:574,0
DA:575,0
DA:576,0
DA:577,0
DA:579,0
DA:580,0
DA:581,0
DA:582,0
DA:583,0
DA:584,0
DA:585,0
DA:587,4
DA:588,4
DA:589,4
DA:590,4
DA:591,4
DA:592,4
DA:594,4
DA:596,4
DA:597,4
DA:598,4
DA:599,4
DA:600,4
DA:601,4
DA:602,4
DA:603,4
DA:604,28
DA:605,28
DA:607,28
DA:608,7
DA:609,7
DA:610,7
DA:612,7
DA:613,7
DA:614,7
DA:615,7
DA:616,7
DA:617,7
DA:618,7
DA:619,0
DA:621,7
DA:622,7
DA:623,7
DA:624,7
DA:625,7
DA:626,7
DA:627,7
DA:628,7
DA:630,7
DA:631,7
DA:632,7
DA:633,7
DA:634,7
DA:635,7
DA:637,7
DA:638,7
DA:639,7
DA:640,7
DA:641,7
DA:642,7
DA:643,7
DA:645,7
DA:646,7
DA:647,7
DA:649,21
DA:650,21
DA:651,21
DA:654,28
DA:655,1
DA:656,1
DA:657,1
DA:660,28
DA:661,28
DA:662,28
DA:663,28
DA:665,0
DA:666,0
DA:667,0
DA:668,0
DA:669,0
DA:670,0
DA:671,0
DA:672,0
DA:674,0
DA:675,0
DA:676,0
DA:677,0
DA:678,0
DA:679,0
DA:681,0
DA:682,0
DA:683,0
DA:684,0
DA:685,0
DA:686,0
DA:687,0
DA:688,0
DA:689,0
DA:691,0
DA:693,0
DA:695,0
DA:696,0
DA:697,0
DA:698,0
DA:701,0
DA:702,0
DA:703,0
DA:704,0
DA:705,0
DA:706,0
DA:707,0
DA:709,0
DA:712,0
DA:713,0
DA:714,0
DA:715,0
DA:716,0
DA:717,0
DA:718,0
DA:719,0
DA:720,0
DA:721,0
DA:722,0
DA:723,0
DA:724,0
DA:726,0
DA:727,0
DA:728,0
DA:730,0
DA:731,0
DA:732,0
DA:733,0
DA:734,0
DA:735,0
DA:736,0
DA:738,0
DA:739,0
DA:741,28
DA:742,28
DA:743,28
DA:745,28
LF:631
LH:402
BRDA:22,0,0,1
BRDA:32,1,0,0
BRDA:32,2,0,0
BRDA:35,3,0,1
BRDA:37,4,0,0
BRDA:38,5,0,0
BRDA:56,6,0,1
BRDA:62,7,0,11
BRDA:63,8,0,6
BRDA:64,9,0,0
BRDA:65,10,0,4
BRDA:67,11,0,7
BRDA:68,12,0,2
BRDA:70,13,0,7
BRDA:71,14,0,6
BRDA:73,15,0,7
BRDA:74,16,0,0
BRDA:79,17,0,0
BRDA:120,18,0,28
BRDA:389,19,0,7
BRDA:393,20,0,0
BRDA:419,21,0,4
BRDA:421,22,0,0
BRDA:423,23,0,2
BRDA:430,24,0,2
BRDA:607,25,0,7
BRDA:630,26,0,0
BRDA:637,27,0,0
BRDA:645,28,0,0
BRDA:647,29,0,21
BRDA:650,30,0,0
BRDA:654,31,0,1
BRDA:663,32,0,0
BRDA:147,33,0,18
BRDA:151,34,0,16
BRDA:154,35,0,16
BRDA:157,36,0,2
BRDA:160,37,0,0
BRDA:169,38,0,16
BRDA:175,39,0,17
BRDA:178,40,0,17
BRDA:179,41,0,13
BRDA:184,42,0,4
BRDA:188,43,0,3
BRDA:191,44,0,0
BRDA:199,45,0,17
BRDA:208,46,0,4
BRDA:211,47,0,0
BRDA:210,48,0,4
BRDA:224,49,0,1
BRDA:226,50,0,0
BRDA:233,51,0,0
BRDA:240,52,0,0
BRDA:244,53,0,0
BRDA:250,54,0,1
BRDA:252,55,0,0
BRDA:257,56,0,0
BRDA:270,57,0,0
BRDA:282,58,0,0
BRDA:383,59,0,4
BRDA:444,60,0,1
BRDA:451,61,0,5
BRDA:467,62,0,1
BRDA:480,63,0,1
BRDA:510,64,0,4
BRDA:573,65,0,0
BRDA:550,66,0,56
BRDA:566,67,0,16
BRF:68
BRH:42
end_of_record
TN:
SF:src/components/panels/AiChatPanel.tsx
FN:5,AiChatPanel
FN:30,simulateTextStream
FN:57,handleSend
FN:176,handleStop
FN:206,onClick
FN:218,onChange
FN:229,onChange
FN:247,onChange
FN:281,onClick
FN:326,onChange
FN:327,onKeyDown
FNF:11
FNH:1
FNDA:6,AiChatPanel
FNDA:0,simulateTextStream
FNDA:0,handleSend
FNDA:0,handleStop
FNDA:0,onClick
FNDA:0,onChange
FNDA:0,onChange
FNDA:0,onChange
FNDA:0,onClick
FNDA:0,onChange
FNDA:0,onKeyDown
DA:1,1
DA:5,1
DA:6,6
DA:7,6
DA:8,6
DA:9,6
DA:10,6
DA:11,6
DA:12,6
DA:13,6
DA:14,6
DA:15,6
DA:16,6
DA:17,6
DA:18,6
DA:19,6
DA:20,6
DA:21,6
DA:22,6
DA:23,6
DA:24,6
DA:25,6
DA:26,6
DA:27,6
DA:30,6
DA:31,0
DA:32,0
DA:33,0
DA:34,0
DA:35,0
DA:36,0
DA:37,6
DA:38,6
DA:39,6
DA:40,6
DA:41,6
DA:43,6
DA:44,6
DA:45,6
DA:47,6
DA:48,6
DA:49,6
DA:50,6
DA:52,0
DA:53,0
DA:54,0
DA:55,6
DA:57,6
DA:58,0
DA:60,0
DA:61,0
DA:62,0
DA:63,0
DA:64,0
DA:65,0
DA:66,0
DA:67,0
DA:68,0
DA:69,0
DA:70,0
DA:71,0
DA:73,0
DA:74,0
DA:75,0
DA:76,0
DA:77,0
DA:78,0
DA:80,0
DA:81,0
DA:82,0
DA:83,0
DA:84,0
DA:85,0
DA:86,0
DA:87,0
DA:88,0
DA:89,0
DA:90,0
DA:91,0
DA:92,0
DA:94,0
DA:95,0
DA:96,0
DA:97,0
DA:98,0
DA:99,0
DA:100,0
DA:101,0
DA:104,0
DA:105,0
DA:106,0
DA:107,0
DA:108,0
DA:109,0
DA:110,0
DA:111,0
DA:113,0
DA:114,0
DA:115,0
DA:117,0
DA:118,0
DA:119,0
DA:120,0
DA:121,0
DA:122,0
DA:123,0
DA:124,0
DA:126,0
DA:127,0
DA:128,0
DA:129,0
DA:130,0
DA:131,0
DA:132,0
DA:133,0
DA:134,0
DA:135,0
DA:136,0
DA:137,0
DA:138,0
DA:139,0
DA:140,0
DA:141,0
DA:142,0
DA:143,0
DA:144,0
DA:145,0
DA:146,0
DA:147,0
DA:148,0
DA:149,0
DA:150,0
DA:151,0
DA:152,0
DA:153,0
DA:154,0
DA:155,0
DA:156,0
DA:157,0
DA:158,0
DA:159,0
DA:160,0
DA:161,0
DA:162,0
DA:163,0
DA:164,0
DA:165,0
DA:166,0
DA:167,0
DA:168,0
DA:169,0
DA:170,0
DA:171,0
DA:172,0
DA:173,0
DA:174,0
DA:176,6
DA:177,0
DA:178,0
DA:180,6
DA:181,6
DA:182,6
DA:183,6
DA:184,6
DA:185,6
DA:186,6
DA:187,6
DA:188,6
DA:189,6
DA:190,6
DA:191,6
DA:193,6
DA:194,6
DA:195,6
DA:198,6
DA:199,6
DA:200,6
DA:201,6
DA:202,6
DA:203,6
DA:204,18
DA:205,18
DA:206,18
DA:207,18
DA:209,18
DA:210,18
DA:211,6
DA:212,6
DA:215,6
DA:216,6
DA:217,6
DA:218,6
DA:219,6
DA:221,6
DA:222,6
DA:223,6
DA:224,6
DA:225,6
DA:226,6
DA:227,6
DA:228,6
DA:229,6
DA:230,6
DA:232,6
DA:233,0
DA:234,0
DA:235,0
DA:236,0
DA:237,0
DA:239,6
DA:241,6
DA:243,6
DA:244,0
DA:245,0
DA:246,0
DA:247,0
DA:248,0
DA:249,0
DA:250,0
DA:252,6
DA:254,6
DA:255,0
DA:256,0
DA:257,0
DA:258,0
DA:259,0
DA:261,0
DA:265,6
DA:266,6
DA:267,5
DA:268,5
DA:269,5
DA:270,5
DA:271,5
DA:272,5
DA:273,5
DA:274,5
DA:275,5
DA:276,5
DA:277,5
DA:278,15
DA:279,15
DA:280,15
DA:281,15
DA:282,15
DA:283,15
DA:284,15
DA:285,15
DA:286,5
DA:287,5
DA:288,5
DA:291,6
DA:292,2
DA:293,2
DA:294,2
DA:296,2
DA:297,2
DA:298,2
DA:299,1
DA:300,1
DA:301,2
DA:303,2
DA:304,0
DA:306,2
DA:307,2
DA:308,2
DA:309,6
DA:311,6
DA:312,0
DA:313,0
DA:315,0
DA:316,0
DA:318,6
DA:321,6
DA:322,6
DA:323,6
DA:324,6
DA:325,6
DA:326,6
DA:327,6
DA:328,6
DA:329,6
DA:330,0
DA:331,6
DA:332,0
DA:333,6
DA:335,6
DA:336,6
DA:337,6
DA:338,6
DA:339,6
DA:340,6
DA:341,6
DA:343,6
DA:344,6
DA:345,6
DA:346,6
DA:347,6
DA:349,6
LF:299
LH:155
BRDA:5,0,0,6
BRDA:41,1,0,0
BRDA:190,2,0,0
BRDA:232,3,0,0
BRDA:243,4,0,0
BRDA:254,5,0,0
BRDA:266,6,0,5
BRDA:311,7,0,0
BRDA:329,8,0,0
BRDA:331,9,0,0
BRDA:339,10,0,0
BRDA:343,11,0,0
BRDA:43,12,0,6
BRDA:47,13,0,6
BRDA:50,14,0,0
BRDA:203,15,0,18
BRDA:207,16,0,6
BRDA:207,17,0,12
BRDA:277,18,0,15
BRDA:291,19,0,2
BRDA:294,20,0,1
BRDA:294,21,0,1
BRDA:298,22,0,1
BRDA:299,23,0,1
BRDA:303,24,0,0
BRDA:306,25,0,0
BRF:26
BRH:13
end_of_record
TN:
SF:src/components/panels/BoltChatPanel.tsx
FN:25,BoltChatPanel
FN:54,simulateTextStream
FN:62,buildContextPrefix
FN:67,handleSend
FN:160,handleStop
FN:164,handleKeyDown
FN:186,onClick
FN:223,onClick
FN:284,onChange
FN:292,onClick
FNF:10
FNH:1
FNDA:22,BoltChatPanel
FNDA:0,simulateTextStream
FNDA:0,buildContextPrefix
FNDA:0,handleSend
FNDA:0,handleStop
FNDA:0,handleKeyDown
FNDA:0,onClick
FNDA:0,onClick
FNDA:0,onChange
FNDA:0,onClick
DA:1,1
DA:5,1
DA:16,1
DA:17,1
DA:18,1
DA:19,1
DA:20,1
DA:21,1
DA:22,1
DA:23,1
DA:25,1
DA:26,22
DA:27,22
DA:28,22
DA:29,22
DA:30,22
DA:31,22
DA:32,22
DA:33,22
DA:34,22
DA:35,22
DA:36,22
DA:37,22
DA:38,22
DA:39,22
DA:41,22
DA:42,22
DA:43,22
DA:44,22
DA:45,22
DA:46,22
DA:47,22
DA:49,22
DA:50,14
DA:51,22
DA:54,22
DA:55,0
DA:56,0
DA:57,0
DA:58,0
DA:59,0
DA:60,0
DA:62,22
DA:63,0
DA:64,0
DA:65,0
DA:67,22
DA:68,0
DA:69,0
DA:71,0
DA:72,0
DA:73,0
DA:74,0
DA:75,0
DA:76,0
DA:77,0
DA:78,0
DA:79,0
DA:81,0
DA:82,0
DA:83,0
DA:84,0
DA:85,0
DA:86,0
DA:87,0
DA:88,0
DA:89,0
DA:91,0
DA:92,0
DA:93,0
DA:94,0
DA:95,0
DA:97,0
DA:98,0
DA:99,0
DA:101,0
DA:102,0
DA:103,0
DA:104,0
DA:105,0
DA:106,0
DA:107,0
DA:108,0
DA:110,0
DA:111,0
DA:112,0
DA:113,0
DA:114,0
DA:115,0
DA:116,0
DA:117,0
DA:118,0
DA:119,0
DA:120,0
DA:121,0
DA:122,0
DA:123,0
DA:124,0
DA:125,0
DA:126,0
DA:127,0
DA:128,0
DA:129,0
DA:130,0
DA:131,0
DA:132,0
DA:133,0
DA:134,0
DA:135,0
DA:136,0
DA:137,0
DA:138,0
DA:139,0
DA:140,0
DA:141,0
DA:142,0
DA:143,0
DA:144,0
DA:145,0
DA:146,0
DA:147,0
DA:148,0
DA:149,0
DA:150,0
DA:151,0
DA:152,0
DA:153,0
DA:154,0
DA:155,0
DA:156,0
DA:157,0
DA:158,0
DA:160,22
DA:161,0
DA:162,0
DA:164,22
DA:165,0
DA:166,0
DA:167,0
DA:168,0
DA:169,0
DA:171,22
DA:172,22
DA:174,22
DA:175,22
DA:176,22
DA:177,22
DA:178,22
DA:179,0
DA:180,0
DA:181,0
DA:183,22
DA:184,22
DA:185,22
DA:186,22
DA:187,22
DA:188,22
DA:189,22
DA:190,0
DA:191,22
DA:192,22
DA:194,22
DA:195,22
DA:196,22
DA:197,22
DA:198,22
DA:199,22
DA:200,22
DA:202,22
DA:203,22
DA:204,22
DA:207,22
DA:208,22
DA:209,21
DA:210,21
DA:211,21
DA:212,21
DA:213,21
DA:215,21
DA:216,21
DA:219,21
DA:220,21
DA:221,126
DA:222,126
DA:223,126
DA:224,126
DA:225,126
DA:227,126
DA:228,126
DA:229,21
DA:230,21
DA:232,21
DA:233,8
DA:234,8
DA:235,8
DA:237,21
DA:239,1
DA:240,2
DA:241,2
DA:242,2
DA:244,2
DA:245,2
DA:246,2
DA:247,1
DA:248,1
DA:249,2
DA:251,2
DA:252,1
DA:253,1
DA:254,1
DA:255,1
DA:256,1
DA:258,2
DA:259,2
DA:260,2
DA:261,2
DA:262,2
DA:263,1
DA:266,22
DA:267,0
DA:268,0
DA:269,0
DA:270,0
DA:271,0
DA:273,0
DA:274,0
DA:276,22
DA:279,22
DA:280,22
DA:281,22
DA:282,22
DA:283,22
DA:284,22
DA:285,22
DA:286,22
DA:287,22
DA:288,22
DA:289,22
DA:290,22
DA:291,22
DA:292,22
DA:293,22
DA:294,22
DA:295,22
DA:296,22
DA:298,22
DA:299,22
DA:300,22
DA:301,8
DA:302,8
DA:303,8
DA:305,22
DA:306,22
DA:308,22
LF:254
LH:142
BRDA:25,0,0,22
BRDA:46,1,0,0
BRDA:178,2,0,0
BRDA:189,3,0,0
BRDA:192,4,0,0
BRDA:194,5,0,0
BRDA:208,6,0,21
BRDA:232,7,0,8
BRDA:237,8,0,1
BRDA:266,9,0,0
BRDA:286,10,0,8
BRDA:286,11,0,14
BRDA:300,12,0,8
BRDA:47,13,0,8
BRDA:49,14,0,14
BRDA:220,15,0,126
BRDA:239,16,0,2
BRDA:242,17,0,1
BRDA:242,18,0,1
BRDA:246,19,0,1
BRDA:247,20,0,1
BRDA:251,21,0,1
BRDA:255,22,0,0
BRDA:259,23,0,0
BRF:24
BRH:16
end_of_record
TN:
SF:src/components/panels/CoveragePanel.tsx
FN:14,CoveragePanel
FN:21,generateCoverage
FN:44,CoveragePanel.coverageData.reduce.lines
FN:59,getCoverageColor
FN:65,getCoverageBgColor
FNF:5
FNH:1
FNDA:5,CoveragePanel
FNDA:0,generateCoverage
FNDA:0,CoveragePanel.coverageData.reduce.lines
FNDA:0,getCoverageColor
FNDA:0,getCoverageBgColor
DA:1,1
DA:14,1
DA:15,5
DA:16,5
DA:17,5
DA:19,5
DA:21,5
DA:22,0
DA:24,0
DA:25,0
DA:26,0
DA:27,0
DA:28,0
DA:29,0
DA:30,0
DA:31,0
DA:32,0
DA:33,0
DA:34,0
DA:35,0
DA:36,0
DA:37,0
DA:38,0
DA:39,0
DA:40,0
DA:41,0
DA:43,5
DA:44,5
DA:45,0
DA:46,0
DA:47,0
DA:48,0
DA:49,0
DA:50,0
DA:51,0
DA:52,5
DA:53,5
DA:55,5
DA:56,5
DA:57,5
DA:59,5
DA:60,0
DA:61,0
DA:62,0
DA:63,0
DA:65,5
DA:66,0
DA:67,0
DA:68,0
DA:69,0
DA:70,5
DA:71,5
DA:72,5
DA:73,5
DA:74,5
DA:75,5
DA:77,5
DA:78,5
DA:79,5
DA:80,5
DA:82,5
DA:83,5
DA:85,5
DA:86,0
DA:88,0
DA:89,0
DA:90,0
DA:91,0
DA:92,0
DA:93,0
DA:94,0
DA:95,0
DA:96,0
DA:97,0
DA:98,0
DA:99,0
DA:100,0
DA:101,0
DA:102,0
DA:103,0
DA:104,0
DA:105,0
DA:106,0
DA:107,0
DA:108,0
DA:109,0
DA:110,0
DA:111,0
DA:112,0
DA:113,0
DA:114,0
DA:115,0
DA:116,0
DA:117,0
DA:118,0
DA:119,0
DA:120,0
DA:121,0
DA:122,0
DA:123,0
DA:124,0
DA:125,0
DA:126,0
DA:127,0
DA:128,0
DA:129,0
DA:130,0
DA:131,0
DA:132,0
DA:133,0
DA:134,0
DA:137,0
DA:138,0
DA:139,0
DA:140,0
DA:141,0
DA:142,0
DA:143,0
DA:144,0
DA:145,0
DA:146,0
DA:147,0
DA:148,0
DA:149,0
DA:150,0
DA:153,5
DA:154,5
DA:155,5
DA:156,5
DA:157,5
DA:158,5
DA:159,5
DA:160,5
DA:162,5
DA:164,5
LF:135
LH:39
BRDA:14,0,0,5
BRDA:55,1,0,0
BRDA:56,2,0,0
BRDA:57,3,0,0
BRDA:74,4,0,1
BRDA:74,5,0,4
BRDA:79,6,0,1
BRDA:82,7,0,0
BRDA:85,8,0,0
BRDA:19,9,0,1
BRF:10
BRH:5
end_of_record
TN:
SF:src/components/panels/ExplorerPanel.tsx
FN:12,getLanguageFromName
FN:34,normalizeRoot
FN:45,resolveWorkspacePath
FN:75,joinWorkspacePath
FN:79,TreeItem
FN:151,ExplorerPanel
FN:169,openFileAtPath
FN:187,refreshTree
FN:210,loadInstalledSkills
FN:234,applyRoot
FN:238,toggleFavoriteRoot
FN:247,togglePinnedFile
FN:269,onClick
FN:293,onChange
FN:294,onKeyDown
FN:307,onClick
FN:316,onClick
FNF:17
FNH:4
FNDA:0,getLanguageFromName
FNDA:22,normalizeRoot
FNDA:0,resolveWorkspacePath
FNDA:0,joinWorkspacePath
FNDA:0,TreeItem
FNDA:22,ExplorerPanel
FNDA:0,openFileAtPath
FNDA:9,refreshTree
FNDA:9,loadInstalledSkills
FNDA:0,applyRoot
FNDA:0,toggleFavoriteRoot
FNDA:0,togglePinnedFile
FNDA:0,onClick
FNDA:0,onChange
FNDA:0,onKeyDown
FNDA:0,onClick
FNDA:0,onClick
DA:1,1
DA:12,0
DA:13,0
DA:14,0
DA:15,0
DA:16,0
DA:17,0
DA:18,0
DA:19,0
DA:20,0
DA:21,0
DA:22,0
DA:23,0
DA:24,0
DA:25,0
DA:26,0
DA:27,0
DA:28,0
DA:29,0
DA:30,0
DA:31,0
DA:32,0
DA:34,22
DA:35,22
DA:36,22
DA:37,0
DA:38,0
DA:40,22
DA:41,22
DA:42,22
DA:43,22
DA:45,0
DA:46,0
DA:47,0
DA:48,0
DA:49,0
DA:50,0
DA:52,0
DA:53,0
DA:54,0
DA:55,0
DA:57,0
DA:58,0
DA:59,0
DA:60,0
DA:61,0
DA:62,0
DA:63,0
DA:64,0
DA:65,0
DA:66,0
DA:67,0
DA:68,0
DA:69,0
DA:70,0
DA:72,0
DA:73,0
DA:75,0
DA:76,0
DA:77,0
DA:79,0
DA:80,0
DA:81,0
DA:82,0
DA:83,0
DA:84,0
DA:85,0
DA:91,0
DA:92,0
DA:93,0
DA:95,0
DA:96,0
DA:97,0
DA:98,0
DA:99,0
DA:101,0
DA:102,0
DA:104,0
DA:105,0
DA:106,0
DA:107,0
DA:108,0
DA:109,0
DA:110,0
DA:111,0
DA:112,0
DA:114,0
DA:115,0
DA:116,0
DA:117,0
DA:118,0
DA:119,0
DA:120,0
DA:121,0
DA:122,0
DA:123,0
DA:124,0
DA:125,0
DA:126,0
DA:127,0
DA:128,0
DA:129,0
DA:131,0
DA:132,0
DA:134,0
DA:135,0
DA:136,0
DA:137,0
DA:138,0
DA:139,0
DA:140,0
DA:141,0
DA:142,0
DA:143,0
DA:144,0
DA:145,0
DA:146,0
DA:147,0
DA:149,0
DA:151,1
DA:152,22
DA:153,22
DA:154,22
DA:155,22
DA:156,22
DA:157,22
DA:158,22
DA:159,22
DA:160,22
DA:161,22
DA:162,22
DA:163,22
DA:164,22
DA:165,22
DA:166,22
DA:167,22
DA:169,22
DA:170,0
DA:171,0
DA:172,0
DA:173,0
DA:174,0
DA:175,0
DA:176,0
DA:177,0
DA:178,0
DA:179,0
DA:180,0
DA:181,0
DA:182,0
DA:183,0
DA:184,0
DA:185,0
DA:187,22
DA:188,9
DA:189,9
DA:190,9
DA:191,1
DA:192,1
DA:193,7
DA:194,0
DA:195,0
DA:196,0
DA:197,7
DA:198,1
DA:199,1
DA:200,9
DA:202,22
DA:203,9
DA:204,9
DA:205,22
DA:207,22
DA:208,9
DA:210,9
DA:211,9
DA:212,9
DA:213,8
DA:214,8
DA:215,8
DA:216,0
DA:217,0
DA:218,0
DA:219,0
DA:220,0
DA:221,0
DA:222,0
DA:223,0
DA:224,0
DA:225,0
DA:226,9
DA:228,9
DA:229,9
DA:230,9
DA:231,9
DA:232,22
DA:234,22
DA:235,0
DA:236,0
DA:238,22
DA:239,0
DA:240,0
DA:241,0
DA:242,0
DA:243,0
DA:244,0
DA:245,0
DA:247,22
DA:248,0
DA:249,0
DA:250,0
DA:251,0
DA:252,0
DA:253,0
DA:255,22
DA:256,22
DA:257,22
DA:258,22
DA:259,22
DA:260,22
DA:261,22
DA:262,22
DA:263,22
DA:265,22
DA:266,22
DA:267,22
DA:268,22
DA:269,22
DA:270,0
DA:271,0
DA:272,0
DA:273,0
DA:275,0
DA:276,0
DA:277,0
DA:278,0
DA:279,0
DA:280,0
DA:281,0
DA:282,0
DA:283,22
DA:285,22
DA:286,22
DA:287,22
DA:289,22
DA:290,22
DA:291,22
DA:292,22
DA:293,22
DA:294,22
DA:295,22
DA:296,22
DA:297,22
DA:298,22
DA:300,22
DA:301,22
DA:303,22
DA:304,22
DA:305,110
DA:306,110
DA:307,110
DA:308,110
DA:309,110
DA:310,110
DA:312,110
DA:313,110
DA:314,110
DA:315,88
DA:316,88
DA:317,88
DA:318,88
DA:319,88
DA:321,88
DA:323,110
DA:324,22
DA:325,22
DA:327,22
DA:328,0
DA:329,0
DA:330,0
DA:331,0
DA:332,0
DA:333,0
DA:334,0
DA:336,0
DA:337,0
DA:338,0
DA:339,0
DA:340,0
DA:341,0
DA:343,0
DA:344,0
DA:345,0
DA:346,0
DA:347,0
DA:348,0
DA:349,0
DA:350,0
DA:351,0
DA:352,0
DA:354,0
DA:356,0
DA:357,0
DA:358,0
DA:359,0
DA:362,22
DA:363,0
DA:364,0
DA:365,0
DA:366,0
DA:367,0
DA:368,0
DA:369,0
DA:371,0
DA:372,0
DA:373,0
DA:374,0
DA:375,0
DA:376,0
DA:377,0
DA:378,0
DA:379,0
DA:380,0
DA:381,0
DA:382,0
DA:383,0
DA:384,0
DA:386,0
DA:387,0
DA:388,0
DA:389,0
DA:390,0
DA:393,22
DA:394,22
DA:395,22
DA:396,22
DA:397,22
DA:399,22
DA:400,22
DA:401,22
DA:402,0
DA:403,0
DA:404,0
DA:405,0
DA:407,0
DA:408,0
DA:409,0
DA:410,0
DA:411,0
DA:412,0
DA:413,0
DA:414,0
DA:415,0
DA:417,22
DA:418,22
DA:420,22
LF:355
LH:121
BRDA:34,0,0,22
BRDA:36,1,0,0
BRDA:42,2,0,0
BRDA:151,3,0,22
BRDA:265,4,0,0
BRDA:327,5,0,0
BRDA:362,6,0,0
BRDA:396,7,0,0
BRDA:401,8,0,0
BRDA:187,9,0,9
BRDA:190,10,0,7
BRDA:190,11,0,1
BRDA:193,12,0,0
BRDA:197,13,0,1
BRDA:202,14,0,9
BRDA:207,15,0,9
BRDA:210,16,0,9
BRDA:212,17,0,8
BRDA:215,18,0,0
BRDA:229,19,0,9
BRDA:304,20,0,110
BRDA:309,21,0,22
BRDA:309,22,0,88
BRDA:314,23,0,88
BRF:24
BRH:15
end_of_record
TN:
SF:src/components/panels/GitIntegrationPanel.tsx
FN:25,GitIntegrationPanel
FN:30,checkHookStatus
FN:40,installPreCommitHook
FNF:3
FNH:2
FNDA:5,GitIntegrationPanel
FNDA:2,checkHookStatus
FNDA:0,installPreCommitHook
DA:1,1
DA:4,1
DA:25,1
DA:26,5
DA:27,5
DA:28,5
DA:30,5
DA:31,2
DA:32,2
DA:33,0
DA:34,2
DA:35,2
DA:36,2
DA:37,2
DA:38,2
DA:40,5
DA:41,0
DA:42,0
DA:43,0
DA:44,0
DA:45,0
DA:46,0
DA:47,0
DA:48,0
DA:49,0
DA:50,0
DA:51,0
DA:52,0
DA:53,0
DA:54,0
DA:55,0
DA:56,0
DA:57,0
DA:58,0
DA:59,0
DA:61,5
DA:62,2
DA:63,5
DA:65,5
DA:66,5
DA:67,5
DA:68,5
DA:69,5
DA:70,5
DA:72,5
DA:73,5
DA:74,5
DA:75,5
DA:76,5
DA:77,5
DA:78,0
DA:79,5
DA:80,3
DA:81,2
DA:82,5
DA:83,5
DA:84,5
DA:85,5
DA:86,5
DA:88,5
DA:89,5
DA:90,5
DA:91,5
DA:92,5
DA:94,5
DA:95,5
DA:96,5
DA:98,5
DA:99,0
DA:100,0
DA:101,0
DA:103,0
DA:104,0
DA:106,5
DA:108,5
DA:109,5
DA:110,5
DA:111,5
DA:112,5
DA:113,5
DA:114,5
DA:115,5
DA:116,5
DA:118,5
LF:84
LH:58
BRDA:25,0,0,5
BRDA:77,1,0,0
BRDA:79,2,0,3
BRDA:80,3,0,2
BRDA:83,4,0,0
BRDA:83,5,0,3
BRDA:83,6,0,2
BRDA:94,7,0,0
BRDA:94,8,0,0
BRDA:98,9,0,0
BRDA:30,10,0,2
BRDA:32,11,0,0
BRDA:34,12,0,0
BRDA:61,13,0,2
BRF:14
BRH:7
end_of_record
TN:
SF:src/components/panels/KnowledgePanel.tsx
FN:13,KnowledgePanel
FN:54,handleSave
FN:86,handleEdit
FN:95,resetForm
FN:110,onClick
FN:123,onClick
FN:129,onClick
FN:142,onClick
FN:149,onClick
FN:155,onClick
FN:197,onChange
FN:205,onClick
FN:217,onClick
FN:241,onClick
FN:271,onChange
FN:285,onClick
FN:300,onChange
FN:313,onChange
FN:329,onClick
FNF:19
FNH:6
FNDA:18,KnowledgePanel
FNDA:1,handleSave
FNDA:0,handleEdit
FNDA:3,resetForm
FNDA:2,onClick
FNDA:0,onClick
FNDA:0,onClick
FNDA:0,onClick
FNDA:0,onClick
FNDA:0,onClick
FNDA:0,onChange
FNDA:0,onClick
FNDA:0,onClick
FNDA:0,onClick
FNDA:1,onChange
FNDA:0,onClick
FNDA:1,onChange
FNDA:0,onChange
FNDA:0,onClick
DA:1,1
DA:5,1
DA:6,1
DA:7,1
DA:8,1
DA:9,1
DA:10,1
DA:11,1
DA:13,1
DA:14,18
DA:15,18
DA:16,18
DA:17,18
DA:18,18
DA:19,18
DA:20,18
DA:23,18
DA:24,7
DA:25,7
DA:26,7
DA:27,18
DA:29,18
DA:30,18
DA:31,18
DA:32,18
DA:35,18
DA:36,18
DA:37,18
DA:38,18
DA:39,18
DA:41,18
DA:42,155
DA:43,155
DA:44,0
DA:45,0
DA:46,0
DA:47,0
DA:48,0
DA:50,0
DA:51,155
DA:52,18
DA:54,18
DA:55,1
DA:57,1
DA:58,1
DA:59,1
DA:60,1
DA:61,1
DA:62,1
DA:63,1
DA:64,0
DA:65,1
DA:66,1
DA:67,1
DA:69,1
DA:70,0
DA:71,1
DA:72,1
DA:73,1
DA:76,1
DA:77,1
DA:78,1
DA:80,0
DA:82,1
DA:83,1
DA:84,1
DA:86,18
DA:87,0
DA:88,0
DA:89,0
DA:90,0
DA:91,0
DA:92,0
DA:93,0
DA:95,18
DA:96,3
DA:97,3
DA:98,3
DA:99,3
DA:100,3
DA:101,3
DA:103,18
DA:105,18
DA:106,18
DA:107,18
DA:108,18
DA:109,18
DA:110,18
DA:111,2
DA:112,2
DA:113,2
DA:114,18
DA:115,18
DA:117,18
DA:118,18
DA:121,18
DA:122,18
DA:123,18
DA:124,18
DA:125,18
DA:126,18
DA:127,18
DA:128,18
DA:129,18
DA:130,18
DA:132,18
DA:133,18
DA:134,18
DA:136,18
DA:137,12
DA:139,0
DA:140,0
DA:141,0
DA:142,0
DA:143,0
DA:144,0
DA:146,0
DA:147,0
DA:148,0
DA:149,0
DA:150,0
DA:151,0
DA:153,0
DA:154,0
DA:155,0
DA:156,0
DA:157,0
DA:158,0
DA:159,0
DA:160,0
DA:161,0
DA:162,0
DA:163,0
DA:165,0
DA:166,0
DA:168,0
DA:169,0
DA:170,0
DA:171,0
DA:172,0
DA:173,0
DA:174,0
DA:175,0
DA:176,0
DA:177,0
DA:178,0
DA:179,0
DA:181,0
DA:182,0
DA:183,0
DA:185,0
DA:186,0
DA:187,0
DA:188,0
DA:189,0
DA:190,0
DA:193,12
DA:195,12
DA:196,12
DA:197,12
DA:198,12
DA:199,12
DA:200,12
DA:203,12
DA:204,12
DA:205,12
DA:206,12
DA:207,12
DA:208,12
DA:209,0
DA:210,12
DA:211,12
DA:213,12
DA:214,12
DA:215,48
DA:216,48
DA:217,48
DA:218,48
DA:219,48
DA:220,0
DA:221,48
DA:222,48
DA:224,48
DA:225,48
DA:226,12
DA:227,12
DA:230,12
DA:231,7
DA:232,7
DA:233,7
DA:234,7
DA:235,7
DA:237,5
DA:238,70
DA:239,70
DA:240,70
DA:241,70
DA:243,70
DA:244,70
DA:245,70
DA:246,70
DA:247,70
DA:248,70
DA:249,70
DA:250,70
DA:251,70
DA:252,5
DA:253,5
DA:254,5
DA:255,70
DA:256,70
DA:257,70
DA:258,5
DA:260,12
DA:264,6
DA:265,6
DA:266,6
DA:268,6
DA:269,6
DA:270,6
DA:271,6
DA:272,6
DA:273,6
DA:274,6
DA:275,6
DA:277,6
DA:278,6
DA:280,6
DA:281,6
DA:282,6
DA:283,24
DA:284,24
DA:285,24
DA:286,24
DA:288,24
DA:289,24
DA:290,6
DA:291,6
DA:292,6
DA:294,6
DA:295,6
DA:297,6
DA:298,6
DA:299,6
DA:300,6
DA:301,6
DA:302,6
DA:303,6
DA:304,6
DA:305,6
DA:307,6
DA:308,6
DA:310,6
DA:311,6
DA:312,6
DA:313,6
DA:314,6
DA:315,6
DA:316,6
DA:317,6
DA:319,6
DA:320,6
DA:321,6
DA:322,6
DA:323,6
DA:325,6
DA:326,6
DA:327,6
DA:328,0
DA:329,0
DA:330,0
DA:331,0
DA:332,0
DA:333,0
DA:334,0
DA:336,0
DA:338,6
DA:339,6
DA:341,18
DA:343,18
LF:280
LH:208
BRDA:13,0,0,18
BRDA:124,1,0,12
BRDA:124,2,0,6
BRDA:130,3,0,6
BRDA:130,4,0,12
BRDA:132,5,0,0
BRDA:136,6,0,12
BRDA:137,7,0,0
BRDA:137,8,0,0
BRDA:208,9,0,0
BRDA:230,10,0,7
BRDA:233,11,0,0
BRDA:235,12,0,5
BRDA:260,13,0,6
BRDA:322,14,0,4
BRDA:325,15,0,0
BRDA:327,16,0,0
BRDA:23,17,0,7
BRDA:25,18,0,7
BRDA:41,19,0,155
BRDA:42,20,0,0
BRDA:42,21,0,0
BRDA:43,22,0,0
BRDA:54,23,0,1
BRDA:55,24,0,0
BRDA:63,25,0,0
BRDA:69,26,0,0
BRDA:78,27,0,0
BRDA:62,28,0,1
BRDA:95,29,0,3
BRDA:103,30,0,155
BRDA:110,31,0,2
BRDA:214,32,0,48
BRDA:219,33,0,0
BRDA:237,34,0,70
BRDA:251,35,0,5
BRDA:271,36,0,1
BRDA:282,37,0,24
BRDA:286,38,0,6
BRDA:286,39,0,18
BRDA:300,40,0,1
BRF:41
BRH:26
end_of_record
TN:
SF:src/components/panels/NotebookPanel.tsx
FN:5,fileToBase64
FN:22,NotebookPanel
FN:52,resetSourceInputs
FN:63,handleFileSelect
FN:94,handleGenerate
FN:190,onClick
FN:196,onClick
FN:213,onClick
FN:233,onChange
FN:245,onChange
FN:269,onClick
FN:282,onClick
FN:309,onChange
FN:321,onChange
FN:336,onChange
FN:357,onClick
FNF:16
FNH:2
FNDA:0,fileToBase64
FNDA:9,NotebookPanel
FNDA:0,resetSourceInputs
FNDA:0,handleFileSelect
FNDA:0,handleGenerate
FNDA:0,onClick
FNDA:0,onClick
FNDA:1,onClick
FNDA:0,onChange
FNDA:0,onChange
FNDA:0,onClick
FNDA:0,onClick
FNDA:0,onChange
FNDA:0,onChange
FNDA:0,onChange
FNDA:0,onClick
DA:1,1
DA:5,0
DA:6,0
DA:7,0
DA:8,0
DA:9,0
DA:10,0
DA:11,0
DA:12,0
DA:13,0
DA:14,0
DA:15,0
DA:16,0
DA:17,0
DA:18,0
DA:19,0
DA:20,0
DA:22,1
DA:23,9
DA:24,9
DA:25,9
DA:26,9
DA:27,9
DA:28,9
DA:30,9
DA:31,9
DA:32,9
DA:33,9
DA:34,9
DA:35,9
DA:36,9
DA:37,9
DA:38,9
DA:39,9
DA:40,9
DA:41,9
DA:42,9
DA:43,9
DA:45,9
DA:46,9
DA:47,8
DA:48,1
DA:49,1
DA:50,0
DA:52,9
DA:53,0
DA:54,0
DA:55,0
DA:56,0
DA:57,0
DA:58,0
DA:59,0
DA:60,0
DA:61,0
DA:63,9
DA:64,0
DA:65,0
DA:66,0
DA:67,0
DA:69,0
DA:70,0
DA:71,0
DA:72,0
DA:73,0
DA:74,0
DA:75,0
DA:77,0
DA:78,0
DA:80,0
DA:81,0
DA:82,0
DA:83,0
DA:84,0
DA:85,0
DA:86,0
DA:87,0
DA:88,0
DA:89,0
DA:90,0
DA:91,0
DA:92,0
DA:94,9
DA:95,0
DA:96,0
DA:97,0
DA:98,0
DA:99,0
DA:101,0
DA:102,0
DA:103,0
DA:104,0
DA:106,0
DA:107,0
DA:108,0
DA:109,0
DA:110,0
DA:111,0
DA:112,0
DA:113,0
DA:114,0
DA:115,0
DA:116,0
DA:117,0
DA:119,0
DA:120,0
DA:121,0
DA:122,0
DA:124,0
DA:125,0
DA:126,0
DA:127,0
DA:128,0
DA:129,0
DA:130,0
DA:131,0
DA:132,0
DA:133,0
DA:135,0
DA:136,0
DA:137,0
DA:138,0
DA:139,0
DA:140,0
DA:142,0
DA:143,0
DA:144,0
DA:145,0
DA:146,0
DA:147,0
DA:148,0
DA:150,0
DA:151,0
DA:152,0
DA:153,0
DA:154,0
DA:155,0
DA:156,0
DA:157,0
DA:158,0
DA:160,0
DA:161,0
DA:162,0
DA:163,0
DA:164,0
DA:165,0
DA:166,0
DA:167,0
DA:168,0
DA:169,0
DA:171,9
DA:173,9
DA:174,6
DA:175,6
DA:176,6
DA:177,9
DA:179,9
DA:180,9
DA:181,9
DA:182,9
DA:183,9
DA:184,9
DA:185,9
DA:186,9
DA:188,9
DA:189,9
DA:190,9
DA:191,9
DA:192,9
DA:194,9
DA:195,9
DA:196,9
DA:197,9
DA:198,9
DA:199,9
DA:200,9
DA:201,9
DA:203,9
DA:204,9
DA:205,9
DA:206,9
DA:208,9
DA:209,9
DA:210,9
DA:211,27
DA:212,27
DA:213,27
DA:214,1
DA:215,1
DA:216,1
DA:217,27
DA:219,27
DA:220,27
DA:221,9
DA:222,9
DA:223,9
DA:225,9
DA:226,8
DA:227,8
DA:229,8
DA:230,8
DA:231,8
DA:232,8
DA:233,8
DA:234,8
DA:235,8
DA:236,8
DA:237,8
DA:238,1
DA:239,1
DA:240,1
DA:242,1
DA:243,1
DA:244,1
DA:245,1
DA:246,1
DA:247,1
DA:248,1
DA:249,1
DA:250,1
DA:252,0
DA:253,0
DA:255,0
DA:256,0
DA:257,0
DA:259,0
DA:260,0
DA:261,0
DA:262,0
DA:263,0
DA:264,0
DA:265,0
DA:266,0
DA:267,0
DA:268,0
DA:269,0
DA:270,0
DA:271,0
DA:273,0
DA:274,0
DA:275,0
DA:276,0
DA:277,0
DA:278,0
DA:279,0
DA:280,0
DA:281,0
DA:282,0
DA:283,0
DA:284,0
DA:285,0
DA:286,0
DA:287,0
DA:288,0
DA:289,0
DA:290,0
DA:291,0
DA:293,0
DA:294,0
DA:295,0
DA:297,0
DA:298,0
DA:301,9
DA:303,9
DA:304,9
DA:306,9
DA:307,9
DA:308,9
DA:309,9
DA:310,9
DA:311,9
DA:312,9
DA:313,9
DA:315,9
DA:316,9
DA:318,9
DA:319,9
DA:320,9
DA:321,9
DA:322,9
DA:324,9
DA:325,9
DA:326,9
DA:327,9
DA:328,9
DA:330,9
DA:331,9
DA:333,9
DA:334,9
DA:335,9
DA:336,9
DA:337,9
DA:339,9
DA:340,9
DA:341,9
DA:342,9
DA:343,9
DA:345,9
DA:346,9
DA:347,9
DA:348,9
DA:350,9
DA:351,9
DA:352,9
DA:353,0
DA:354,0
DA:355,0
DA:356,0
DA:357,0
DA:358,0
DA:359,0
DA:361,0
DA:362,0
DA:363,0
DA:364,0
DA:365,0
DA:367,0
DA:368,0
DA:369,0
DA:370,0
DA:371,0
DA:372,0
DA:374,0
DA:375,0
DA:378,0
DA:379,0
DA:380,0
DA:381,0
DA:383,0
DA:384,0
DA:385,0
DA:386,0
DA:387,0
DA:388,0
DA:389,0
DA:391,0
DA:392,0
DA:393,0
DA:394,0
DA:395,0
DA:397,0
DA:398,0
DA:399,0
DA:400,0
DA:401,0
DA:402,0
DA:403,0
DA:404,0
DA:405,0
DA:406,0
DA:408,0
DA:409,0
DA:410,0
DA:411,0
DA:412,0
DA:413,0
DA:414,0
DA:415,0
DA:417,0
DA:419,9
DA:421,9
LF:360
LH:144
BRDA:22,0,0,9
BRDA:46,1,0,8
BRDA:47,2,0,1
BRDA:49,3,0,0
BRDA:191,4,0,0
BRDA:197,5,0,0
BRDA:225,6,0,8
BRDA:237,7,0,1
BRDA:250,8,0,0
BRDA:301,9,0,0
BRDA:350,10,0,0
BRDA:352,11,0,0
BRDA:171,12,0,8
BRDA:173,13,0,6
BRDA:175,14,0,6
BRDA:210,15,0,27
BRDA:217,16,0,9
BRDA:217,17,0,18
BRDA:219,18,0,9
BRDA:219,19,0,18
BRDA:219,20,0,9
BRDA:219,21,0,9
BRDA:213,22,0,1
BRF:23
BRH:16
end_of_record
TN:
SF:src/components/panels/OutlinePanel.tsx
FN:10,buildOutline
FN:50,OutlinePanel
FN:59,jumpToLine
FN:91,onClick
FNF:4
FNH:2
FNDA:3,buildOutline
FNDA:5,OutlinePanel
FNDA:0,jumpToLine
FNDA:0,onClick
DA:1,1
DA:10,3
DA:11,3
DA:12,3
DA:13,3
DA:14,6
DA:16,6
DA:17,1
DA:18,1
DA:20,6
DA:21,0
DA:22,0
DA:23,0
DA:24,0
DA:25,0
DA:26,0
DA:28,5
DA:29,5
DA:30,3
DA:31,3
DA:32,2
DA:33,2
DA:34,2
DA:36,6
DA:37,1
DA:38,1
DA:40,4
DA:41,4
DA:42,4
DA:43,4
DA:44,4
DA:45,4
DA:46,3
DA:47,3
DA:48,3
DA:50,1
DA:51,5
DA:52,5
DA:54,5
DA:55,5
DA:56,5
DA:57,5
DA:59,5
DA:60,0
DA:61,0
DA:62,0
DA:64,0
DA:65,0
DA:66,0
DA:67,0
DA:68,0
DA:70,5
DA:71,5
DA:72,5
DA:73,5
DA:74,5
DA:76,5
DA:77,5
DA:78,2
DA:79,3
DA:80,1
DA:81,1
DA:82,1
DA:84,1
DA:85,1
DA:87,2
DA:88,2
DA:89,4
DA:90,4
DA:91,4
DA:92,4
DA:94,4
DA:95,4
DA:96,4
DA:97,4
DA:98,4
DA:99,4
DA:100,2
DA:101,2
DA:103,5
DA:104,5
DA:106,5
LF:82
LH:68
BRDA:10,0,0,3
BRDA:13,1,0,6
BRDA:16,2,0,1
BRDA:18,3,0,5
BRDA:20,4,0,0
BRDA:26,5,0,5
BRDA:29,6,0,3
BRDA:30,7,0,3
BRDA:31,8,0,2
BRDA:32,9,0,2
BRDA:33,10,0,2
BRDA:36,11,0,1
BRDA:38,12,0,4
BRDA:50,13,0,5
BRDA:52,14,0,2
BRDA:77,15,0,2
BRDA:78,16,0,3
BRDA:79,17,0,1
BRDA:85,18,0,2
BRDA:52,19,0,3
BRDA:55,20,0,5
BRDA:55,21,0,3
BRDA:55,22,0,2
BRDA:88,23,0,4
BRDA:94,24,0,0
BRDA:95,25,0,0
BRF:26
BRH:23
end_of_record
TN:
SF:src/components/panels/RagPanel.tsx
FN:5,RagPanel
FN:22,handleCrawl
FN:53,handleSearch
FN:78,handleRefreshSources
FN:104,onClick
FN:110,onClick
FN:116,onClick
FN:134,onClick
FN:147,onChange
FN:148,onKeyDown
FN:188,onClick
FN:208,onChange
FN:220,onChange
FNF:13
FNH:3
FNDA:5,RagPanel
FNDA:0,handleCrawl
FNDA:0,handleSearch
FNDA:4,handleRefreshSources
FNDA:0,onClick
FNDA:0,onClick
FNDA:1,onClick
FNDA:0,onClick
FNDA:0,onChange
FNDA:0,onKeyDown
FNDA:0,onClick
FNDA:0,onChange
FNDA:0,onChange
DA:1,1
DA:5,1
DA:6,5
DA:7,5
DA:8,5
DA:9,5
DA:10,5
DA:11,5
DA:12,5
DA:13,5
DA:14,5
DA:16,5
DA:17,5
DA:18,5
DA:19,5
DA:20,5
DA:22,5
DA:23,0
DA:24,0
DA:25,0
DA:26,0
DA:27,0
DA:28,0
DA:29,0
DA:30,0
DA:31,0
DA:32,0
DA:33,0
DA:34,0
DA:35,0
DA:36,0
DA:37,0
DA:38,0
DA:39,0
DA:40,0
DA:41,0
DA:42,0
DA:43,0
DA:44,0
DA:45,0
DA:46,0
DA:47,0
DA:48,0
DA:49,0
DA:50,0
DA:51,0
DA:53,5
DA:54,0
DA:55,0
DA:56,0
DA:57,0
DA:58,0
DA:59,0
DA:60,0
DA:61,0
DA:62,0
DA:63,0
DA:64,0
DA:65,0
DA:66,0
DA:67,0
DA:68,0
DA:69,0
DA:70,0
DA:71,0
DA:72,0
DA:73,0
DA:74,0
DA:75,0
DA:76,0
DA:78,5
DA:79,4
DA:80,4
DA:81,4
DA:82,4
DA:83,0
DA:84,0
DA:85,4
DA:88,5
DA:89,4
DA:90,5
DA:92,5
DA:93,5
DA:94,5
DA:95,5
DA:96,5
DA:98,5
DA:99,5
DA:102,5
DA:103,5
DA:104,5
DA:105,5
DA:106,5
DA:108,5
DA:109,5
DA:110,5
DA:111,5
DA:112,5
DA:114,5
DA:115,5
DA:116,5
DA:117,5
DA:118,5
DA:119,5
DA:120,5
DA:121,5
DA:123,5
DA:124,4
DA:126,4
DA:127,4
DA:129,4
DA:130,4
DA:131,4
DA:132,12
DA:133,12
DA:134,12
DA:135,12
DA:137,12
DA:138,12
DA:139,4
DA:140,4
DA:141,4
DA:144,4
DA:145,4
DA:146,4
DA:147,4
DA:148,4
DA:149,4
DA:150,4
DA:151,4
DA:152,4
DA:153,4
DA:154,4
DA:155,4
DA:157,4
DA:158,4
DA:159,4
DA:162,4
DA:163,4
DA:164,1
DA:165,1
DA:166,1
DA:168,4
DA:169,1
DA:170,1
DA:171,1
DA:173,1
DA:174,1
DA:175,1
DA:176,1
DA:177,1
DA:178,1
DA:179,1
DA:180,1
DA:182,1
DA:183,1
DA:184,1
DA:185,1
DA:186,1
DA:187,1
DA:188,1
DA:190,0
DA:191,0
DA:192,1
DA:194,1
DA:195,1
DA:196,4
DA:197,4
DA:198,4
DA:199,1
DA:200,0
DA:201,0
DA:202,0
DA:204,0
DA:205,0
DA:206,0
DA:207,0
DA:208,0
DA:209,0
DA:210,0
DA:211,0
DA:212,0
DA:214,0
DA:215,0
DA:217,0
DA:218,0
DA:219,0
DA:220,0
DA:221,0
DA:223,0
DA:224,0
DA:225,0
DA:226,0
DA:227,0
DA:229,0
DA:230,0
DA:231,0
DA:232,0
DA:234,0
DA:235,0
DA:237,0
DA:238,0
DA:239,0
DA:240,0
DA:241,0
DA:242,0
DA:243,0
DA:244,0
DA:245,0
DA:246,0
DA:248,1
DA:249,1
DA:250,1
DA:251,1
DA:252,1
DA:253,1
DA:254,1
DA:256,1
DA:257,1
DA:259,1
DA:260,1
DA:261,1
DA:262,1
DA:263,1
DA:264,1
DA:266,0
DA:267,0
DA:268,0
DA:269,0
DA:271,0
DA:272,0
DA:273,0
DA:274,0
DA:275,0
DA:276,0
DA:277,0
DA:278,0
DA:279,0
DA:280,0
DA:282,0
DA:283,0
DA:284,0
DA:285,0
DA:286,0
DA:287,0
DA:288,0
DA:289,0
DA:290,0
DA:291,0
DA:292,0
DA:293,0
DA:295,1
DA:297,5
DA:299,5
LF:254
LH:132
BRDA:5,0,0,5
BRDA:105,1,0,4
BRDA:105,2,0,1
BRDA:111,3,0,0
BRDA:117,4,0,1
BRDA:117,5,0,4
BRDA:123,6,0,4
BRDA:157,7,0,0
BRDA:163,8,0,1
BRDA:198,9,0,1
BRDA:199,10,0,0
BRDA:264,11,0,0
BRDA:78,12,0,4
BRDA:82,13,0,0
BRDA:88,14,0,4
BRDA:116,15,0,1
BRDA:131,16,0,12
BRDA:135,17,0,4
BRDA:135,18,0,8
BRDA:137,19,0,4
BRDA:137,20,0,8
BRDA:137,21,0,4
BRDA:137,22,0,4
BRDA:168,23,0,1
BRF:24
BRH:19
end_of_record
TN:
SF:src/components/panels/RemixPanel.tsx
FN:8,RemixPanel
FN:33,handleCompile
FN:55,handleDeploy
FN:101,onClick
FN:116,onChange
FN:158,onChange
FN:236,onClick
FNF:7
FNH:2
FNDA:11,RemixPanel
FNDA:0,handleCompile
FNDA:0,handleDeploy
FNDA:3,onClick
FNDA:0,onChange
FNDA:0,onChange
FNDA:0,onClick
DA:1,1
DA:5,1
DA:6,1
DA:8,1
DA:9,11
DA:10,11
DA:11,11
DA:12,11
DA:13,11
DA:14,11
DA:15,11
DA:16,11
DA:17,11
DA:18,11
DA:19,11
DA:20,11
DA:21,11
DA:22,11
DA:23,11
DA:26,11
DA:27,6
DA:28,6
DA:29,1
DA:30,1
DA:31,11
DA:33,11
DA:34,0
DA:35,0
DA:36,0
DA:37,0
DA:38,0
DA:39,0
DA:40,0
DA:41,0
DA:42,0
DA:43,0
DA:44,0
DA:45,0
DA:46,0
DA:47,0
DA:48,0
DA:49,0
DA:50,0
DA:51,0
DA:52,0
DA:53,0
DA:55,11
DA:56,0
DA:57,0
DA:58,0
DA:59,0
DA:60,0
DA:61,0
DA:63,0
DA:64,0
DA:65,0
DA:66,0
DA:67,0
DA:68,0
DA:69,0
DA:70,0
DA:71,0
DA:73,0
DA:74,0
DA:75,0
DA:76,0
DA:77,0
DA:78,0
DA:79,0
DA:80,0
DA:81,0
DA:82,0
DA:83,0
DA:84,0
DA:85,0
DA:86,0
DA:87,0
DA:89,11
DA:90,11
DA:91,11
DA:92,11
DA:93,11
DA:94,11
DA:97,11
DA:98,11
DA:99,33
DA:100,33
DA:101,33
DA:102,33
DA:104,33
DA:105,33
DA:106,11
DA:107,11
DA:109,11
DA:110,11
DA:111,9
DA:112,9
DA:113,9
DA:114,9
DA:115,9
DA:116,9
DA:117,9
DA:119,9
DA:120,54
DA:121,9
DA:122,9
DA:123,9
DA:125,9
DA:126,9
DA:127,9
DA:129,9
DA:130,9
DA:131,9
DA:133,9
DA:134,9
DA:136,9
DA:137,9
DA:138,9
DA:139,9
DA:141,9
DA:142,9
DA:144,9
DA:145,0
DA:146,0
DA:147,0
DA:149,9
DA:152,11
DA:153,1
DA:154,1
DA:155,1
DA:156,1
DA:157,1
DA:158,1
DA:159,1
DA:161,1
DA:162,4
DA:163,1
DA:164,1
DA:165,1
DA:167,1
DA:168,1
DA:169,1
DA:170,1
DA:171,1
DA:172,1
DA:173,1
DA:175,1
DA:176,1
DA:177,1
DA:178,1
DA:179,1
DA:180,1
DA:181,1
DA:183,1
DA:184,1
DA:185,1
DA:186,1
DA:188,1
DA:189,1
DA:190,1
DA:191,1
DA:193,1
DA:194,1
DA:196,1
DA:197,0
DA:198,0
DA:199,0
DA:200,0
DA:201,0
DA:202,0
DA:203,0
DA:204,0
DA:205,0
DA:206,0
DA:208,1
DA:211,11
DA:212,1
DA:213,1
DA:214,1
DA:215,1
DA:216,1
DA:217,0
DA:218,0
DA:219,0
DA:220,0
DA:221,0
DA:222,0
DA:223,0
DA:224,0
DA:225,0
DA:227,0
DA:228,0
DA:229,0
DA:230,0
DA:232,1
DA:234,1
DA:235,1
DA:236,1
DA:237,1
DA:238,1
DA:240,1
DA:241,1
DA:243,11
DA:244,11
DA:246,11
LF:205
LH:129
BRDA:8,0,0,11
BRDA:110,1,0,9
BRDA:141,2,0,0
BRDA:144,3,0,0
BRDA:152,4,0,1
BRDA:193,5,0,0
BRDA:196,6,0,0
BRDA:211,7,0,1
BRDA:216,8,0,0
BRDA:26,9,0,6
BRDA:28,10,0,1
BRDA:28,11,0,1
BRDA:27,12,0,1
BRDA:98,13,0,33
BRDA:102,14,0,11
BRDA:102,15,0,22
BRDA:104,16,0,11
BRDA:104,17,0,22
BRDA:104,18,0,11
BRDA:104,19,0,11
BRDA:101,20,0,3
BRDA:119,21,0,54
BRDA:161,22,0,4
BRF:23
BRH:18
end_of_record
TN:
SF:src/components/panels/ResearchPanel.tsx
FN:5,ResearchPanel
FN:18,handleGenerate
FN:124,onClick
FN:130,onClick
FN:145,onChange
FN:186,onClick
FN:215,onClick
FNF:7
FNH:2
FNDA:7,ResearchPanel
FNDA:0,handleGenerate
FNDA:0,onClick
FNDA:1,onClick
FNDA:0,onChange
FNDA:0,onClick
FNDA:0,onClick
DA:1,1
DA:5,1
DA:6,7
DA:7,7
DA:8,7
DA:9,7
DA:10,7
DA:11,7
DA:12,7
DA:14,7
DA:15,7
DA:16,7
DA:18,7
DA:19,0
DA:20,0
DA:22,0
DA:23,0
DA:24,0
DA:25,0
DA:26,0
DA:27,0
DA:28,0
DA:29,0
DA:30,0
DA:31,0
DA:32,0
DA:34,0
DA:35,0
DA:36,0
DA:37,0
DA:38,0
DA:39,0
DA:40,0
DA:41,0
DA:42,0
DA:43,0
DA:44,0
DA:45,0
DA:46,0
DA:47,0
DA:48,0
DA:49,0
DA:50,0
DA:52,0
DA:53,0
DA:54,0
DA:55,0
DA:56,0
DA:57,0
DA:58,0
DA:59,0
DA:60,0
DA:63,0
DA:64,0
DA:65,0
DA:66,0
DA:67,0
DA:68,0
DA:69,0
DA:70,0
DA:72,0
DA:73,0
DA:74,0
DA:75,0
DA:76,0
DA:78,0
DA:79,0
DA:80,0
DA:81,0
DA:82,0
DA:83,0
DA:84,0
DA:85,0
DA:86,0
DA:87,0
DA:88,0
DA:89,0
DA:90,0
DA:91,0
DA:93,7
DA:94,7
DA:95,7
DA:96,7
DA:97,7
DA:98,7
DA:100,7
DA:101,7
DA:102,7
DA:103,7
DA:104,7
DA:105,7
DA:108,7
DA:109,5
DA:110,7
DA:112,7
DA:113,7
DA:114,7
DA:115,7
DA:116,7
DA:117,7
DA:118,7
DA:119,7
DA:122,7
DA:123,7
DA:124,7
DA:125,7
DA:126,7
DA:128,7
DA:129,7
DA:130,7
DA:131,7
DA:132,7
DA:133,7
DA:134,7
DA:135,7
DA:137,7
DA:138,6
DA:139,6
DA:140,6
DA:142,6
DA:143,6
DA:144,6
DA:145,6
DA:146,6
DA:147,6
DA:148,6
DA:149,6
DA:150,6
DA:152,6
DA:153,6
DA:154,6
DA:155,6
DA:156,6
DA:157,6
DA:158,6
DA:159,6
DA:160,6
DA:161,6
DA:163,6
DA:164,6
DA:165,6
DA:166,6
DA:168,6
DA:169,6
DA:172,6
DA:173,6
DA:175,6
DA:176,6
DA:177,6
DA:178,6
DA:179,6
DA:180,6
DA:181,6
DA:182,6
DA:183,6
DA:184,30
DA:185,30
DA:186,30
DA:187,30
DA:188,30
DA:189,30
DA:190,30
DA:191,6
DA:192,6
DA:193,6
DA:194,6
DA:196,1
DA:197,1
DA:198,0
DA:199,0
DA:200,0
DA:201,0
DA:202,0
DA:204,1
DA:205,2
DA:206,2
DA:207,2
DA:209,2
DA:210,2
DA:211,2
DA:212,2
DA:213,2
DA:214,2
DA:215,2
DA:216,0
DA:217,0
DA:218,0
DA:219,2
DA:220,2
DA:222,2
DA:223,2
DA:224,2
DA:225,2
DA:226,2
DA:227,2
DA:228,2
DA:229,2
DA:230,2
DA:231,2
DA:232,1
DA:234,1
DA:236,7
DA:238,7
LF:203
LH:129
BRDA:5,0,0,7
BRDA:125,1,0,6
BRDA:125,2,0,1
BRDA:131,3,0,1
BRDA:131,4,0,6
BRDA:137,5,0,6
BRDA:168,6,0,0
BRDA:194,7,0,1
BRDA:197,8,0,0
BRDA:108,9,0,5
BRDA:109,10,0,5
BRDA:130,11,0,1
BRDA:183,12,0,30
BRDA:204,13,0,2
BRDA:207,14,0,0
BRDA:211,15,0,0
BRDA:225,16,0,0
BRF:17
BRH:12
end_of_record
TN:
SF:src/components/panels/SearchPanel.tsx
FN:21,getLanguageFromName
FN:43,SearchPanel
FN:54,clearResults
FN:60,openFile
FN:78,handleSearch
FN:115,handleModeChange
FN:140,onClick
FN:153,onChange
FNF:8
FNH:6
FNDA:0,getLanguageFromName
FNDA:14,SearchPanel
FNDA:3,clearResults
FNDA:0,openFile
FNDA:2,handleSearch
FNDA:1,handleModeChange
FNDA:1,onClick
FNDA:2,onChange
DA:1,1
DA:21,0
DA:22,0
DA:23,0
DA:24,0
DA:25,0
DA:26,0
DA:27,0
DA:28,0
DA:29,0
DA:30,0
DA:31,0
DA:32,0
DA:33,0
DA:34,0
DA:35,0
DA:36,0
DA:37,0
DA:38,0
DA:39,0
DA:40,0
DA:41,0
DA:43,1
DA:44,14
DA:45,14
DA:46,14
DA:47,14
DA:48,14
DA:49,14
DA:50,14
DA:51,14
DA:52,14
DA:54,14
DA:55,3
DA:56,3
DA:57,3
DA:58,3
DA:60,14
DA:61,0
DA:62,0
DA:63,0
DA:64,0
DA:65,0
DA:66,0
DA:67,0
DA:68,0
DA:69,0
DA:70,0
DA:71,0
DA:72,0
DA:73,0
DA:74,0
DA:75,0
DA:76,0
DA:78,14
DA:79,2
DA:80,2
DA:82,2
DA:83,2
DA:85,2
DA:86,0
DA:87,0
DA:88,0
DA:89,0
DA:90,0
DA:92,2
DA:93,2
DA:95,2
DA:96,2
DA:97,1
DA:98,0
DA:99,1
DA:100,1
DA:101,0
DA:102,0
DA:103,0
DA:104,0
DA:105,0
DA:106,0
DA:107,0
DA:108,2
DA:109,0
DA:110,0
DA:111,0
DA:112,0
DA:113,2
DA:115,14
DA:116,1
DA:117,1
DA:118,1
DA:119,1
DA:120,1
DA:121,1
DA:123,14
DA:124,14
DA:125,11
DA:126,3
DA:127,3
DA:128,0
DA:130,14
DA:131,14
DA:132,14
DA:133,14
DA:134,14
DA:135,14
DA:136,14
DA:137,14
DA:138,42
DA:139,42
DA:140,42
DA:141,42
DA:143,42
DA:144,42
DA:145,14
DA:146,14
DA:148,14
DA:149,14
DA:150,14
DA:151,14
DA:152,14
DA:153,14
DA:154,14
DA:155,14
DA:156,11
DA:157,3
DA:158,3
DA:159,0
DA:161,14
DA:162,14
DA:163,14
DA:164,14
DA:165,14
DA:166,14
DA:167,14
DA:169,14
DA:170,14
DA:171,14
DA:172,14
DA:173,14
DA:174,14
DA:175,14
DA:176,14
DA:178,14
DA:179,14
DA:181,14
DA:182,14
DA:183,6
DA:186,14
DA:187,0
DA:190,14
DA:191,8
DA:193,8
DA:196,14
DA:197,0
DA:198,0
DA:199,0
DA:200,0
DA:201,0
DA:202,0
DA:204,0
DA:205,0
DA:206,0
DA:207,0
DA:208,0
DA:211,14
DA:212,0
DA:213,0
DA:214,0
DA:215,0
DA:216,0
DA:217,0
DA:219,0
DA:220,0
DA:221,0
DA:222,0
DA:223,0
DA:224,0
DA:225,0
DA:226,0
DA:227,0
DA:228,0
DA:231,14
DA:232,0
DA:233,0
DA:234,0
DA:235,0
DA:236,0
DA:238,0
DA:239,0
DA:240,0
DA:241,0
DA:242,0
DA:243,0
DA:245,0
DA:246,0
DA:247,0
DA:248,0
DA:249,0
DA:250,0
DA:252,0
DA:253,0
DA:254,0
DA:256,14
DA:257,14
DA:259,14
LF:205
LH:101
BRDA:43,0,0,14
BRDA:124,1,0,11
BRDA:125,2,0,3
BRDA:127,3,0,0
BRDA:155,4,0,11
BRDA:156,5,0,3
BRDA:158,6,0,0
BRDA:164,7,0,6
BRDA:164,8,0,8
BRDA:170,9,0,11
BRDA:171,10,0,3
BRDA:172,11,0,0
BRDA:178,12,0,0
BRDA:182,13,0,6
BRDA:186,14,0,8
BRDA:186,15,0,0
BRDA:186,16,0,0
BRDA:186,17,0,0
BRDA:190,18,0,8
BRDA:190,19,0,8
BRDA:196,20,0,8
BRDA:196,21,0,6
BRDA:196,22,0,0
BRDA:211,23,0,8
BRDA:211,24,0,2
BRDA:211,25,0,0
BRDA:231,26,0,8
BRDA:231,27,0,0
BRDA:231,28,0,0
BRDA:54,29,0,3
BRDA:78,30,0,2
BRDA:85,31,0,0
BRDA:96,32,0,1
BRDA:97,33,0,0
BRDA:100,34,0,0
BRDA:108,35,0,0
BRDA:115,36,0,1
BRDA:137,37,0,42
BRDA:141,38,0,14
BRDA:141,39,0,28
BRDA:143,40,0,14
BRDA:143,41,0,28
BRDA:143,42,0,14
BRDA:143,43,0,14
BRDA:140,44,0,1
BRDA:153,45,0,2
BRF:46
BRH:31
end_of_record
TN:
SF:src/components/panels/SettingsPanel.tsx
FN:14,SettingsPanel
FN:84,loadMcpServers
FN:103,handleSaveMcpServer
FN:150,handleTestMcpServer
FN:159,handleListMcpTools
FN:175,handleDeleteMcpServer
FN:190,handleRunMcpTool
FN:227,handleTestConnection
FN:272,onClick
FN:292,onChange
FN:306,onChange
FN:354,onChange
FN:372,onChange
FN:393,onChange
FN:403,onChange
FN:422,onChange
FN:431,onChange
FN:451,onChange
FN:460,onChange
FN:474,onChange
FN:483,onChange
FN:574,onChange
FN:591,onClick
FN:604,onChange
FN:629,onChange
FN:772,onChange
FN:773,onKeyDown
FN:782,onClick
FN:788,onClick
FN:799,onClick
FN:810,onClick
FN:868,onChange
FN:878,onChange
FN:888,onChange
FN:948,SettingGroup
FN:959,SettingToggle
FN:973,toggle
FN:1000,formatBytes
FNF:38
FNH:6
FNDA:21,SettingsPanel
FNDA:0,loadMcpServers
FNDA:0,handleSaveMcpServer
FNDA:0,handleTestMcpServer
FNDA:0,handleListMcpTools
FNDA:0,handleDeleteMcpServer
FNDA:0,handleRunMcpTool
FNDA:1,handleTestConnection
FNDA:4,onClick
FNDA:0,onChange
FNDA:0,onChange
FNDA:0,onChange
FNDA:0,onChange
FNDA:0,onChange
FNDA:0,onChange
FNDA:0,onChange
FNDA:0,onChange
FNDA:0,onChange
FNDA:0,onChange
FNDA:0,onChange
FNDA:0,onChange
FNDA:0,onChange
FNDA:0,onClick
FNDA:0,onChange
FNDA:0,onChange
FNDA:0,onChange
FNDA:0,onKeyDown
FNDA:0,onClick
FNDA:0,onClick
FNDA:0,onClick
FNDA:0,onClick
FNDA:0,onChange
FNDA:0,onChange
FNDA:0,onChange
FNDA:71,SettingGroup
FNDA:66,SettingToggle
FNDA:0,toggle
FNDA:15,formatBytes
DA:1,1
DA:14,1
DA:15,21
DA:16,21
DA:17,21
DA:18,21
DA:19,21
DA:20,21
DA:21,21
DA:22,21
DA:23,21
DA:24,21
DA:25,21
DA:26,21
DA:27,21
DA:28,21
DA:29,21
DA:30,21
DA:31,21
DA:32,21
DA:33,21
DA:34,21
DA:35,21
DA:36,21
DA:37,21
DA:38,21
DA:39,21
DA:40,21
DA:41,21
DA:42,21
DA:43,21
DA:44,21
DA:45,21
DA:46,21
DA:48,21
DA:49,21
DA:50,21
DA:51,21
DA:52,21
DA:53,21
DA:54,21
DA:55,21
DA:56,21
DA:57,21
DA:58,21
DA:59,21
DA:60,21
DA:61,21
DA:62,21
DA:63,21
DA:64,21
DA:65,21
DA:66,21
DA:67,21
DA:68,21
DA:69,21
DA:70,21
DA:72,21
DA:73,10
DA:74,21
DA:76,21
DA:77,14
DA:78,14
DA:79,14
DA:81,0
DA:82,21
DA:84,21
DA:85,0
DA:86,0
DA:87,0
DA:88,0
DA:89,0
DA:90,0
DA:91,0
DA:92,0
DA:93,0
DA:94,0
DA:95,0
DA:96,0
DA:97,0
DA:98,0
DA:99,0
DA:100,0
DA:101,0
DA:103,21
DA:104,0
DA:105,0
DA:106,0
DA:107,0
DA:108,0
DA:109,0
DA:110,0
DA:111,0
DA:112,0
DA:113,0
DA:114,0
DA:115,0
DA:117,0
DA:118,0
DA:119,0
DA:120,0
DA:121,0
DA:122,0
DA:123,0
DA:124,0
DA:125,0
DA:126,0
DA:127,0
DA:128,0
DA:129,0
DA:130,0
DA:131,0
DA:132,0
DA:133,0
DA:134,0
DA:135,0
DA:136,0
DA:137,0
DA:138,0
DA:139,0
DA:140,0
DA:141,0
DA:142,0
DA:143,0
DA:144,0
DA:145,0
DA:146,0
DA:147,0
DA:148,0
DA:150,21
DA:151,0
DA:152,0
DA:153,0
DA:154,0
DA:155,0
DA:156,0
DA:157,0
DA:159,21
DA:160,0
DA:161,0
DA:162,0
DA:163,0
DA:164,0
DA:165,0
DA:166,0
DA:167,0
DA:168,0
DA:169,0
DA:170,0
DA:171,0
DA:172,0
DA:173,0
DA:175,21
DA:176,0
DA:177,0
DA:178,0
DA:179,0
DA:180,0
DA:181,0
DA:182,0
DA:183,0
DA:184,0
DA:185,0
DA:186,0
DA:187,0
DA:188,0
DA:190,21
DA:191,0
DA:192,0
DA:193,0
DA:194,0
DA:195,0
DA:196,0
DA:197,0
DA:198,0
DA:200,0
DA:201,0
DA:202,0
DA:203,0
DA:204,0
DA:205,0
DA:206,0
DA:207,0
DA:208,0
DA:209,0
DA:210,0
DA:212,0
DA:213,0
DA:214,0
DA:215,0
DA:216,0
DA:217,0
DA:218,0
DA:219,0
DA:220,0
DA:221,0
DA:222,0
DA:223,0
DA:224,0
DA:225,0
DA:227,21
DA:228,1
DA:229,1
DA:230,1
DA:231,1
DA:232,1
DA:233,1
DA:234,15
DA:235,15
DA:236,15
DA:237,1
DA:238,1
DA:239,1
DA:240,1
DA:241,1
DA:242,0
DA:243,0
DA:244,1
DA:245,0
DA:246,1
DA:247,1
DA:248,1
DA:249,1
DA:251,21
DA:252,21
DA:254,21
DA:255,21
DA:256,21
DA:257,21
DA:258,21
DA:261,21
DA:262,21
DA:263,21
DA:264,21
DA:265,21
DA:266,21
DA:267,21
DA:268,21
DA:269,21
DA:270,126
DA:271,126
DA:272,126
DA:273,126
DA:275,126
DA:276,126
DA:277,21
DA:278,21
DA:280,21
DA:281,21
DA:282,13
DA:284,13
DA:285,13
DA:286,13
DA:287,13
DA:288,13
DA:289,13
DA:290,13
DA:291,13
DA:292,13
DA:293,13
DA:294,13
DA:295,13
DA:296,13
DA:297,13
DA:298,13
DA:299,13
DA:300,13
DA:303,13
DA:304,13
DA:305,13
DA:306,13
DA:307,13
DA:309,13
DA:310,2
DA:311,16
DA:312,16
DA:313,16
DA:314,2
DA:316,11
DA:318,13
DA:319,13
DA:322,13
DA:323,13
DA:324,11
DA:326,11
DA:328,2
DA:329,2
DA:330,16
DA:331,16
DA:332,16
DA:334,16
DA:335,16
DA:336,16
DA:337,2
DA:338,2
DA:340,13
DA:343,13
DA:344,13
DA:345,13
DA:346,13
DA:347,13
DA:348,13
DA:351,13
DA:352,13
DA:353,13
DA:354,13
DA:355,0
DA:356,0
DA:358,0
DA:359,0
DA:360,13
DA:362,13
DA:363,13
DA:364,13
DA:365,13
DA:366,13
DA:367,13
DA:368,13
DA:369,13
DA:370,13
DA:371,13
DA:372,13
DA:373,0
DA:374,0
DA:375,0
DA:376,0
DA:377,13
DA:378,13
DA:379,13
DA:380,13
DA:381,13
DA:382,13
DA:385,21
DA:386,0
DA:387,0
DA:388,0
DA:389,0
DA:390,0
DA:391,0
DA:392,0
DA:393,0
DA:394,0
DA:395,0
DA:396,0
DA:397,0
DA:399,0
DA:400,0
DA:401,0
DA:402,0
DA:403,0
DA:404,0
DA:405,0
DA:406,0
DA:407,0
DA:409,0
DA:411,0
DA:412,0
DA:413,0
DA:414,0
DA:416,0
DA:417,0
DA:418,0
DA:419,0
DA:420,0
DA:421,0
DA:422,0
DA:423,0
DA:424,0
DA:425,0
DA:426,0
DA:427,0
DA:428,0
DA:429,0
DA:430,0
DA:431,0
DA:432,0
DA:433,0
DA:434,0
DA:435,0
DA:436,0
DA:437,0
DA:438,0
DA:439,0
DA:440,0
DA:441,0
DA:442,0
DA:443,0
DA:444,0
DA:446,0
DA:447,0
DA:448,0
DA:449,0
DA:450,0
DA:451,0
DA:452,0
DA:453,0
DA:454,0
DA:455,0
DA:456,0
DA:457,0
DA:458,0
DA:459,0
DA:460,0
DA:461,0
DA:462,0
DA:463,0
DA:464,0
DA:466,0
DA:467,0
DA:468,0
DA:469,0
DA:470,0
DA:471,0
DA:472,0
DA:473,0
DA:474,0
DA:475,0
DA:476,0
DA:477,0
DA:478,0
DA:479,0
DA:480,0
DA:481,0
DA:482,0
DA:483,0
DA:484,0
DA:485,0
DA:486,0
DA:487,0
DA:488,0
DA:489,0
DA:490,0
DA:491,0
DA:492,0
DA:493,0
DA:494,0
DA:495,0
DA:496,0
DA:499,0
DA:500,0
DA:501,0
DA:502,0
DA:504,0
DA:505,0
DA:506,0
DA:507,0
DA:509,0
DA:510,0
DA:511,0
DA:513,0
DA:515,0
DA:516,0
DA:517,0
DA:518,0
DA:519,0
DA:520,0
DA:521,0
DA:522,0
DA:523,0
DA:524,0
DA:525,0
DA:526,0
DA:527,0
DA:528,0
DA:530,0
DA:531,0
DA:533,0
DA:534,0
DA:536,0
DA:537,0
DA:539,0
DA:540,0
DA:542,0
DA:543,0
DA:544,0
DA:545,0
DA:546,0
DA:547,0
DA:548,0
DA:550,0
DA:551,0
DA:552,0
DA:553,0
DA:554,0
DA:555,0
DA:556,0
DA:559,0
DA:560,0
DA:562,0
DA:563,0
DA:564,0
DA:566,0
DA:568,0
DA:569,0
DA:570,0
DA:571,0
DA:572,0
DA:573,0
DA:574,0
DA:575,0
DA:576,0
DA:577,0
DA:578,0
DA:579,0
DA:580,0
DA:581,0
DA:582,0
DA:584,0
DA:585,0
DA:586,0
DA:587,0
DA:588,0
DA:589,0
DA:590,0
DA:591,0
DA:592,0
DA:593,0
DA:594,0
DA:596,0
DA:597,0
DA:598,0
DA:600,0
DA:601,0
DA:602,0
DA:603,0
DA:604,0
DA:605,0
DA:606,0
DA:608,0
DA:609,0
DA:610,0
DA:611,0
DA:613,0
DA:614,0
DA:615,0
DA:616,0
DA:617,0
DA:619,0
DA:620,0
DA:621,0
DA:623,0
DA:625,0
DA:626,0
DA:627,0
DA:628,0
DA:629,0
DA:630,0
DA:631,0
DA:632,0
DA:633,0
DA:634,0
DA:635,0
DA:636,0
DA:638,0
DA:639,0
DA:640,0
DA:641,0
DA:642,0
DA:644,0
DA:646,0
DA:647,0
DA:648,0
DA:649,0
DA:651,0
DA:652,0
DA:654,0
DA:655,0
DA:656,0
DA:657,0
DA:659,0
DA:661,0
DA:662,0
DA:665,21
DA:666,2
DA:667,2
DA:668,2
DA:669,2
DA:670,2
DA:671,2
DA:672,2
DA:673,2
DA:674,2
DA:675,2
DA:676,2
DA:677,2
DA:678,2
DA:679,2
DA:680,2
DA:681,2
DA:682,2
DA:683,2
DA:684,2
DA:685,2
DA:686,2
DA:688,2
DA:689,2
DA:690,2
DA:691,2
DA:692,2
DA:693,2
DA:694,2
DA:695,2
DA:697,2
DA:698,2
DA:699,2
DA:700,2
DA:701,2
DA:702,2
DA:705,21
DA:706,2
DA:707,2
DA:708,2
DA:709,2
DA:710,2
DA:711,2
DA:712,2
DA:713,2
DA:714,2
DA:715,2
DA:716,2
DA:717,2
DA:718,2
DA:720,2
DA:721,2
DA:722,2
DA:723,2
DA:724,2
DA:725,2
DA:726,2
DA:727,2
DA:728,2
DA:729,2
DA:730,2
DA:731,2
DA:732,2
DA:733,2
DA:734,2
DA:735,2
DA:736,2
DA:737,2
DA:738,2
DA:739,2
DA:740,2
DA:741,2
DA:742,2
DA:743,2
DA:744,2
DA:745,2
DA:747,2
DA:748,2
DA:749,2
DA:750,2
DA:751,2
DA:752,2
DA:753,2
DA:754,2
DA:755,2
DA:756,2
DA:757,2
DA:758,2
DA:759,2
DA:760,2
DA:761,2
DA:762,2
DA:763,2
DA:766,21
DA:767,2
DA:768,2
DA:769,2
DA:770,2
DA:771,2
DA:772,2
DA:773,2
DA:774,0
DA:775,0
DA:776,0
DA:777,0
DA:778,2
DA:779,2
DA:780,2
DA:781,2
DA:782,2
DA:783,2
DA:784,2
DA:786,2
DA:787,2
DA:788,2
DA:789,2
DA:790,2
DA:791,2
DA:793,2
DA:794,2
DA:795,2
DA:796,2
DA:797,10
DA:798,10
DA:799,10
DA:800,10
DA:801,10
DA:802,2
DA:803,8
DA:804,10
DA:806,10
DA:807,10
DA:808,10
DA:809,8
DA:810,8
DA:811,8
DA:812,8
DA:814,8
DA:816,10
DA:817,2
DA:818,2
DA:819,2
DA:821,2
DA:822,2
DA:823,2
DA:824,2
DA:825,2
DA:826,2
DA:827,2
DA:828,2
DA:829,2
DA:830,2
DA:831,2
DA:832,2
DA:833,2
DA:834,2
DA:835,2
DA:836,2
DA:837,2
DA:838,2
DA:839,2
DA:840,2
DA:842,2
DA:843,2
DA:844,2
DA:845,2
DA:846,2
DA:847,2
DA:848,2
DA:849,2
DA:850,2
DA:851,2
DA:852,2
DA:853,2
DA:854,2
DA:855,2
DA:856,2
DA:858,2
DA:859,2
DA:860,2
DA:861,2
DA:862,2
DA:863,2
DA:864,2
DA:865,2
DA:866,2
DA:867,2
DA:868,2
DA:869,2
DA:870,2
DA:871,2
DA:872,2
DA:873,2
DA:874,2
DA:875,2
DA:876,2
DA:877,2
DA:878,2
DA:879,2
DA:880,2
DA:881,2
DA:882,2
DA:883,2
DA:884,2
DA:885,2
DA:886,2
DA:887,2
DA:888,2
DA:889,2
DA:890,2
DA:891,2
DA:892,2
DA:893,2
DA:894,2
DA:895,2
DA:896,2
DA:897,2
DA:899,2
DA:900,2
DA:902,2
DA:903,2
DA:904,2
DA:905,2
DA:906,2
DA:907,2
DA:910,21
DA:911,2
DA:912,2
DA:913,2
DA:914,2
DA:915,2
DA:916,2
DA:918,2
DA:919,2
DA:920,2
DA:921,2
DA:922,2
DA:923,2
DA:924,2
DA:925,2
DA:926,2
DA:927,2
DA:928,2
DA:929,2
DA:930,2
DA:931,2
DA:933,2
DA:934,2
DA:935,2
DA:936,2
DA:937,2
DA:938,2
DA:939,2
DA:940,2
DA:942,21
DA:943,21
DA:945,21
DA:948,71
DA:949,71
DA:950,71
DA:951,71
DA:952,71
DA:953,71
DA:954,71
DA:955,71
DA:957,71
DA:959,66
DA:960,66
DA:961,66
DA:962,66
DA:963,66
DA:964,66
DA:969,66
DA:970,66
DA:971,66
DA:973,66
DA:974,0
DA:975,0
DA:976,0
DA:977,0
DA:978,0
DA:979,0
DA:981,66
DA:982,66
DA:983,66
DA:984,66
DA:985,66
DA:986,66
DA:987,66
DA:989,66
DA:990,66
DA:991,66
DA:992,66
DA:993,66
DA:994,66
DA:995,66
DA:996,66
DA:998,66
DA:1000,15
DA:1001,15
DA:1002,15
DA:1003,15
DA:1004,15
DA:1005,15
DA:1006,15
LF:877
LH:488
BRDA:14,0,0,21
BRDA:251,1,0,0
BRDA:281,2,0,13
BRDA:286,3,0,2
BRDA:286,4,0,11
BRDA:287,5,0,2
BRDA:287,6,0,11
BRDA:297,7,0,2
BRDA:297,8,0,11
BRDA:309,9,0,2
BRDA:314,10,0,11
BRDA:323,11,0,11
BRDA:326,12,0,2
BRDA:385,13,0,0
BRDA:665,14,0,2
BRDA:705,15,0,2
BRDA:766,16,0,2
BRDA:910,17,0,2
BRDA:72,18,0,10
BRDA:76,19,0,14
BRDA:79,20,0,0
BRDA:227,21,0,1
BRDA:233,22,0,0
BRDA:241,23,0,0
BRDA:244,24,0,0
BRDA:233,25,0,15
BRDA:269,26,0,126
BRDA:273,27,0,21
BRDA:273,28,0,105
BRDA:272,29,0,4
BRDA:310,30,0,16
BRDA:329,31,0,16
BRDA:796,32,0,10
BRDA:801,33,0,2
BRDA:802,34,0,8
BRDA:808,35,0,8
BRDA:948,36,0,71
BRDA:959,37,0,66
BRDA:970,38,0,34
BRDA:971,39,0,63
BRDA:985,40,0,32
BRDA:985,41,0,34
BRDA:991,42,0,32
BRDA:991,43,0,34
BRDA:1000,44,0,15
BRDA:1001,45,0,0
BRF:46
BRH:39
end_of_record
TN:
SF:src/components/panels/SkillsPanel.tsx
FN:205,formatCategoryLabel
FN:209,formatStatusLabel
FN:215,statusBadgeClasses
FN:221,executionLabel
FN:228,getLanguageFromPath
FN:241,getSkillLabel
FN:245,SkillsPanel
FN:264,loadSkills
FN:273,handleSelectSkill
FN:280,handleExecute
FN:322,openSkillAsset
FN:388,onClick
FN:394,onClick
FN:406,onClick
FN:493,onClick
FN:504,onClick
FN:513,onClick
FN:593,onClick
FNF:18
FNH:3
FNDA:0,formatCategoryLabel
FNDA:0,formatStatusLabel
FNDA:0,statusBadgeClasses
FNDA:0,executionLabel
FNDA:0,getLanguageFromPath
FNDA:0,getSkillLabel
FNDA:6,SkillsPanel
FNDA:4,loadSkills
FNDA:0,handleSelectSkill
FNDA:0,handleExecute
FNDA:0,openSkillAsset
FNDA:0,onClick
FNDA:1,onClick
FNDA:0,onClick
FNDA:0,onClick
FNDA:0,onClick
FNDA:0,onClick
FNDA:0,onClick
DA:1,1
DA:14,1
DA:15,1
DA:16,1
DA:17,1
DA:18,1
DA:19,1
DA:20,1
DA:21,1
DA:22,1
DA:23,1
DA:24,1
DA:25,1
DA:26,1
DA:28,1
DA:29,1
DA:30,1
DA:31,1
DA:32,1
DA:33,1
DA:34,1
DA:35,1
DA:36,1
DA:37,1
DA:38,1
DA:39,1
DA:40,1
DA:41,1
DA:42,1
DA:43,1
DA:44,1
DA:45,1
DA:46,1
DA:47,1
DA:48,1
DA:49,1
DA:50,1
DA:51,1
DA:52,1
DA:53,1
DA:54,1
DA:55,1
DA:56,1
DA:57,1
DA:58,1
DA:59,1
DA:60,1
DA:61,1
DA:62,1
DA:63,1
DA:64,1
DA:65,1
DA:66,1
DA:67,1
DA:68,1
DA:69,1
DA:70,1
DA:71,1
DA:72,1
DA:73,1
DA:74,1
DA:75,1
DA:76,1
DA:77,1
DA:78,1
DA:79,1
DA:80,1
DA:81,1
DA:82,1
DA:83,1
DA:84,1
DA:85,1
DA:86,1
DA:87,1
DA:88,1
DA:89,1
DA:90,1
DA:91,1
DA:92,1
DA:93,1
DA:94,1
DA:95,1
DA:96,1
DA:97,1
DA:98,1
DA:99,1
DA:100,1
DA:101,1
DA:102,1
DA:103,1
DA:104,1
DA:105,1
DA:106,1
DA:107,1
DA:108,1
DA:109,1
DA:110,1
DA:111,1
DA:112,1
DA:113,1
DA:114,1
DA:115,1
DA:116,1
DA:117,1
DA:118,1
DA:119,1
DA:120,1
DA:121,1
DA:122,1
DA:123,1
DA:124,1
DA:125,1
DA:126,1
DA:127,1
DA:128,1
DA:129,1
DA:130,1
DA:131,1
DA:132,1
DA:133,1
DA:134,1
DA:135,1
DA:136,1
DA:137,1
DA:138,1
DA:139,1
DA:140,1
DA:141,1
DA:142,1
DA:143,1
DA:144,1
DA:145,1
DA:146,1
DA:147,1
DA:148,1
DA:149,1
DA:150,1
DA:151,1
DA:152,1
DA:153,1
DA:154,1
DA:155,1
DA:156,1
DA:157,1
DA:158,1
DA:159,1
DA:160,1
DA:161,1
DA:162,1
DA:163,1
DA:164,1
DA:165,1
DA:166,1
DA:167,1
DA:168,1
DA:169,1
DA:170,1
DA:171,1
DA:172,1
DA:173,1
DA:174,1
DA:175,1
DA:176,1
DA:177,1
DA:178,1
DA:179,1
DA:180,1
DA:181,1
DA:182,1
DA:183,1
DA:184,1
DA:185,1
DA:186,1
DA:187,1
DA:188,1
DA:189,1
DA:190,1
DA:191,1
DA:192,1
DA:193,1
DA:194,1
DA:195,1
DA:196,1
DA:197,1
DA:198,1
DA:199,1
DA:200,1
DA:201,1
DA:202,1
DA:203,1
DA:205,0
DA:206,0
DA:207,0
DA:209,0
DA:210,0
DA:211,0
DA:212,0
DA:213,0
DA:215,0
DA:216,0
DA:217,0
DA:218,0
DA:219,0
DA:221,0
DA:222,0
DA:223,0
DA:224,0
DA:225,0
DA:226,0
DA:228,0
DA:229,0
DA:230,0
DA:231,0
DA:232,0
DA:233,0
DA:234,0
DA:235,0
DA:236,0
DA:237,0
DA:238,0
DA:239,0
DA:241,0
DA:242,0
DA:243,0
DA:245,1
DA:246,6
DA:247,6
DA:248,6
DA:249,6
DA:250,6
DA:251,6
DA:252,6
DA:253,6
DA:255,6
DA:257,6
DA:258,4
DA:259,4
DA:260,4
DA:261,4
DA:262,6
DA:264,6
DA:265,4
DA:266,4
DA:267,4
DA:268,4
DA:269,0
DA:270,0
DA:271,4
DA:273,6
DA:274,0
DA:275,0
DA:276,0
DA:277,0
DA:278,0
DA:280,6
DA:281,0
DA:282,0
DA:283,0
DA:285,0
DA:286,0
DA:288,0
DA:289,0
DA:290,0
DA:291,0
DA:292,0
DA:293,0
DA:294,0
DA:295,0
DA:296,0
DA:297,0
DA:298,0
DA:300,0
DA:301,0
DA:302,0
DA:303,0
DA:304,0
DA:305,0
DA:306,0
DA:307,0
DA:308,0
DA:309,0
DA:310,0
DA:311,0
DA:312,0
DA:313,0
DA:314,0
DA:315,0
DA:316,0
DA:317,0
DA:318,0
DA:319,0
DA:320,0
DA:322,6
DA:323,0
DA:324,0
DA:325,0
DA:326,0
DA:327,0
DA:328,0
DA:329,0
DA:330,0
DA:331,0
DA:332,0
DA:333,0
DA:334,0
DA:335,0
DA:336,0
DA:337,0
DA:338,0
DA:340,6
DA:341,6
DA:342,6
DA:343,6
DA:345,6
DA:346,6
DA:347,6
DA:348,6
DA:350,6
DA:351,6
DA:352,4
DA:353,4
DA:354,4
DA:355,4
DA:356,4
DA:357,4
DA:358,4
DA:359,4
DA:360,4
DA:361,4
DA:362,4
DA:363,4
DA:364,4
DA:365,4
DA:366,4
DA:367,4
DA:368,6
DA:369,6
DA:371,6
DA:372,6
DA:373,6
DA:374,6
DA:375,6
DA:377,6
DA:378,6
DA:379,6
DA:380,6
DA:381,6
DA:382,6
DA:383,6
DA:384,6
DA:386,6
DA:387,6
DA:388,6
DA:389,6
DA:390,6
DA:392,6
DA:393,6
DA:394,6
DA:395,6
DA:396,6
DA:397,6
DA:398,6
DA:399,6
DA:401,6
DA:402,5
DA:403,0
DA:404,0
DA:405,0
DA:406,0
DA:407,0
DA:408,0
DA:409,0
DA:410,0
DA:411,0
DA:412,0
DA:414,0
DA:415,0
DA:416,0
DA:418,0
DA:420,0
DA:421,0
DA:422,0
DA:423,0
DA:426,0
DA:427,0
DA:428,0
DA:429,0
DA:430,0
DA:431,0
DA:432,0
DA:433,0
DA:434,0
DA:435,0
DA:436,0
DA:437,0
DA:438,0
DA:439,0
DA:440,0
DA:441,0
DA:442,0
DA:443,0
DA:445,0
DA:446,0
DA:447,0
DA:448,0
DA:449,0
DA:452,0
DA:453,0
DA:454,0
DA:455,0
DA:456,0
DA:457,0
DA:458,0
DA:459,0
DA:460,0
DA:461,0
DA:462,0
DA:465,0
DA:466,0
DA:467,0
DA:468,0
DA:471,0
DA:472,0
DA:473,0
DA:474,0
DA:475,0
DA:476,0
DA:477,0
DA:478,0
DA:479,0
DA:480,0
DA:481,0
DA:482,0
DA:483,0
DA:484,0
DA:485,0
DA:486,0
DA:488,0
DA:489,0
DA:490,0
DA:491,0
DA:492,0
DA:493,0
DA:494,0
DA:495,0
DA:497,0
DA:498,0
DA:501,0
DA:502,0
DA:503,0
DA:504,0
DA:505,0
DA:506,0
DA:507,0
DA:508,0
DA:510,0
DA:511,0
DA:512,0
DA:513,0
DA:514,0
DA:515,0
DA:516,0
DA:517,0
DA:519,0
DA:521,0
DA:524,0
DA:525,0
DA:526,0
DA:527,0
DA:528,0
DA:531,0
DA:532,0
DA:533,0
DA:534,0
DA:535,0
DA:536,0
DA:537,0
DA:538,0
DA:539,0
DA:540,0
DA:541,0
DA:542,0
DA:543,0
DA:544,0
DA:545,0
DA:546,0
DA:548,0
DA:549,0
DA:550,0
DA:551,0
DA:552,0
DA:554,0
DA:555,0
DA:557,0
DA:558,0
DA:559,0
DA:560,0
DA:561,0
DA:563,0
DA:565,0
DA:566,0
DA:567,0
DA:569,0
DA:570,0
DA:571,0
DA:572,0
DA:573,0
DA:576,0
DA:577,0
DA:578,0
DA:580,0
DA:581,0
DA:582,0
DA:583,0
DA:584,0
DA:586,0
DA:588,5
DA:589,5
DA:590,5
DA:591,5
DA:592,5
DA:593,5
DA:594,5
DA:595,5
DA:596,5
DA:597,0
DA:598,5
DA:600,5
DA:601,5
DA:602,5
DA:603,5
DA:605,5
DA:606,0
DA:607,0
DA:608,0
DA:609,0
DA:610,0
DA:612,0
DA:613,0
DA:614,0
DA:615,0
DA:616,0
DA:618,0
DA:619,0
DA:620,0
DA:621,0
DA:622,0
DA:623,0
DA:624,0
DA:625,0
DA:626,0
DA:627,0
DA:628,0
DA:629,0
DA:630,0
DA:631,0
DA:633,0
DA:634,0
DA:635,0
DA:636,0
DA:637,0
DA:638,0
DA:639,0
DA:640,0
DA:641,0
DA:642,0
DA:643,0
DA:644,0
DA:645,0
DA:646,0
DA:648,0
DA:649,0
DA:650,0
DA:651,0
DA:652,5
DA:654,5
DA:655,5
DA:656,5
DA:657,5
DA:658,5
DA:660,5
DA:664,6
DA:665,1
DA:666,1
DA:667,1
DA:668,1
DA:669,1
DA:670,1
DA:672,0
DA:673,0
DA:674,0
DA:675,0
DA:676,0
DA:677,0
DA:678,0
DA:679,0
DA:680,0
DA:681,0
DA:682,0
DA:683,0
DA:684,0
DA:686,0
DA:687,0
DA:688,0
DA:689,0
DA:690,0
DA:692,1
DA:694,6
DA:696,6
LF:609
LH:303
BRDA:245,0,0,6
BRDA:373,1,0,0
BRDA:375,2,0,0
BRDA:375,3,0,0
BRDA:389,4,0,5
BRDA:389,5,0,1
BRDA:395,6,0,1
BRDA:395,7,0,5
BRDA:401,8,0,5
BRDA:402,9,0,0
BRDA:664,10,0,1
BRDA:670,11,0,0
BRDA:257,12,0,4
BRDA:260,13,0,4
BRDA:264,14,0,4
BRDA:267,15,0,0
BRDA:268,16,0,0
BRDA:341,17,0,4
BRDA:346,18,0,4
BRDA:346,19,0,0
BRDA:351,20,0,4
BRDA:367,21,0,12
BRDA:394,22,0,1
BRDA:590,23,0,5
BRDA:596,24,0,0
BRDA:600,25,0,0
BRF:26
BRH:16
end_of_record
TN:
SF:src/components/panels/TestOutputPanel.tsx
FN:3,TestOutputPanel
FN:30,onClick
FNF:2
FNH:2
FNDA:5,TestOutputPanel
FNDA:1,onClick
DA:1,1
DA:3,1
DA:4,5
DA:6,5
DA:8,1
DA:9,1
DA:10,1
DA:11,1
DA:12,4
DA:14,5
DA:15,5
DA:17,5
DA:18,5
DA:19,5
DA:20,5
DA:21,1
DA:22,1
DA:23,1
DA:24,1
DA:25,1
DA:26,1
DA:28,5
DA:29,5
DA:30,5
DA:31,5
DA:32,5
DA:34,5
DA:35,5
DA:38,5
DA:39,5
DA:40,2
DA:41,2
DA:42,2
DA:44,3
DA:45,3
DA:46,3
DA:47,3
DA:48,3
DA:49,3
DA:51,5
DA:54,5
DA:55,1
DA:56,1
DA:57,1
DA:58,1
DA:59,2
DA:60,2
DA:61,2
DA:62,2
DA:63,2
DA:64,2
DA:65,2
DA:66,2
DA:67,2
DA:68,1
DA:69,1
DA:70,1
DA:72,5
DA:74,5
LF:59
LH:59
BRDA:3,0,0,5
BRDA:6,1,0,1
BRDA:9,2,0,0
BRDA:11,3,0,4
BRDA:19,4,0,1
BRDA:20,5,0,1
BRDA:23,6,0,0
BRDA:39,7,0,2
BRDA:42,8,0,3
BRDA:54,9,0,1
BRDA:8,10,0,2
BRDA:9,11,0,2
BRDA:30,12,0,1
BRDA:58,13,0,2
BRDA:63,14,0,1
BRDA:63,15,0,1
BRDA:64,16,0,1
BRF:17
BRH:15
end_of_record
TN:
SF:src/components/panels/TestingPanel.tsx
FN:5,TestingPanel
FN:13,handleRunTests
FN:29,handleRunLinting
FN:45,handleRunSecurity
FN:72,onClick
FNF:5
FNH:2
FNDA:4,TestingPanel
FNDA:1,handleRunTests
FNDA:0,handleRunLinting
FNDA:0,handleRunSecurity
FNDA:0,onClick
DA:1,1
DA:5,1
DA:6,4
DA:7,4
DA:8,4
DA:10,4
DA:11,4
DA:13,4
DA:14,1
DA:15,1
DA:16,1
DA:18,1
DA:19,1
DA:20,1
DA:21,1
DA:22,0
DA:23,0
DA:24,1
DA:25,1
DA:26,1
DA:27,1
DA:29,4
DA:30,0
DA:31,0
DA:32,0
DA:34,0
DA:35,0
DA:36,0
DA:37,0
DA:38,0
DA:39,0
DA:40,0
DA:41,0
DA:42,0
DA:43,0
DA:45,4
DA:46,0
DA:47,0
DA:48,0
DA:50,0
DA:51,0
DA:52,0
DA:53,0
DA:54,0
DA:55,0
DA:56,0
DA:57,0
DA:58,0
DA:59,0
DA:61,4
DA:62,4
DA:64,4
DA:65,4
DA:66,4
DA:67,4
DA:68,4
DA:69,4
DA:70,12
DA:71,12
DA:72,12
DA:73,12
DA:74,12
DA:75,4
DA:76,8
DA:77,12
DA:78,12
DA:80,12
DA:81,12
DA:82,12
DA:83,4
DA:84,4
DA:87,4
DA:89,4
DA:90,4
DA:91,4
DA:92,4
DA:93,4
DA:94,4
DA:95,4
DA:96,4
DA:97,4
DA:98,4
DA:100,4
DA:101,4
DA:102,4
DA:104,4
DA:105,1
DA:106,1
DA:107,1
DA:108,1
DA:109,1
DA:110,1
DA:111,1
DA:112,1
DA:114,4
DA:115,4
DA:118,4
DA:119,0
DA:120,0
DA:121,0
DA:122,0
DA:123,0
DA:124,0
DA:125,0
DA:126,0
DA:127,0
DA:129,0
DA:130,0
DA:131,0
DA:133,0
DA:134,0
DA:135,0
DA:136,0
DA:137,0
DA:138,0
DA:139,0
DA:140,0
DA:141,0
DA:143,0
DA:144,0
DA:147,4
DA:148,0
DA:149,0
DA:150,0
DA:151,0
DA:152,0
DA:153,0
DA:154,0
DA:155,0
DA:156,0
DA:158,0
DA:159,0
DA:160,0
DA:162,0
DA:163,0
DA:164,0
DA:165,0
DA:166,0
DA:167,0
DA:168,0
DA:169,0
DA:170,0
DA:172,0
DA:173,0
DA:175,4
DA:178,4
DA:179,4
DA:180,4
DA:181,4
DA:183,4
LF:150
LH:76
BRDA:5,0,0,4
BRDA:97,1,0,3
BRDA:100,2,0,1
BRDA:100,3,0,3
BRDA:104,4,0,1
BRDA:118,5,0,0
BRDA:147,6,0,0
BRDA:179,7,0,2
BRDA:179,8,0,2
BRDA:179,9,0,2
BRDA:11,10,0,2
BRDA:13,11,0,1
BRDA:14,12,0,0
BRDA:20,13,0,0
BRDA:21,14,0,0
BRDA:69,15,0,12
BRDA:74,16,0,4
BRDA:75,17,0,8
BRF:18
BRH:13
end_of_record
TN:
SF:src/lib/api.ts
FN:9,parseJsonResponse
FN:157,normalizeWorkspaceRoot
FN:165,buildRalphTaskPath
FN:170,parseRalphTaskState
FN:249,getRalphTaskState
FN:273,ollamaListModels
FN:286,ollamaShowModel
FN:295,openWorkspaceFile
FN:303,saveWorkspaceFile
FN:313,getWorkspaceTree
FN:322,searchWorkspaceFiles
FN:337,searchCodebase
FN:352,ollamaChatStream
FN:409,ragCrawlUrl
FN:418,ragQuery
FN:427,ragGetSources
FN:433,notebookGenerate
FN:453,freeProviderChat
FN:469,notebookList
FN:473,notebookSave
FN:481,notebookDelete
FN:489,analyzeCodebase
FN:498,generateTaskPlan
FN:508,knowledgeList
FN:515,knowledgeGet
FN:520,knowledgeSave
FN:529,knowledgeDelete
FN:536,knowledgeSearch
FN:545,researchList
FN:549,researchSave
FN:557,researchDelete
FN:565,skillHistoryList
FN:569,skillHistorySave
FN:577,skillHistoryDelete
FN:586,simulateStream
FN:594,researchDashboardStream
FN:646,compileSolidity
FN:655,deploySolidity
FN:665,skillsList
FN:670,skillExecute
FN:684,terminalCreateSession
FN:693,terminalCloseSession
FN:700,terminalExecute
FN:715,getTerminalWebSocketUrl
FN:721,mcpListServers
FN:726,mcpSaveServer
FN:735,mcpDeleteServer
FN:742,mcpTestServer
FN:749,mcpListTools
FN:754,mcpCallTool
FN:771,agentRunsList
FN:776,agentRunCreate
FN:785,agentRunCancel
FN:795,runForgeTests
FN:804,runSolhintLinting
FN:813,runSlitherSecurity
FN:823,healthCheck
FN:835,formatBytes
FN:843,buildOllamaPrompt
FNF:59
FNH:40
FNDA:62,parseJsonResponse
FNDA:29,normalizeWorkspaceRoot
FNDA:29,buildRalphTaskPath
FNDA:4,parseRalphTaskState
FNDA:29,getRalphTaskState
FNDA:4,ollamaListModels
FNDA:1,ollamaShowModel
FNDA:4,openWorkspaceFile
FNDA:7,saveWorkspaceFile
FNDA:13,getWorkspaceTree
FNDA:4,searchWorkspaceFiles
FNDA:3,searchCodebase
FNDA:0,ollamaChatStream
FNDA:0,ragCrawlUrl
FNDA:1,ragQuery
FNDA:6,ragGetSources
FNDA:0,notebookGenerate
FNDA:0,freeProviderChat
FNDA:8,notebookList
FNDA:3,notebookSave
FNDA:3,notebookDelete
FNDA:0,analyzeCodebase
FNDA:0,generateTaskPlan
FNDA:9,knowledgeList
FNDA:3,knowledgeGet
FNDA:5,knowledgeSave
FNDA:3,knowledgeDelete
FNDA:2,knowledgeSearch
FNDA:7,researchList
FNDA:3,researchSave
FNDA:3,researchDelete
FNDA:6,skillHistoryList
FNDA:2,skillHistorySave
FNDA:2,skillHistoryDelete
FNDA:0,simulateStream
FNDA:0,researchDashboardStream
FNDA:2,compileSolidity
FNDA:0,deploySolidity
FNDA:15,skillsList
FNDA:0,skillExecute
FNDA:25,terminalCreateSession
FNDA:2,terminalCloseSession
FNDA:4,terminalExecute
FNDA:19,getTerminalWebSocketUrl
FNDA:0,mcpListServers
FNDA:0,mcpSaveServer
FNDA:0,mcpDeleteServer
FNDA:0,mcpTestServer
FNDA:0,mcpListTools
FNDA:0,mcpCallTool
FNDA:16,agentRunsList
FNDA:0,agentRunCreate
FNDA:0,agentRunCancel
FNDA:2,runForgeTests
FNDA:1,runSolhintLinting
FNDA:1,runSlitherSecurity
FNDA:10,healthCheck
FNDA:60,formatBytes
FNDA:0,buildOllamaPrompt
DA:6,1
DA:7,1
DA:9,62
DA:10,62
DA:11,62
DA:12,62
DA:13,62
DA:14,0
DA:15,0
DA:17,62
DA:18,1
DA:19,1
DA:20,0
DA:21,0
DA:22,0
DA:23,1
DA:24,1
DA:26,61
DA:27,61
DA:157,29
DA:158,29
DA:159,29
DA:160,29
DA:161,29
DA:162,0
DA:163,29
DA:165,29
DA:166,29
DA:167,29
DA:168,29
DA:170,4
DA:171,4
DA:172,4
DA:173,4
DA:174,4
DA:175,4
DA:176,4
DA:177,4
DA:179,4
DA:180,33
DA:181,33
DA:183,33
DA:184,33
DA:185,4
DA:186,4
DA:188,33
DA:189,2
DA:190,2
DA:191,2
DA:192,2
DA:194,33
DA:195,4
DA:196,4
DA:197,4
DA:198,4
DA:200,33
DA:201,0
DA:202,0
DA:203,0
DA:204,0
DA:206,33
DA:207,0
DA:208,0
DA:209,0
DA:211,33
DA:212,20
DA:213,20
DA:215,7
DA:216,33
DA:217,4
DA:218,4
DA:219,0
DA:220,0
DA:221,4
DA:222,4
DA:224,3
DA:225,3
DA:227,4
DA:228,0
DA:229,0
DA:230,4
DA:231,0
DA:232,0
DA:233,4
DA:234,2
DA:235,2
DA:237,4
DA:238,4
DA:239,4
DA:240,4
DA:241,4
DA:242,4
DA:243,4
DA:244,4
DA:245,4
DA:246,4
DA:247,4
DA:249,29
DA:250,29
DA:251,29
DA:252,29
DA:253,29
DA:255,29
DA:256,11
DA:257,11
DA:258,11
DA:259,11
DA:260,11
DA:261,11
DA:262,11
DA:263,11
DA:264,11
DA:265,11
DA:266,11
DA:268,4
DA:269,29
DA:270,29
DA:273,4
DA:274,4
DA:275,4
DA:276,4
DA:277,4
DA:278,60
DA:279,60
DA:280,60
DA:281,60
DA:282,60
DA:283,4
DA:284,4
DA:286,1
DA:287,1
DA:288,1
DA:289,1
DA:290,1
DA:291,1
DA:292,1
DA:293,1
DA:295,4
DA:296,4
DA:297,4
DA:298,4
DA:299,4
DA:300,4
DA:301,4
DA:303,7
DA:304,7
DA:305,7
DA:306,7
DA:307,7
DA:308,7
DA:309,7
DA:310,7
DA:311,7
DA:313,13
DA:314,13
DA:315,13
DA:316,13
DA:317,11
DA:318,5
DA:319,11
DA:320,13
DA:322,4
DA:323,4
DA:324,4
DA:325,4
DA:326,4
DA:327,4
DA:328,4
DA:329,4
DA:330,4
DA:331,4
DA:332,3
DA:333,3
DA:334,3
DA:335,4
DA:337,3
DA:338,3
DA:339,3
DA:340,3
DA:341,3
DA:342,3
DA:343,3
DA:344,3
DA:345,3
DA:346,3
DA:347,2
DA:348,2
DA:349,2
DA:350,3
DA:352,0
DA:353,0
DA:354,0
DA:355,0
DA:356,0
DA:357,0
DA:358,0
DA:359,0
DA:360,0
DA:361,0
DA:362,0
DA:363,0
DA:365,0
DA:366,0
DA:367,0
DA:368,0
DA:369,0
DA:370,0
DA:371,0
DA:372,0
DA:373,0
DA:374,0
DA:375,0
DA:376,0
DA:377,0
DA:379,0
DA:380,0
DA:381,0
DA:382,0
DA:384,0
DA:385,0
DA:386,0
DA:387,0
DA:388,0
DA:389,0
DA:390,0
DA:391,0
DA:392,0
DA:393,0
DA:394,0
DA:395,0
DA:396,0
DA:397,0
DA:398,0
DA:399,0
DA:400,0
DA:401,0
DA:403,0
DA:404,0
DA:405,0
DA:406,0
DA:409,0
DA:410,0
DA:411,0
DA:412,0
DA:413,0
DA:414,0
DA:415,0
DA:416,0
DA:418,1
DA:419,1
DA:420,1
DA:421,1
DA:422,1
DA:423,1
DA:424,1
DA:425,1
DA:427,6
DA:428,6
DA:429,6
DA:430,6
DA:433,0
DA:444,0
DA:445,0
DA:446,0
DA:447,0
DA:448,0
DA:449,0
DA:450,0
DA:451,0
DA:453,0
DA:454,0
DA:455,0
DA:456,0
DA:457,0
DA:458,0
DA:459,0
DA:460,0
DA:461,0
DA:462,0
DA:463,0
DA:464,0
DA:465,0
DA:466,0
DA:469,8
DA:470,8
DA:471,8
DA:472,8
DA:473,3
DA:474,3
DA:475,3
DA:476,3
DA:477,3
DA:478,3
DA:479,3
DA:480,3
DA:481,3
DA:482,3
DA:483,3
DA:484,3
DA:485,3
DA:486,3
DA:489,0
DA:490,0
DA:491,0
DA:492,0
DA:493,0
DA:494,0
DA:495,0
DA:496,0
DA:498,0
DA:499,0
DA:500,0
DA:501,0
DA:502,0
DA:503,0
DA:504,0
DA:505,0
DA:508,9
DA:509,9
DA:510,9
DA:511,9
DA:512,9
DA:513,9
DA:515,3
DA:516,3
DA:517,3
DA:518,3
DA:520,5
DA:521,5
DA:522,5
DA:523,5
DA:524,5
DA:525,5
DA:526,5
DA:527,5
DA:529,3
DA:530,3
DA:531,3
DA:532,3
DA:533,3
DA:534,3
DA:536,2
DA:537,2
DA:538,2
DA:539,2
DA:540,2
DA:541,2
DA:542,2
DA:545,7
DA:546,7
DA:547,7
DA:548,7
DA:549,3
DA:550,3
DA:551,3
DA:552,3
DA:553,3
DA:554,3
DA:555,3
DA:556,3
DA:557,3
DA:558,3
DA:559,3
DA:560,3
DA:561,3
DA:562,3
DA:565,6
DA:566,6
DA:567,6
DA:568,6
DA:569,2
DA:570,2
DA:571,2
DA:572,2
DA:573,2
DA:574,2
DA:575,2
DA:576,2
DA:577,2
DA:578,2
DA:579,2
DA:580,2
DA:581,2
DA:582,2
DA:586,0
DA:587,0
DA:588,0
DA:589,0
DA:590,0
DA:591,0
DA:592,0
DA:594,0
DA:595,0
DA:596,0
DA:597,0
DA:598,0
DA:599,0
DA:600,0
DA:601,0
DA:602,0
DA:603,0
DA:604,0
DA:605,0
DA:606,0
DA:608,0
DA:609,0
DA:610,0
DA:612,0
DA:613,0
DA:614,0
DA:615,0
DA:616,0
DA:617,0
DA:618,0
DA:619,0
DA:620,0
DA:621,0
DA:622,0
DA:623,0
DA:624,0
DA:625,0
DA:626,0
DA:628,0
DA:629,0
DA:630,0
DA:631,0
DA:632,0
DA:633,0
DA:634,0
DA:635,0
DA:636,0
DA:637,0
DA:638,0
DA:639,0
DA:640,0
DA:641,0
DA:642,0
DA:643,0
DA:646,2
DA:647,2
DA:648,2
DA:649,2
DA:650,2
DA:651,2
DA:652,2
DA:653,2
DA:655,0
DA:656,0
DA:657,0
DA:658,0
DA:659,0
DA:660,0
DA:661,0
DA:662,0
DA:665,15
DA:666,15
DA:667,14
DA:668,14
DA:670,0
DA:671,0
DA:672,0
DA:673,0
DA:674,0
DA:675,0
DA:676,0
DA:677,0
DA:678,0
DA:679,0
DA:680,0
DA:681,0
DA:682,0
DA:684,25
DA:685,25
DA:686,25
DA:687,25
DA:688,25
DA:689,25
DA:690,22
DA:691,22
DA:693,2
DA:694,2
DA:695,2
DA:696,2
DA:697,2
DA:698,2
DA:700,4
DA:701,4
DA:702,4
DA:703,4
DA:704,4
DA:705,4
DA:706,4
DA:707,4
DA:708,4
DA:709,4
DA:710,4
DA:711,4
DA:712,4
DA:713,4
DA:715,1
DA:716,19
DA:717,19
DA:718,19
DA:719,19
DA:721,0
DA:722,0
DA:723,0
DA:724,0
DA:726,0
DA:727,0
DA:728,0
DA:729,0
DA:730,0
DA:731,0
DA:732,0
DA:733,0
DA:735,0
DA:736,0
DA:737,0
DA:738,0
DA:739,0
DA:740,0
DA:742,0
DA:743,0
DA:744,0
DA:745,0
DA:746,0
DA:747,0
DA:749,0
DA:750,0
DA:751,0
DA:752,0
DA:754,0
DA:755,0
DA:756,0
DA:757,0
DA:758,0
DA:759,0
DA:760,0
DA:761,0
DA:762,0
DA:763,0
DA:764,0
DA:765,0
DA:766,0
DA:767,0
DA:768,0
DA:769,0
DA:771,16
DA:772,16
DA:773,16
DA:774,16
DA:776,0
DA:777,0
DA:778,0
DA:779,0
DA:780,0
DA:781,0
DA:782,0
DA:783,0
DA:785,0
DA:786,0
DA:787,0
DA:788,0
DA:789,0
DA:790,0
DA:791,0
DA:792,0
DA:795,2
DA:796,2
DA:797,2
DA:798,2
DA:799,2
DA:800,2
DA:801,2
DA:802,2
DA:804,1
DA:805,1
DA:806,1
DA:807,1
DA:808,1
DA:809,1
DA:810,1
DA:811,1
DA:813,1
DA:814,1
DA:815,1
DA:816,1
DA:817,1
DA:818,1
DA:819,1
DA:820,1
DA:823,10
DA:824,10
DA:825,10
DA:826,10
DA:827,10
DA:828,3
DA:829,3
DA:830,10
DA:831,10
DA:832,10
DA:835,60
DA:836,60
DA:837,60
DA:838,60
DA:839,60
DA:840,60
DA:841,60
DA:843,0
DA:844,0
DA:845,0
DA:846,0
DA:847,0
LF:614
LH:357
BRDA:9,0,0,62
BRDA:13,1,0,0
BRDA:17,2,0,1
BRDA:19,3,0,0
BRDA:20,4,0,0
BRDA:21,5,0,0
BRDA:24,6,0,61
BRDA:157,7,0,29
BRDA:159,8,0,0
BRDA:161,9,0,0
BRDA:165,10,0,29
BRDA:167,11,0,0
BRDA:170,12,0,4
BRDA:179,13,0,33
BRDA:184,14,0,4
BRDA:184,15,0,4
BRDA:188,16,0,2
BRDA:192,17,0,31
BRDA:194,18,0,4
BRDA:198,19,0,27
BRDA:200,20,0,0
BRDA:204,21,0,27
BRDA:206,22,0,4
BRDA:206,23,0,0
BRDA:206,24,0,0
BRDA:209,25,0,27
BRDA:211,26,0,11
BRDA:211,27,0,20
BRDA:213,28,0,7
BRDA:216,29,0,4
BRDA:218,30,0,0
BRDA:222,31,0,3
BRDA:227,32,0,0
BRDA:230,33,0,0
BRDA:233,34,0,2
BRDA:249,35,0,29
BRDA:253,36,0,15
BRDA:255,37,0,11
BRDA:266,38,0,4
BRDA:269,39,0,4
BRDA:269,40,0,0
BRDA:273,41,0,4
BRDA:275,42,0,0
BRDA:277,43,0,0
BRDA:277,44,0,60
BRDA:280,45,0,0
BRDA:282,46,0,4
BRDA:286,47,0,1
BRDA:295,48,0,4
BRDA:299,49,0,0
BRDA:303,50,0,7
BRDA:309,51,0,0
BRDA:313,52,0,13
BRDA:316,53,0,11
BRDA:316,54,0,5
BRDA:317,55,0,0
BRDA:317,56,0,5
BRDA:319,57,0,0
BRDA:322,58,0,4
BRDA:331,59,0,3
BRDA:332,60,0,0
BRDA:334,61,0,0
BRDA:337,62,0,3
BRDA:346,63,0,2
BRDA:347,64,0,0
BRDA:349,65,0,0
BRDA:418,66,0,1
BRDA:427,67,0,6
BRDA:469,68,0,8
BRDA:473,69,0,3
BRDA:481,70,0,3
BRDA:508,71,0,9
BRDA:510,72,0,0
BRDA:515,73,0,3
BRDA:520,74,0,5
BRDA:529,75,0,3
BRDA:536,76,0,2
BRDA:539,77,0,0
BRDA:545,78,0,7
BRDA:549,79,0,3
BRDA:557,80,0,3
BRDA:565,81,0,6
BRDA:569,82,0,2
BRDA:577,83,0,2
BRDA:646,84,0,2
BRDA:665,85,0,15
BRDA:666,86,0,14
BRDA:684,87,0,25
BRDA:689,88,0,22
BRDA:693,89,0,2
BRDA:700,90,0,4
BRDA:715,91,0,19
BRDA:717,92,0,0
BRDA:771,93,0,16
BRDA:795,94,0,2
BRDA:804,95,0,1
BRDA:813,96,0,1
BRDA:823,97,0,10
BRDA:827,98,0,3
BRDA:830,99,0,3
BRDA:825,100,0,3
BRDA:826,101,0,10
BRDA:835,102,0,60
BRDA:836,103,0,0
BRF:104
BRH:75
end_of_record
TN:
SF:src/store/ideStore.ts
FN:36,loadPreferences
FN:98,savePreferences
FN:387,presetById
FN:590,setSidebar
FN:591,setBottomPanel
FN:592,toggleSidebar
FN:593,toggleBottomPanel
FN:598,setRightSidebar
FN:599,toggleRightSidebar
FN:604,addBoltMessage
FN:605,setBoltStreaming
FN:606,clearBoltChat
FN:611,openTab
FN:626,closeTab
FN:637,setActiveTab
FN:638,setTabCursorLine
FN:642,updateTabContent
FN:646,markTabSaved
FN:654,setAiProvider
FN:659,setAiModel
FN:666,addChatMessage
FN:667,setChatModel
FN:672,setAvailableModels
FN:687,setChatStreaming
FN:690,seedAiChatInput
FN:697,clearAiDraftInput
FN:698,clearChat
FN:704,setRagSources
FN:705,addRagSource
FN:707,setRagResults
FN:708,setRagLoading
FN:712,setKnowledgeEntries
FN:713,addKnowledgeEntry
FN:715,updateKnowledgeEntry
FN:719,removeKnowledgeEntry
FN:726,setNotebookSessions
FN:728,addNotebookSession
FN:730,updateNotebookSession
FN:736,removeNotebookSession
FN:740,setActiveNotebook
FN:744,addTaskPlan
FN:745,updateTaskStep
FN:761,setResearchCards
FN:762,addResearchCard
FN:764,removeResearchCard
FN:771,setSkillHistory
FN:772,addSkillHistory
FN:774,removeSkillHistory
FN:780,setSolidityCompiler
FN:781,setCompilationOutput
FN:786,setWorkspaceRoot
FN:791,addWorkspaceFavorite
FN:802,addPinnedFile
FN:812,removePinnedFile
FN:818,removeWorkspaceFavorite
FN:828,setEditorWordWrap
FN:832,setEditorMinimap
FN:838,setEditorCursorPosition
FN:846,setEditorErrors
FN:847,clearEditorErrors
FN:858,setTestOutput
FN:859,addTestToHistory
FN:868,setAgentProfiles
FN:869,addAgentProfile
FN:887,updateAgentProfile
FN:893,removeAgentProfile
FN:901,setAgentRuns
FN:902,upsertAgentRun
FN:913,appendTerminalTranscript
FN:922,clearTerminalTranscript
FN:927,recordTerminalCommand
FN:948,setNoAddModeEnabled
FN:952,setNoAddObjective
FN:956,setNoAddDefinitionOfDone
FN:960,setNoAddRoleProfile
FN:965,clearNoAddFocus
FN:981,setOllamaUrl
FN:982,setOllamaConnected
FNF:78
FNH:66
FNDA:3,loadPreferences
FNDA:14,savePreferences
FNDA:20,presetById
FNDA:2,setSidebar
FNDA:1,setBottomPanel
FNDA:3,toggleSidebar
FNDA:2,toggleBottomPanel
FNDA:3,setRightSidebar
FNDA:4,toggleRightSidebar
FNDA:2,addBoltMessage
FNDA:1,setBoltStreaming
FNDA:1,clearBoltChat
FNDA:27,openTab
FNDA:4,closeTab
FNDA:2,setActiveTab
FNDA:4,setTabCursorLine
FNDA:2,updateTabContent
FNDA:3,markTabSaved
FNDA:3,setAiProvider
FNDA:2,setAiModel
FNDA:2,addChatMessage
FNDA:6,setChatModel
FNDA:5,setAvailableModels
FNDA:2,setChatStreaming
FNDA:0,seedAiChatInput
FNDA:0,clearAiDraftInput
FNDA:1,clearChat
FNDA:5,setRagSources
FNDA:1,addRagSource
FNDA:2,setRagResults
FNDA:1,setRagLoading
FNDA:8,setKnowledgeEntries
FNDA:4,addKnowledgeEntry
FNDA:1,updateKnowledgeEntry
FNDA:1,removeKnowledgeEntry
FNDA:1,setNotebookSessions
FNDA:3,addNotebookSession
FNDA:1,updateNotebookSession
FNDA:1,removeNotebookSession
FNDA:3,setActiveNotebook
FNDA:2,addTaskPlan
FNDA:1,updateTaskStep
FNDA:6,setResearchCards
FNDA:2,addResearchCard
FNDA:1,removeResearchCard
FNDA:1,setSkillHistory
FNDA:2,addSkillHistory
FNDA:1,removeSkillHistory
FNDA:1,setSolidityCompiler
FNDA:1,setCompilationOutput
FNDA:3,setWorkspaceRoot
FNDA:4,addWorkspaceFavorite
FNDA:5,addPinnedFile
FNDA:1,removePinnedFile
FNDA:1,removeWorkspaceFavorite
FNDA:1,setEditorWordWrap
FNDA:1,setEditorMinimap
FNDA:2,setEditorCursorPosition
FNDA:3,setEditorErrors
FNDA:2,clearEditorErrors
FNDA:2,setTestOutput
FNDA:106,addTestToHistory
FNDA:0,setAgentProfiles
FNDA:2,addAgentProfile
FNDA:0,updateAgentProfile
FNDA:0,removeAgentProfile
FNDA:2,setAgentRuns
FNDA:0,upsertAgentRun
FNDA:1,appendTerminalTranscript
FNDA:1,clearTerminalTranscript
FNDA:0,recordTerminalCommand
FNDA:0,setNoAddModeEnabled
FNDA:0,setNoAddObjective
FNDA:0,setNoAddDefinitionOfDone
FNDA:0,setNoAddRoleProfile
FNDA:0,clearNoAddFocus
FNDA:2,setOllamaUrl
FNDA:2,setOllamaConnected
DA:1,1
DA:3,1
DA:19,1
DA:20,1
DA:21,1
DA:22,1
DA:23,1
DA:24,1
DA:25,1
DA:26,1
DA:27,1
DA:28,1
DA:29,1
DA:30,1
DA:31,1
DA:32,1
DA:34,1
DA:36,3
DA:37,3
DA:38,0
DA:39,0
DA:41,3
DA:42,3
DA:43,3
DA:44,3
DA:45,3
DA:47,0
DA:48,0
DA:49,0
DA:50,3
DA:51,3
DA:52,0
DA:53,0
DA:54,3
DA:55,3
DA:56,0
DA:57,0
DA:58,3
DA:59,3
DA:60,0
DA:61,0
DA:62,3
DA:63,3
DA:64,0
DA:65,0
DA:66,3
DA:67,3
DA:68,0
DA:69,0
DA:70,3
DA:71,3
DA:72,0
DA:73,0
DA:74,3
DA:75,3
DA:76,0
DA:77,0
DA:78,3
DA:79,3
DA:80,0
DA:81,0
DA:82,3
DA:83,3
DA:84,0
DA:85,0
DA:86,3
DA:87,3
DA:88,0
DA:89,0
DA:90,3
DA:91,3
DA:92,0
DA:93,0
DA:94,3
DA:96,1
DA:98,14
DA:99,14
DA:100,14
DA:101,0
DA:102,0
DA:103,14
DA:104,14
DA:286,1
DA:287,1
DA:288,1
DA:289,1
DA:290,1
DA:291,1
DA:292,1
DA:293,1
DA:294,1
DA:295,1
DA:296,1
DA:297,1
DA:298,1
DA:299,1
DA:300,1
DA:301,1
DA:302,1
DA:303,1
DA:304,1
DA:305,1
DA:306,1
DA:307,1
DA:308,1
DA:309,1
DA:310,1
DA:311,1
DA:312,1
DA:313,1
DA:314,1
DA:315,1
DA:316,1
DA:317,1
DA:318,1
DA:319,1
DA:320,1
DA:321,1
DA:322,1
DA:323,1
DA:324,1
DA:325,1
DA:326,1
DA:327,1
DA:328,1
DA:329,1
DA:330,1
DA:331,1
DA:332,1
DA:333,1
DA:334,1
DA:335,1
DA:336,1
DA:337,1
DA:338,1
DA:339,1
DA:340,1
DA:341,1
DA:342,1
DA:343,1
DA:344,1
DA:345,1
DA:346,1
DA:347,1
DA:348,1
DA:349,1
DA:350,1
DA:351,1
DA:352,1
DA:353,1
DA:354,1
DA:355,1
DA:356,1
DA:357,1
DA:358,1
DA:359,1
DA:360,1
DA:361,1
DA:362,1
DA:363,1
DA:364,1
DA:365,1
DA:366,1
DA:367,1
DA:368,1
DA:369,1
DA:370,1
DA:371,1
DA:372,1
DA:373,1
DA:374,1
DA:375,1
DA:376,1
DA:377,1
DA:378,1
DA:379,1
DA:380,1
DA:381,1
DA:382,1
DA:383,1
DA:384,1
DA:385,1
DA:387,20
DA:388,20
DA:389,20
DA:391,1
DA:392,1
DA:393,1
DA:394,1
DA:395,1
DA:396,1
DA:397,1
DA:398,1
DA:399,1
DA:400,1
DA:401,1
DA:402,1
DA:403,1
DA:404,1
DA:405,1
DA:406,1
DA:407,1
DA:408,1
DA:409,1
DA:410,1
DA:411,1
DA:412,1
DA:413,1
DA:414,1
DA:415,1
DA:416,1
DA:417,1
DA:418,1
DA:419,1
DA:584,1
DA:586,3
DA:587,3
DA:588,3
DA:589,3
DA:590,3
DA:591,3
DA:592,3
DA:593,3
DA:596,3
DA:597,3
DA:598,3
DA:599,3
DA:602,3
DA:603,3
DA:604,3
DA:605,3
DA:606,3
DA:609,3
DA:610,3
DA:611,3
DA:612,27
DA:613,27
DA:614,27
DA:615,3
DA:616,3
DA:617,4
DA:618,3
DA:619,1
DA:620,3
DA:621,3
DA:622,3
DA:623,3
DA:624,24
DA:625,27
DA:626,3
DA:627,4
DA:628,4
DA:629,4
DA:630,4
DA:631,3
DA:632,2
DA:633,1
DA:634,1
DA:635,4
DA:636,4
DA:637,3
DA:638,3
DA:639,4
DA:640,4
DA:641,4
DA:642,3
DA:643,2
DA:644,2
DA:645,2
DA:646,3
DA:647,3
DA:648,3
DA:649,3
DA:652,3
DA:653,3
DA:654,3
DA:655,3
DA:656,3
DA:657,3
DA:658,3
DA:659,3
DA:662,3
DA:663,3
DA:664,3
DA:665,3
DA:666,3
DA:667,3
DA:668,6
DA:669,6
DA:670,6
DA:671,6
DA:672,3
DA:673,5
DA:674,5
DA:675,5
DA:676,1
DA:677,4
DA:678,1
DA:679,3
DA:681,5
DA:682,5
DA:683,5
DA:684,5
DA:685,5
DA:686,5
DA:687,3
DA:688,3
DA:689,3
DA:690,3
DA:691,0
DA:692,0
DA:693,0
DA:694,0
DA:695,0
DA:696,0
DA:697,3
DA:698,3
DA:701,3
DA:702,3
DA:703,3
DA:704,3
DA:705,3
DA:706,1
DA:707,3
DA:708,3
DA:711,3
DA:712,3
DA:713,3
DA:714,4
DA:715,3
DA:716,1
DA:717,1
DA:718,1
DA:719,3
DA:720,1
DA:721,1
DA:722,1
DA:725,3
DA:726,3
DA:727,3
DA:728,3
DA:729,3
DA:730,3
DA:731,1
DA:732,1
DA:733,1
DA:734,1
DA:735,1
DA:736,3
DA:737,1
DA:738,1
DA:739,1
DA:740,3
DA:743,3
DA:744,3
DA:745,3
DA:746,1
DA:747,1
DA:748,1
DA:749,1
DA:750,1
DA:751,1
DA:752,2
DA:753,1
DA:754,1
DA:755,0
DA:756,1
DA:757,1
DA:760,3
DA:761,3
DA:762,3
DA:763,2
DA:764,3
DA:765,1
DA:766,1
DA:767,1
DA:770,3
DA:771,3
DA:772,3
DA:773,2
DA:774,3
DA:775,1
DA:778,3
DA:779,3
DA:780,3
DA:781,3
DA:784,3
DA:785,3
DA:786,3
DA:787,3
DA:788,3
DA:789,3
DA:790,3
DA:791,3
DA:792,4
DA:793,4
DA:794,4
DA:795,1
DA:796,1
DA:797,3
DA:798,3
DA:799,3
DA:800,4
DA:801,3
DA:802,3
DA:803,5
DA:804,5
DA:805,5
DA:806,3
DA:807,3
DA:808,2
DA:809,2
DA:810,2
DA:811,5
DA:812,3
DA:813,1
DA:814,1
DA:815,1
DA:816,1
DA:817,1
DA:818,3
DA:819,1
DA:820,1
DA:821,1
DA:822,1
DA:823,1
DA:826,3
DA:827,3
DA:828,3
DA:829,1
DA:830,1
DA:831,1
DA:832,3
DA:833,1
DA:834,1
DA:835,1
DA:836,3
DA:837,3
DA:838,3
DA:839,2
DA:840,2
DA:841,2
DA:842,2
DA:845,3
DA:846,3
DA:847,3
DA:848,2
DA:849,2
DA:850,1
DA:851,1
DA:852,2
DA:853,2
DA:856,3
DA:857,3
DA:858,3
DA:859,3
DA:860,106
DA:861,106
DA:862,106
DA:863,106
DA:864,106
DA:865,106
DA:866,106
DA:867,3
DA:868,3
DA:869,3
DA:870,2
DA:871,2
DA:872,2
DA:873,2
DA:874,2
DA:875,2
DA:876,2
DA:877,2
DA:878,2
DA:879,2
DA:880,2
DA:881,2
DA:882,2
DA:883,2
DA:884,2
DA:885,2
DA:886,2
DA:887,3
DA:888,0
DA:889,0
DA:890,0
DA:891,0
DA:892,0
DA:893,3
DA:894,0
DA:895,0
DA:896,0
DA:897,0
DA:898,0
DA:899,0
DA:900,3
DA:901,3
DA:902,3
DA:903,0
DA:904,0
DA:905,0
DA:906,0
DA:907,0
DA:908,0
DA:909,0
DA:910,0
DA:911,0
DA:912,3
DA:913,3
DA:914,1
DA:915,1
DA:916,0
DA:917,0
DA:918,1
DA:919,1
DA:920,1
DA:921,1
DA:922,3
DA:923,1
DA:924,1
DA:925,1
DA:926,3
DA:927,3
DA:928,0
DA:929,0
DA:930,0
DA:931,0
DA:933,0
DA:934,0
DA:935,0
DA:937,0
DA:938,0
DA:939,0
DA:941,0
DA:942,0
DA:943,0
DA:944,3
DA:945,3
DA:946,3
DA:947,3
DA:948,3
DA:949,0
DA:950,0
DA:951,0
DA:952,3
DA:953,0
DA:954,0
DA:955,0
DA:956,3
DA:957,0
DA:958,0
DA:959,0
DA:960,3
DA:961,0
DA:962,0
DA:963,0
DA:964,0
DA:965,3
DA:966,0
DA:967,0
DA:968,0
DA:969,0
DA:970,0
DA:971,0
DA:972,0
DA:973,0
DA:974,0
DA:975,0
DA:976,0
DA:979,3
DA:980,3
DA:981,3
DA:982,3
DA:983,1
LF:575
LH:480
BRDA:36,0,0,3
BRDA:37,1,0,0
BRDA:45,2,0,0
BRDA:51,3,0,0
BRDA:51,4,0,0
BRDA:52,5,0,0
BRDA:55,6,0,0
BRDA:55,7,0,0
BRDA:56,8,0,0
BRDA:59,9,0,0
BRDA:60,10,0,0
BRDA:63,11,0,0
BRDA:64,12,0,0
BRDA:67,13,0,0
BRDA:68,14,0,0
BRDA:71,15,0,0
BRDA:72,16,0,0
BRDA:75,17,0,0
BRDA:76,18,0,0
BRDA:79,19,0,0
BRDA:80,20,0,0
BRDA:83,21,0,0
BRDA:84,22,0,0
BRDA:87,23,0,0
BRDA:87,24,0,0
BRDA:88,25,0,0
BRDA:91,26,0,0
BRDA:98,27,0,14
BRDA:100,28,0,0
BRDA:387,29,0,20
BRDA:388,30,0,0
BRDA:388,31,0,146
BRDA:584,32,0,3
BRDA:590,33,0,2
BRDA:591,34,0,1
BRDA:592,35,0,3
BRDA:592,36,0,3
BRDA:593,37,0,2
BRDA:593,38,0,2
BRDA:598,39,0,3
BRDA:599,40,0,4
BRDA:599,41,0,4
BRDA:604,42,0,2
BRDA:604,43,0,2
BRDA:605,44,0,1
BRDA:606,45,0,1
BRDA:611,46,0,27
BRDA:612,47,0,27
BRDA:614,48,0,3
BRDA:623,49,0,24
BRDA:613,50,0,7
BRDA:616,51,0,4
BRDA:617,52,0,3
BRDA:618,53,0,2
BRDA:618,54,0,1
BRDA:618,55,0,1
BRDA:626,56,0,4
BRDA:627,57,0,4
BRDA:630,58,0,3
BRDA:631,59,0,2
BRDA:632,60,0,1
BRDA:633,61,0,1
BRDA:628,62,0,7
BRDA:637,63,0,2
BRDA:638,64,0,4
BRDA:639,65,0,4
BRDA:640,66,0,4
BRDA:640,67,0,0
BRDA:642,68,0,2
BRDA:643,69,0,2
BRDA:644,70,0,2
BRDA:644,71,0,0
BRDA:646,72,0,3
BRDA:647,73,0,3
BRDA:648,74,0,3
BRDA:648,75,0,0
BRDA:654,76,0,3
BRDA:655,77,0,3
BRDA:657,78,0,1
BRDA:657,79,0,2
BRDA:659,80,0,2
BRDA:666,81,0,2
BRDA:666,82,0,2
BRDA:667,83,0,6
BRDA:668,84,0,6
BRDA:670,85,0,5
BRDA:670,86,0,1
BRDA:672,87,0,5
BRDA:673,88,0,5
BRDA:675,89,0,1
BRDA:676,90,0,4
BRDA:677,91,0,1
BRDA:678,92,0,3
BRDA:684,93,0,0
BRDA:677,94,0,20
BRDA:687,95,0,2
BRDA:698,96,0,1
BRDA:704,97,0,5
BRDA:705,98,0,1
BRDA:706,99,0,1
BRDA:707,100,0,2
BRDA:708,101,0,1
BRDA:712,102,0,8
BRDA:713,103,0,4
BRDA:714,104,0,4
BRDA:715,105,0,1
BRDA:716,106,0,1
BRDA:717,107,0,1
BRDA:717,108,0,0
BRDA:719,109,0,1
BRDA:720,110,0,1
BRDA:721,111,0,1
BRDA:726,112,0,1
BRDA:728,113,0,3
BRDA:729,114,0,3
BRDA:730,115,0,1
BRDA:731,116,0,1
BRDA:732,117,0,1
BRDA:733,118,0,0
BRDA:736,119,0,1
BRDA:737,120,0,1
BRDA:738,121,0,1
BRDA:740,122,0,3
BRDA:744,123,0,2
BRDA:744,124,0,2
BRDA:745,125,0,1
BRDA:746,126,0,1
BRDA:747,127,0,1
BRDA:754,128,0,0
BRDA:751,129,0,2
BRDA:752,130,0,1
BRDA:752,131,0,1
BRDA:761,132,0,6
BRDA:762,133,0,2
BRDA:763,134,0,2
BRDA:764,135,0,1
BRDA:765,136,0,1
BRDA:766,137,0,1
BRDA:771,138,0,1
BRDA:772,139,0,2
BRDA:773,140,0,2
BRDA:774,141,0,1
BRDA:775,142,0,1
BRDA:775,143,0,1
BRDA:780,144,0,1
BRDA:781,145,0,1
BRDA:786,146,0,3
BRDA:787,147,0,1
BRDA:791,148,0,4
BRDA:792,149,0,4
BRDA:793,150,0,0
BRDA:794,151,0,1
BRDA:796,152,0,3
BRDA:802,153,0,5
BRDA:803,154,0,5
BRDA:805,155,0,4
BRDA:805,156,0,3
BRDA:807,157,0,2
BRDA:812,158,0,1
BRDA:813,159,0,1
BRDA:814,160,0,2
BRDA:818,161,0,1
BRDA:819,162,0,1
BRDA:820,163,0,8
BRDA:828,164,0,1
BRDA:832,165,0,1
BRDA:838,166,0,2
BRDA:846,167,0,3
BRDA:847,168,0,2
BRDA:848,169,0,2
BRDA:849,170,0,1
BRDA:850,171,0,1
BRDA:850,172,0,2
BRDA:858,173,0,2
BRDA:859,174,0,106
BRDA:860,175,0,106
BRDA:869,176,0,2
BRDA:870,177,0,2
BRDA:901,178,0,2
BRDA:913,179,0,1
BRDA:914,180,0,1
BRDA:915,181,0,0
BRDA:922,182,0,1
BRDA:981,183,0,2
BRDA:982,184,0,2
BRF:185
BRH:148
end_of_record
