{
  "/home/lojak/Desktop/X3-atlas-sphere/swarm-dashboard/e2e/test-helpers.js": {
    "path": "/home/lojak/Desktop/X3-atlas-sphere/swarm-dashboard/e2e/test-helpers.js",
    "statementMap": {
      "0": {
        "start": {
          "line": 1,
          "column": 18
        },
        "end": {
          "line": 1,
          "column": 42
        }
      },
      "1": {
        "start": {
          "line": 2,
          "column": 13
        },
        "end": {
          "line": 2,
          "column": 28
        }
      },
      "2": {
        "start": {
          "line": 3,
          "column": 13
        },
        "end": {
          "line": 3,
          "column": 28
        }
      },
      "3": {
        "start": {
          "line": 6,
          "column": 18
        },
        "end": {
          "line": 6,
          "column": 28
        }
      },
      "4": {
        "start": {
          "line": 7,
          "column": 4
        },
        "end": {
          "line": 18,
          "column": 7
        }
      },
      "5": {
        "start": {
          "line": 8,
          "column": 8
        },
        "end": {
          "line": 17,
          "column": 13
        }
      },
      "6": {
        "start": {
          "line": 9,
          "column": 12
        },
        "end": {
          "line": 16,
          "column": 15
        }
      },
      "7": {
        "start": {
          "line": 10,
          "column": 16
        },
        "end": {
          "line": 10,
          "column": 61
        }
      },
      "8": {
        "start": {
          "line": 10,
          "column": 44
        },
        "end": {
          "line": 10,
          "column": 61
        }
      },
      "9": {
        "start": {
          "line": 11,
          "column": 16
        },
        "end": {
          "line": 11,
          "column": 105
        }
      },
      "10": {
        "start": {
          "line": 11,
          "column": 50
        },
        "end": {
          "line": 11,
          "column": 105
        }
      },
      "11": {
        "start": {
          "line": 12,
          "column": 16
        },
        "end": {
          "line": 12,
          "column": 39
        }
      },
      "12": {
        "start": {
          "line": 14,
          "column": 16
        },
        "end": {
          "line": 14,
          "column": 105
        }
      },
      "13": {
        "start": {
          "line": 14,
          "column": 50
        },
        "end": {
          "line": 14,
          "column": 105
        }
      },
      "14": {
        "start": {
          "line": 15,
          "column": 16
        },
        "end": {
          "line": 15,
          "column": 39
        }
      },
      "15": {
        "start": {
          "line": 22,
          "column": 4
        },
        "end": {
          "line": 26,
          "column": 7
        }
      },
      "16": {
        "start": {
          "line": 23,
          "column": 20
        },
        "end": {
          "line": 23,
          "column": 108
        }
      },
      "17": {
        "start": {
          "line": 23,
          "column": 73
        },
        "end": {
          "line": 23,
          "column": 105
        }
      },
      "18": {
        "start": {
          "line": 24,
          "column": 8
        },
        "end": {
          "line": 24,
          "column": 46
        }
      },
      "19": {
        "start": {
          "line": 24,
          "column": 30
        },
        "end": {
          "line": 24,
          "column": 44
        }
      },
      "20": {
        "start": {
          "line": 25,
          "column": 8
        },
        "end": {
          "line": 25,
          "column": 94
        }
      },
      "21": {
        "start": {
          "line": 25,
          "column": 40
        },
        "end": {
          "line": 25,
          "column": 74
        }
      },
      "22": {
        "start": {
          "line": 25,
          "column": 46
        },
        "end": {
          "line": 25,
          "column": 58
        }
      },
      "23": {
        "start": {
          "line": 25,
          "column": 75
        },
        "end": {
          "line": 25,
          "column": 90
        }
      },
      "24": {
        "start": {
          "line": 30,
          "column": 4
        },
        "end": {
          "line": 55,
          "column": 7
        }
      },
      "25": {
        "start": {
          "line": 31,
          "column": 25
        },
        "end": {
          "line": 35,
          "column": 10
        }
      },
      "26": {
        "start": {
          "line": 37,
          "column": 24
        },
        "end": {
          "line": 37,
          "column": 90
        }
      },
      "27": {
        "start": {
          "line": 37,
          "column": 41
        },
        "end": {
          "line": 37,
          "column": 83
        }
      },
      "28": {
        "start": {
          "line": 38,
          "column": 8
        },
        "end": {
          "line": 48,
          "column": 11
        }
      },
      "29": {
        "start": {
          "line": 39,
          "column": 22
        },
        "end": {
          "line": 39,
          "column": 38
        }
      },
      "30": {
        "start": {
          "line": 40,
          "column": 22
        },
        "end": {
          "line": 40,
          "column": 52
        }
      },
      "31": {
        "start": {
          "line": 41,
          "column": 12
        },
        "end": {
          "line": 47,
          "column": 13
        }
      },
      "32": {
        "start": {
          "line": 42,
          "column": 16
        },
        "end": {
          "line": 42,
          "column": 38
        }
      },
      "33": {
        "start": {
          "line": 43,
          "column": 32
        },
        "end": {
          "line": 43,
          "column": 44
        }
      },
      "34": {
        "start": {
          "line": 44,
          "column": 16
        },
        "end": {
          "line": 46,
          "column": 35
        }
      },
      "35": {
        "start": {
          "line": 45,
          "column": 32
        },
        "end": {
          "line": 45,
          "column": 62
        }
      },
      "36": {
        "start": {
          "line": 50,
          "column": 8
        },
        "end": {
          "line": 54,
          "column": 11
        }
      },
      "37": {
        "start": {
          "line": 59,
          "column": 20
        },
        "end": {
          "line": 59,
          "column": 71
        }
      },
      "38": {
        "start": {
          "line": 60,
          "column": 22
        },
        "end": {
          "line": 60,
          "column": 79
        }
      },
      "39": {
        "start": {
          "line": 62,
          "column": 18
        },
        "end": {
          "line": 62,
          "column": 22
        }
      },
      "40": {
        "start": {
          "line": 63,
          "column": 4
        },
        "end": {
          "line": 72,
          "column": 5
        }
      },
      "41": {
        "start": {
          "line": 63,
          "column": 23
        },
        "end": {
          "line": 63,
          "column": 24
        }
      },
      "42": {
        "start": {
          "line": 64,
          "column": 8
        },
        "end": {
          "line": 71,
          "column": 9
        }
      },
      "43": {
        "start": {
          "line": 65,
          "column": 12
        },
        "end": {
          "line": 65,
          "column": 57
        }
      },
      "44": {
        "start": {
          "line": 67,
          "column": 12
        },
        "end": {
          "line": 67,
          "column": 26
        }
      },
      "45": {
        "start": {
          "line": 68,
          "column": 12
        },
        "end": {
          "line": 68,
          "column": 47
        }
      },
      "46": {
        "start": {
          "line": 68,
          "column": 41
        },
        "end": {
          "line": 68,
          "column": 47
        }
      },
      "47": {
        "start": {
          "line": 69,
          "column": 26
        },
        "end": {
          "line": 69,
          "column": 58
        }
      },
      "48": {
        "start": {
          "line": 70,
          "column": 12
        },
        "end": {
          "line": 70,
          "column": 57
        }
      },
      "49": {
        "start": {
          "line": 70,
          "column": 35
        },
        "end": {
          "line": 70,
          "column": 55
        }
      },
      "50": {
        "start": {
          "line": 73,
          "column": 4
        },
        "end": {
          "line": 73,
          "column": 18
        }
      },
      "51": {
        "start": {
          "line": 77,
          "column": 4
        },
        "end": {
          "line": 88,
          "column": 7
        }
      },
      "52": {
        "start": {
          "line": 78,
          "column": 27
        },
        "end": {
          "line": 78,
          "column": 49
        }
      },
      "53": {
        "start": {
          "line": 79,
          "column": 26
        },
        "end": {
          "line": 79,
          "column": 60
        }
      },
      "54": {
        "start": {
          "line": 80,
          "column": 27
        },
        "end": {
          "line": 80,
          "column": 82
        }
      },
      "55": {
        "start": {
          "line": 82,
          "column": 8
        },
        "end": {
          "line": 87,
          "column": 11
        }
      },
      "56": {
        "start": {
          "line": 83,
          "column": 25
        },
        "end": {
          "line": 83,
          "column": 52
        }
      },
      "57": {
        "start": {
          "line": 84,
          "column": 25
        },
        "end": {
          "line": 84,
          "column": 52
        }
      },
      "58": {
        "start": {
          "line": 85,
          "column": 28
        },
        "end": {
          "line": 85,
          "column": 87
        }
      },
      "59": {
        "start": {
          "line": 86,
          "column": 12
        },
        "end": {
          "line": 86,
          "column": 45
        }
      },
      "60": {
        "start": {
          "line": 93,
          "column": 26
        },
        "end": {
          "line": 93,
          "column": 43
        }
      },
      "61": {
        "start": {
          "line": 94,
          "column": 21
        },
        "end": {
          "line": 94,
          "column": 82
        }
      },
      "62": {
        "start": {
          "line": 95,
          "column": 4
        },
        "end": {
          "line": 108,
          "column": 5
        }
      },
      "63": {
        "start": {
          "line": 96,
          "column": 24
        },
        "end": {
          "line": 96,
          "column": 37
        }
      },
      "64": {
        "start": {
          "line": 97,
          "column": 21
        },
        "end": {
          "line": 97,
          "column": 61
        }
      },
      "65": {
        "start": {
          "line": 98,
          "column": 8
        },
        "end": {
          "line": 107,
          "column": 10
        }
      },
      "66": {
        "start": {
          "line": 104,
          "column": 16
        },
        "end": {
          "line": 104,
          "column": 83
        }
      },
      "67": {
        "start": {
          "line": 104,
          "column": 22
        },
        "end": {
          "line": 104,
          "column": 67
        }
      },
      "68": {
        "start": {
          "line": 104,
          "column": 43
        },
        "end": {
          "line": 104,
          "column": 67
        }
      },
      "69": {
        "start": {
          "line": 110,
          "column": 34
        },
        "end": {
          "line": 110,
          "column": 80
        }
      },
      "70": {
        "start": {
          "line": 111,
          "column": 36
        },
        "end": {
          "line": 111,
          "column": 76
        }
      },
      "71": {
        "start": {
          "line": 113,
          "column": 4
        },
        "end": {
          "line": 122,
          "column": 6
        }
      },
      "72": {
        "start": {
          "line": 119,
          "column": 12
        },
        "end": {
          "line": 119,
          "column": 82
        }
      },
      "73": {
        "start": {
          "line": 119,
          "column": 18
        },
        "end": {
          "line": 119,
          "column": 53
        }
      },
      "74": {
        "start": {
          "line": 119,
          "column": 34
        },
        "end": {
          "line": 119,
          "column": 53
        }
      },
      "75": {
        "start": {
          "line": 120,
          "column": 12
        },
        "end": {
          "line": 120,
          "column": 77
        }
      },
      "76": {
        "start": {
          "line": 120,
          "column": 18
        },
        "end": {
          "line": 120,
          "column": 48
        }
      },
      "77": {
        "start": {
          "line": 120,
          "column": 32
        },
        "end": {
          "line": 120,
          "column": 48
        }
      },
      "78": {
        "start": {
          "line": 125,
          "column": 0
        },
        "end": {
          "line": 125,
          "column": 101
        }
      }
    },
    "fnMap": {
      "0": {
        "name": "waitFor",
        "decl": {
          "start": {
            "line": 5,
            "column": 15
          },
          "end": {
            "line": 5,
            "column": 22
          }
        },
        "loc": {
          "start": {
            "line": 5,
            "column": 45
          },
          "end": {
            "line": 19,
            "column": 1
          }
        },
        "line": 5
      },
      "1": {
        "name": "(anonymous_1)",
        "decl": {
          "start": {
            "line": 7,
            "column": 23
          },
          "end": {
            "line": 7,
            "column": 24
          }
        },
        "loc": {
          "start": {
            "line": 7,
            "column": 44
          },
          "end": {
            "line": 18,
            "column": 5
          }
        },
        "line": 7
      },
      "2": {
        "name": "check",
        "decl": {
          "start": {
            "line": 8,
            "column": 18
          },
          "end": {
            "line": 8,
            "column": 23
          }
        },
        "loc": {
          "start": {
            "line": 8,
            "column": 26
          },
          "end": {
            "line": 17,
            "column": 9
          }
        },
        "line": 8
      },
      "3": {
        "name": "(anonymous_3)",
        "decl": {
          "start": {
            "line": 9,
            "column": 26
          },
          "end": {
            "line": 9,
            "column": 27
          }
        },
        "loc": {
          "start": {
            "line": 9,
            "column": 33
          },
          "end": {
            "line": 13,
            "column": 13
          }
        },
        "line": 9
      },
      "4": {
        "name": "(anonymous_4)",
        "decl": {
          "start": {
            "line": 13,
            "column": 27
          },
          "end": {
            "line": 13,
            "column": 28
          }
        },
        "loc": {
          "start": {
            "line": 13,
            "column": 33
          },
          "end": {
            "line": 16,
            "column": 13
          }
        },
        "line": 13
      },
      "5": {
        "name": "probeMockPort",
        "decl": {
          "start": {
            "line": 21,
            "column": 15
          },
          "end": {
            "line": 21,
            "column": 28
          }
        },
        "loc": {
          "start": {
            "line": 21,
            "column": 58
          },
          "end": {
            "line": 27,
            "column": 1
          }
        },
        "line": 21
      },
      "6": {
        "name": "(anonymous_6)",
        "decl": {
          "start": {
            "line": 22,
            "column": 23
          },
          "end": {
            "line": 22,
            "column": 24
          }
        },
        "loc": {
          "start": {
            "line": 22,
            "column": 36
          },
          "end": {
            "line": 26,
            "column": 5
          }
        },
        "line": 22
      },
      "7": {
        "name": "(anonymous_7)",
        "decl": {
          "start": {
            "line": 23,
            "column": 64
          },
          "end": {
            "line": 23,
            "column": 65
          }
        },
        "loc": {
          "start": {
            "line": 23,
            "column": 71
          },
          "end": {
            "line": 23,
            "column": 107
          }
        },
        "line": 23
      },
      "8": {
        "name": "(anonymous_8)",
        "decl": {
          "start": {
            "line": 24,
            "column": 24
          },
          "end": {
            "line": 24,
            "column": 25
          }
        },
        "loc": {
          "start": {
            "line": 24,
            "column": 30
          },
          "end": {
            "line": 24,
            "column": 44
          }
        },
        "line": 24
      },
      "9": {
        "name": "(anonymous_9)",
        "decl": {
          "start": {
            "line": 25,
            "column": 32
          },
          "end": {
            "line": 25,
            "column": 33
          }
        },
        "loc": {
          "start": {
            "line": 25,
            "column": 38
          },
          "end": {
            "line": 25,
            "column": 92
          }
        },
        "line": 25
      },
      "10": {
        "name": "startMockServer",
        "decl": {
          "start": {
            "line": 29,
            "column": 9
          },
          "end": {
            "line": 29,
            "column": 24
          }
        },
        "loc": {
          "start": {
            "line": 29,
            "column": 49
          },
          "end": {
            "line": 56,
            "column": 1
          }
        },
        "line": 29
      },
      "11": {
        "name": "(anonymous_11)",
        "decl": {
          "start": {
            "line": 30,
            "column": 23
          },
          "end": {
            "line": 30,
            "column": 24
          }
        },
        "loc": {
          "start": {
            "line": 30,
            "column": 44
          },
          "end": {
            "line": 55,
            "column": 5
          }
        },
        "line": 30
      },
      "12": {
        "name": "(anonymous_12)",
        "decl": {
          "start": {
            "line": 37,
            "column": 35
          },
          "end": {
            "line": 37,
            "column": 36
          }
        },
        "loc": {
          "start": {
            "line": 37,
            "column": 41
          },
          "end": {
            "line": 37,
            "column": 83
          }
        },
        "line": 37
      },
      "13": {
        "name": "(anonymous_13)",
        "decl": {
          "start": {
            "line": 38,
            "column": 35
          },
          "end": {
            "line": 38,
            "column": 36
          }
        },
        "loc": {
          "start": {
            "line": 38,
            "column": 46
          },
          "end": {
            "line": 48,
            "column": 9
          }
        },
        "line": 38
      },
      "14": {
        "name": "(anonymous_14)",
        "decl": {
          "start": {
            "line": 45,
            "column": 26
          },
          "end": {
            "line": 45,
            "column": 27
          }
        },
        "loc": {
          "start": {
            "line": 45,
            "column": 32
          },
          "end": {
            "line": 45,
            "column": 62
          }
        },
        "line": 45
      },
      "15": {
        "name": "(anonymous_15)",
        "decl": {
          "start": {
            "line": 50,
            "column": 28
          },
          "end": {
            "line": 50,
            "column": 29
          }
        },
        "loc": {
          "start": {
            "line": 50,
            "column": 38
          },
          "end": {
            "line": 54,
            "column": 9
          }
        },
        "line": 50
      },
      "16": {
        "name": "startMockServerWithRetry",
        "decl": {
          "start": {
            "line": 58,
            "column": 15
          },
          "end": {
            "line": 58,
            "column": 39
          }
        },
        "loc": {
          "start": {
            "line": 58,
            "column": 61
          },
          "end": {
            "line": 74,
            "column": 1
          }
        },
        "line": 58
      },
      "17": {
        "name": "(anonymous_17)",
        "decl": {
          "start": {
            "line": 70,
            "column": 30
          },
          "end": {
            "line": 70,
            "column": 31
          }
        },
        "loc": {
          "start": {
            "line": 70,
            "column": 35
          },
          "end": {
            "line": 70,
            "column": 55
          }
        },
        "line": 70
      },
      "18": {
        "name": "startDemoServer",
        "decl": {
          "start": {
            "line": 76,
            "column": 9
          },
          "end": {
            "line": 76,
            "column": 24
          }
        },
        "loc": {
          "start": {
            "line": 76,
            "column": 44
          },
          "end": {
            "line": 89,
            "column": 1
          }
        },
        "line": 76
      },
      "19": {
        "name": "(anonymous_19)",
        "decl": {
          "start": {
            "line": 77,
            "column": 23
          },
          "end": {
            "line": 77,
            "column": 24
          }
        },
        "loc": {
          "start": {
            "line": 77,
            "column": 36
          },
          "end": {
            "line": 88,
            "column": 5
          }
        },
        "line": 77
      },
      "20": {
        "name": "(anonymous_20)",
        "decl": {
          "start": {
            "line": 82,
            "column": 42
          },
          "end": {
            "line": 82,
            "column": 43
          }
        },
        "loc": {
          "start": {
            "line": 82,
            "column": 48
          },
          "end": {
            "line": 87,
            "column": 9
          }
        },
        "line": 82
      },
      "21": {
        "name": "startServers",
        "decl": {
          "start": {
            "line": 91,
            "column": 15
          },
          "end": {
            "line": 91,
            "column": 27
          }
        },
        "loc": {
          "start": {
            "line": 91,
            "column": 49
          },
          "end": {
            "line": 123,
            "column": 1
          }
        },
        "line": 91
      },
      "22": {
        "name": "(anonymous_22)",
        "decl": {
          "start": {
            "line": 103,
            "column": 12
          },
          "end": {
            "line": 103,
            "column": 13
          }
        },
        "loc": {
          "start": {
            "line": 103,
            "column": 25
          },
          "end": {
            "line": 106,
            "column": 13
          }
        },
        "line": 103
      },
      "23": {
        "name": "(anonymous_23)",
        "decl": {
          "start": {
            "line": 118,
            "column": 8
          },
          "end": {
            "line": 118,
            "column": 9
          }
        },
        "loc": {
          "start": {
            "line": 118,
            "column": 21
          },
          "end": {
            "line": 121,
            "column": 9
          }
        },
        "line": 118
      }
    },
    "branchMap": {
      "0": {
        "loc": {
          "start": {
            "line": 5,
            "column": 28
          },
          "end": {
            "line": 5,
            "column": 43
          }
        },
        "type": "default-arg",
        "locations": [
          {
            "start": {
              "line": 5,
              "column": 38
            },
            "end": {
              "line": 5,
              "column": 43
            }
          }
        ],
        "line": 5
      },
      "1": {
        "loc": {
          "start": {
            "line": 10,
            "column": 16
          },
          "end": {
            "line": 10,
            "column": 61
          }
        },
        "type": "if",
        "locations": [
          {
            "start": {
              "line": 10,
              "column": 16
            },
            "end": {
              "line": 10,
              "column": 61
            }
          },
          {
            "start": {},
            "end": {}
          }
        ],
        "line": 10
      },
      "2": {
        "loc": {
          "start": {
            "line": 11,
            "column": 16
          },
          "end": {
            "line": 11,
            "column": 105
          }
        },
        "type": "if",
        "locations": [
          {
            "start": {
              "line": 11,
              "column": 16
            },
            "end": {
              "line": 11,
              "column": 105
            }
          },
          {
            "start": {},
            "end": {}
          }
        ],
        "line": 11
      },
      "3": {
        "loc": {
          "start": {
            "line": 14,
            "column": 16
          },
          "end": {
            "line": 14,
            "column": 105
          }
        },
        "type": "if",
        "locations": [
          {
            "start": {
              "line": 14,
              "column": 16
            },
            "end": {
              "line": 14,
              "column": 105
            }
          },
          {
            "start": {},
            "end": {}
          }
        ],
        "line": 14
      },
      "4": {
        "loc": {
          "start": {
            "line": 21,
            "column": 29
          },
          "end": {
            "line": 21,
            "column": 40
          }
        },
        "type": "default-arg",
        "locations": [
          {
            "start": {
              "line": 21,
              "column": 36
            },
            "end": {
              "line": 21,
              "column": 40
            }
          }
        ],
        "line": 21
      },
      "5": {
        "loc": {
          "start": {
            "line": 21,
            "column": 42
          },
          "end": {
            "line": 21,
            "column": 56
          }
        },
        "type": "default-arg",
        "locations": [
          {
            "start": {
              "line": 21,
              "column": 52
            },
            "end": {
              "line": 21,
              "column": 56
            }
          }
        ],
        "line": 21
      },
      "6": {
        "loc": {
          "start": {
            "line": 29,
            "column": 35
          },
          "end": {
            "line": 29,
            "column": 47
          }
        },
        "type": "default-arg",
        "locations": [
          {
            "start": {
              "line": 29,
              "column": 45
            },
            "end": {
              "line": 29,
              "column": 47
            }
          }
        ],
        "line": 29
      },
      "7": {
        "loc": {
          "start": {
            "line": 41,
            "column": 12
          },
          "end": {
            "line": 47,
            "column": 13
          }
        },
        "type": "if",
        "locations": [
          {
            "start": {
              "line": 41,
              "column": 12
            },
            "end": {
              "line": 47,
              "column": 13
            }
          },
          {
            "start": {},
            "end": {}
          }
        ],
        "line": 41
      },
      "8": {
        "loc": {
          "start": {
            "line": 58,
            "column": 50
          },
          "end": {
            "line": 58,
            "column": 59
          }
        },
        "type": "default-arg",
        "locations": [
          {
            "start": {
              "line": 58,
              "column": 57
            },
            "end": {
              "line": 58,
              "column": 59
            }
          }
        ],
        "line": 58
      },
      "9": {
        "loc": {
          "start": {
            "line": 59,
            "column": 20
          },
          "end": {
            "line": 59,
            "column": 71
          }
        },
        "type": "cond-expr",
        "locations": [
          {
            "start": {
              "line": 59,
              "column": 55
            },
            "end": {
              "line": 59,
              "column": 67
            }
          },
          {
            "start": {
              "line": 59,
              "column": 70
            },
            "end": {
              "line": 59,
              "column": 71
            }
          }
        ],
        "line": 59
      },
      "10": {
        "loc": {
          "start": {
            "line": 60,
            "column": 22
          },
          "end": {
            "line": 60,
            "column": 79
          }
        },
        "type": "cond-expr",
        "locations": [
          {
            "start": {
              "line": 60,
              "column": 59
            },
            "end": {
              "line": 60,
              "column": 73
            }
          },
          {
            "start": {
              "line": 60,
              "column": 76
            },
            "end": {
              "line": 60,
              "column": 79
            }
          }
        ],
        "line": 60
      },
      "11": {
        "loc": {
          "start": {
            "line": 68,
            "column": 12
          },
          "end": {
            "line": 68,
            "column": 47
          }
        },
        "type": "if",
        "locations": [
          {
            "start": {
              "line": 68,
              "column": 12
            },
            "end": {
              "line": 68,
              "column": 47
            }
          },
          {
            "start": {},
            "end": {}
          }
        ],
        "line": 68
      },
      "12": {
        "loc": {
          "start": {
            "line": 84,
            "column": 25
          },
          "end": {
            "line": 84,
            "column": 52
          }
        },
        "type": "binary-expr",
        "locations": [
          {
            "start": {
              "line": 84,
              "column": 26
            },
            "end": {
              "line": 84,
              "column": 30
            }
          },
          {
            "start": {
              "line": 84,
              "column": 34
            },
            "end": {
              "line": 84,
              "column": 43
            }
          },
          {
            "start": {
              "line": 84,
              "column": 48
            },
            "end": {
              "line": 84,
              "column": 52
            }
          }
        ],
        "line": 84
      },
      "13": {
        "loc": {
          "start": {
            "line": 91,
            "column": 38
          },
          "end": {
            "line": 91,
            "column": 47
          }
        },
        "type": "default-arg",
        "locations": [
          {
            "start": {
              "line": 91,
              "column": 45
            },
            "end": {
              "line": 91,
              "column": 47
            }
          }
        ],
        "line": 91
      },
      "14": {
        "loc": {
          "start": {
            "line": 93,
            "column": 26
          },
          "end": {
            "line": 93,
            "column": 43
          }
        },
        "type": "binary-expr",
        "locations": [
          {
            "start": {
              "line": 93,
              "column": 26
            },
            "end": {
              "line": 93,
              "column": 35
            }
          },
          {
            "start": {
              "line": 93,
              "column": 39
            },
            "end": {
              "line": 93,
              "column": 43
            }
          }
        ],
        "line": 93
      },
      "15": {
        "loc": {
          "start": {
            "line": 94,
            "column": 56
          },
          "end": {
            "line": 94,
            "column": 81
          }
        },
        "type": "binary-expr",
        "locations": [
          {
            "start": {
              "line": 94,
              "column": 56
            },
            "end": {
              "line": 94,
              "column": 73
            }
          },
          {
            "start": {
              "line": 94,
              "column": 77
            },
            "end": {
              "line": 94,
              "column": 81
            }
          }
        ],
        "line": 94
      },
      "16": {
        "loc": {
          "start": {
            "line": 95,
            "column": 4
          },
          "end": {
            "line": 108,
            "column": 5
          }
        },
        "type": "if",
        "locations": [
          {
            "start": {
              "line": 95,
              "column": 4
            },
            "end": {
              "line": 108,
              "column": 5
            }
          },
          {
            "start": {},
            "end": {}
          }
        ],
        "line": 95
      },
      "17": {
        "loc": {
          "start": {
            "line": 104,
            "column": 22
          },
          "end": {
            "line": 104,
            "column": 67
          }
        },
        "type": "if",
        "locations": [
          {
            "start": {
              "line": 104,
              "column": 22
            },
            "end": {
              "line": 104,
              "column": 67
            }
          },
          {
            "start": {},
            "end": {}
          }
        ],
        "line": 104
      },
      "18": {
        "loc": {
          "start": {
            "line": 119,
            "column": 18
          },
          "end": {
            "line": 119,
            "column": 53
          }
        },
        "type": "if",
        "locations": [
          {
            "start": {
              "line": 119,
              "column": 18
            },
            "end": {
              "line": 119,
              "column": 53
            }
          },
          {
            "start": {},
            "end": {}
          }
        ],
        "line": 119
      },
      "19": {
        "loc": {
          "start": {
            "line": 120,
            "column": 18
          },
          "end": {
            "line": 120,
            "column": 48
          }
        },
        "type": "if",
        "locations": [
          {
            "start": {
              "line": 120,
              "column": 18
            },
            "end": {
              "line": 120,
              "column": 48
            }
          },
          {
            "start": {},
            "end": {}
          }
        ],
        "line": 120
      }
    },
    "s": {
      "0": 1,
      "1": 1,
      "2": 1,
      "3": 1,
      "4": 1,
      "5": 1,
      "6": 1,
      "7": 1,
      "8": 1,
      "9": 0,
      "10": 0,
      "11": 0,
      "12": 0,
      "13": 0,
      "14": 0,
      "15": 2,
      "16": 2,
      "17": 1,
      "18": 2,
      "19": 1,
      "20": 2,
      "21": 0,
      "22": 0,
      "23": 0,
      "24": 1,
      "25": 1,
      "26": 1,
      "27": 0,
      "28": 1,
      "29": 2,
      "30": 2,
      "31": 2,
      "32": 1,
      "33": 1,
      "34": 1,
      "35": 1,
      "36": 1,
      "37": 1,
      "38": 1,
      "39": 1,
      "40": 1,
      "41": 1,
      "42": 1,
      "43": 1,
      "44": 0,
      "45": 0,
      "46": 0,
      "47": 0,
      "48": 0,
      "49": 0,
      "50": 0,
      "51": 0,
      "52": 0,
      "53": 0,
      "54": 0,
      "55": 0,
      "56": 0,
      "57": 0,
      "58": 0,
      "59": 0,
      "60": 0,
      "61": 0,
      "62": 0,
      "63": 0,
      "64": 0,
      "65": 0,
      "66": 0,
      "67": 0,
      "68": 0,
      "69": 0,
      "70": 0,
      "71": 0,
      "72": 0,
      "73": 0,
      "74": 0,
      "75": 0,
      "76": 0,
      "77": 0,
      "78": 1
    },
    "f": {
      "0": 1,
      "1": 1,
      "2": 1,
      "3": 1,
      "4": 0,
      "5": 2,
      "6": 2,
      "7": 1,
      "8": 1,
      "9": 0,
      "10": 1,
      "11": 1,
      "12": 0,
      "13": 2,
      "14": 1,
      "15": 0,
      "16": 1,
      "17": 0,
      "18": 0,
      "19": 0,
      "20": 0,
      "21": 0,
      "22": 0,
      "23": 0
    },
    "b": {
      "0": [
        0
      ],
      "1": [
        1,
        0
      ],
      "2": [
        0,
        0
      ],
      "3": [
        0,
        0
      ],
      "4": [
        0
      ],
      "5": [
        0
      ],
      "6": [
        0
      ],
      "7": [
        1,
        1
      ],
      "8": [
        0
      ],
      "9": [
        1,
        0
      ],
      "10": [
        1,
        0
      ],
      "11": [
        0,
        0
      ],
      "12": [
        0,
        0,
        0
      ],
      "13": [
        0
      ],
      "14": [
        0,
        0
      ],
      "15": [
        0,
        0
      ],
      "16": [
        0,
        0
      ],
      "17": [
        0,
        0
      ],
      "18": [
        0,
        0
      ],
      "19": [
        0,
        0
      ]
    },
    "_coverageSchema": "1a1c01bbd47fc00a2c39e90264f33305004495a9",
    "hash": "812641db59261b576a4b76f68166d76f9e0a2cf5"
  },
  "/home/lojak/Desktop/X3-atlas-sphere/swarm-dashboard/src/hooks/useMediaMetrics.ts": {
    "path": "/home/lojak/Desktop/X3-atlas-sphere/swarm-dashboard/src/hooks/useMediaMetrics.ts",
    "statementMap": {
      "0": {
        "start": {
          "line": 33,
          "column": 0
        },
        "end": {
          "line": 33,
          "column": 16
        }
      },
      "1": {
        "start": {
          "line": 1,
          "column": 0
        },
        "end": {
          "line": 1,
          "column": 44
        }
      },
      "2": {
        "start": {
          "line": 34,
          "column": 32
        },
        "end": {
          "line": 34,
          "column": 55
        }
      },
      "3": {
        "start": {
          "line": 37,
          "column": 2
        },
        "end": {
          "line": 40,
          "column": 23
        }
      },
      "4": {
        "start": {
          "line": 38,
          "column": 14
        },
        "end": {
          "line": 38,
          "column": 54
        }
      },
      "5": {
        "start": {
          "line": 38,
          "column": 31
        },
        "end": {
          "line": 38,
          "column": 48
        }
      },
      "6": {
        "start": {
          "line": 39,
          "column": 4
        },
        "end": {
          "line": 39,
          "column": 33
        }
      },
      "7": {
        "start": {
          "line": 39,
          "column": 17
        },
        "end": {
          "line": 39,
          "column": 32
        }
      },
      "8": {
        "start": {
          "line": 42,
          "column": 27
        },
        "end": {
          "line": 49,
          "column": 4
        }
      },
      "9": {
        "start": {
          "line": 51,
          "column": 38
        },
        "end": {
          "line": 54,
          "column": 4
        }
      },
      "10": {
        "start": {
          "line": 57,
          "column": 4
        },
        "end": {
          "line": 61,
          "column": 6
        }
      },
      "11": {
        "start": {
          "line": 64,
          "column": 2
        },
        "end": {
          "line": 64,
          "column": 83
        }
      }
    },
    "fnMap": {
      "0": {
        "name": "useMediaMetrics",
        "decl": {
          "start": {
            "line": 33,
            "column": 16
          },
          "end": {
            "line": 33,
            "column": 31
          }
        },
        "loc": {
          "start": {
            "line": 33,
            "column": 125
          },
          "end": {
            "line": 65,
            "column": 1
          }
        }
      },
      "1": {
        "name": "(anonymous_1)",
        "decl": {
          "start": {
            "line": 37,
            "column": 12
          },
          "end": {
            "line": 37,
            "column": 15
          }
        },
        "loc": {
          "start": {
            "line": 37,
            "column": 17
          },
          "end": {
            "line": 40,
            "column": 3
          }
        }
      },
      "2": {
        "name": "(anonymous_2)",
        "decl": {
          "start": {
            "line": 38,
            "column": 25
          },
          "end": {
            "line": 38,
            "column": 28
          }
        },
        "loc": {
          "start": {
            "line": 38,
            "column": 31
          },
          "end": {
            "line": 38,
            "column": 48
          }
        }
      },
      "3": {
        "name": "(anonymous_3)",
        "decl": {
          "start": {
            "line": 39,
            "column": 11
          },
          "end": {
            "line": 39,
            "column": 14
          }
        },
        "loc": {
          "start": {
            "line": 39,
            "column": 17
          },
          "end": {
            "line": 39,
            "column": 32
          }
        }
      },
      "4": {
        "name": "compareWithPrevious",
        "decl": {
          "start": {
            "line": 56,
            "column": 11
          },
          "end": {
            "line": 56,
            "column": 30
          }
        },
        "loc": {
          "start": {
            "line": 56,
            "column": 30
          },
          "end": {
            "line": 62,
            "column": 3
          }
        }
      }
    },
    "branchMap": {},
    "s": {
      "0": 1,
      "1": 1,
      "2": 2,
      "3": 2,
      "4": 1,
      "5": 1,
      "6": 1,
      "7": 1,
      "8": 2,
      "9": 2,
      "10": 0,
      "11": 2
    },
    "f": {
      "0": 2,
      "1": 1,
      "2": 1,
      "3": 1,
      "4": 0
    },
    "b": {}
  }
}
