{"/home/lojak/Desktop/X3-atlas-sphere/swarm-dashboard/src/hooks/useMediaMetrics.ts": {"path":"/home/lojak/Desktop/X3-atlas-sphere/swarm-dashboard/src/hooks/useMediaMetrics.ts","statementMap":{"0":{"start":{"line":33,"column":0},"end":{"line":33,"column":16}},"1":{"start":{"line":1,"column":0},"end":{"line":1,"column":44}},"2":{"start":{"line":34,"column":32},"end":{"line":34,"column":55}},"3":{"start":{"line":37,"column":2},"end":{"line":40,"column":23}},"4":{"start":{"line":38,"column":14},"end":{"line":38,"column":54}},"5":{"start":{"line":38,"column":31},"end":{"line":38,"column":48}},"6":{"start":{"line":39,"column":4},"end":{"line":39,"column":33}},"7":{"start":{"line":39,"column":17},"end":{"line":39,"column":32}},"8":{"start":{"line":42,"column":27},"end":{"line":49,"column":4}},"9":{"start":{"line":51,"column":38},"end":{"line":54,"column":4}},"10":{"start":{"line":57,"column":4},"end":{"line":61,"column":6}},"11":{"start":{"line":64,"column":2},"end":{"line":64,"column":83}}},"fnMap":{"0":{"name":"useMediaMetrics","decl":{"start":{"line":33,"column":16},"end":{"line":33,"column":31}},"loc":{"start":{"line":33,"column":125},"end":{"line":65,"column":1}}},"1":{"name":"(anonymous_1)","decl":{"start":{"line":37,"column":12},"end":{"line":37,"column":15}},"loc":{"start":{"line":37,"column":17},"end":{"line":40,"column":3}}},"2":{"name":"(anonymous_2)","decl":{"start":{"line":38,"column":25},"end":{"line":38,"column":28}},"loc":{"start":{"line":38,"column":31},"end":{"line":38,"column":48}}},"3":{"name":"(anonymous_3)","decl":{"start":{"line":39,"column":11},"end":{"line":39,"column":14}},"loc":{"start":{"line":39,"column":17},"end":{"line":39,"column":32}}},"4":{"name":"compareWithPrevious","decl":{"start":{"line":56,"column":11},"end":{"line":56,"column":30}},"loc":{"start":{"line":56,"column":30},"end":{"line":62,"column":3}}}},"branchMap":{},"s":{"0":1,"1":1,"2":2,"3":2,"4":1,"5":1,"6":1,"7":1,"8":2,"9":2,"10":0,"11":2},"f":{"0":2,"1":1,"2":1,"3":1,"4":0},"b":{}}
}
