TN:
SF:e2e/test-helpers.js
FN:5,waitFor
FN:7,(anonymous_1)
FN:8,check
FN:9,(anonymous_3)
FN:13,(anonymous_4)
FN:21,probeMockPort
FN:22,(anonymous_6)
FN:23,(anonymous_7)
FN:24,(anonymous_8)
FN:25,(anonymous_9)
FN:29,startMockServer
FN:30,(anonymous_11)
FN:37,(anonymous_12)
FN:38,(anonymous_13)
FN:45,(anonymous_14)
FN:50,(anonymous_15)
FN:58,startMockServerWithRetry
FN:71,(anonymous_17)
FN:77,startDemoServer
FN:78,(anonymous_19)
FN:83,(anonymous_20)
FN:92,startServers
FN:104,(anonymous_22)
FN:119,(anonymous_23)
FNF:24
FNH:6
FNDA:0,waitFor
FNDA:0,(anonymous_1)
FNDA:0,check
FNDA:0,(anonymous_3)
FNDA:0,(anonymous_4)
FNDA:4,probeMockPort
FNDA:4,(anonymous_6)
FNDA:2,(anonymous_7)
FNDA:2,(anonymous_8)
FNDA:0,(anonymous_9)
FNDA:0,startMockServer
FNDA:0,(anonymous_11)
FNDA:0,(anonymous_12)
FNDA:0,(anonymous_13)
FNDA:0,(anonymous_14)
FNDA:0,(anonymous_15)
FNDA:2,startMockServerWithRetry
FNDA:4,(anonymous_17)
FNDA:0,startDemoServer
FNDA:0,(anonymous_19)
FNDA:0,(anonymous_20)
FNDA:0,startServers
FNDA:0,(anonymous_22)
FNDA:0,(anonymous_23)
DA:1,2
DA:2,2
DA:3,2
DA:6,0
DA:7,0
DA:8,0
DA:9,0
DA:10,0
DA:11,0
DA:12,0
DA:14,0
DA:15,0
DA:22,4
DA:23,4
DA:24,4
DA:25,4
DA:30,0
DA:31,0
DA:37,0
DA:38,0
DA:39,0
DA:40,0
DA:41,0
DA:42,0
DA:43,0
DA:44,0
DA:45,0
DA:50,0
DA:59,2
DA:60,2
DA:62,2
DA:63,2
DA:64,6
DA:66,6
DA:68,4
DA:69,4
DA:70,4
DA:71,4
DA:74,0
DA:78,0
DA:79,0
DA:80,0
DA:81,0
DA:83,0
DA:84,0
DA:85,0
DA:86,0
DA:87,0
DA:94,0
DA:95,0
DA:96,0
DA:97,0
DA:98,0
DA:99,0
DA:105,0
DA:111,0
DA:112,0
DA:114,0
DA:120,0
DA:121,0
DA:126,2
LF:61
LH:18
BRDA:5,0,0,0
BRDA:10,1,0,0
BRDA:10,1,1,0
BRDA:11,2,0,0
BRDA:11,2,1,0
BRDA:14,3,0,0
BRDA:14,3,1,0
BRDA:21,4,0,0
BRDA:21,5,0,0
BRDA:29,6,0,0
BRDA:41,7,0,0
BRDA:41,7,1,0
BRDA:58,8,0,0
BRDA:59,9,0,2
BRDA:59,9,1,0
BRDA:60,10,0,2
BRDA:60,10,1,0
BRDA:69,11,0,0
BRDA:69,11,1,4
BRDA:85,12,0,0
BRDA:85,12,1,0
BRDA:85,12,2,0
BRDA:92,13,0,0
BRDA:94,14,0,0
BRDA:94,14,1,0
BRDA:95,15,0,0
BRDA:95,15,1,0
BRDA:96,16,0,0
BRDA:96,16,1,0
BRDA:105,17,0,0
BRDA:105,17,1,0
BRDA:120,18,0,0
BRDA:120,18,1,0
BRDA:121,19,0,0
BRDA:121,19,1,0
BRF:35
BRH:3
end_of_record
TN:
SF:src/app/dashboard-example.tsx
FN:19,DashboardPage
FN:107,DashboardHeader
FN:125,(anonymous_2)
FN:129,(anonymous_3)
FN:217,MetricsPanel
FN:295,(anonymous_5)
FN:397,MetricCard
FN:463,QuickStats
FN:530,StatItem
FNF:9
FNH:9
FNDA:26,DashboardPage
FNDA:25,DashboardHeader
FNDA:125,(anonymous_2)
FNDA:6,(anonymous_3)
FNDA:29,MetricsPanel
FNDA:8,(anonymous_5)
FNDA:24,MetricCard
FNDA:29,QuickStats
FNDA:12,StatItem
DA:8,1
DA:9,1
DA:10,1
DA:11,1
DA:12,1
DA:13,1
DA:14,1
DA:19,1
DA:24,26
DA:25,26
DA:26,26
DA:37,25
DA:114,25
DA:116,25
DA:126,125
DA:129,6
DA:230,29
DA:236,29
DA:238,29
DA:239,0
DA:246,29
DA:247,25
DA:254,4
DA:296,8
DA:408,24
DA:410,24
DA:464,29
DA:470,29
DA:471,25
DA:478,4
DA:543,12
LF:31
LH:30
BRDA:24,0,0,26
BRDA:24,0,1,0
BRDA:25,1,0,26
BRDA:25,1,1,0
BRDA:25,1,2,0
BRDA:128,2,0,25
BRDA:128,2,1,100
BRDA:238,3,0,0
BRDA:246,4,0,25
BRDA:246,5,0,29
BRDA:246,5,1,4
BRDA:291,6,0,4
BRDA:291,6,1,4
BRDA:291,6,2,4
BRDA:401,7,0,20
BRDA:408,8,0,24
BRDA:408,8,1,16
BRDA:414,9,0,24
BRDA:414,9,1,16
BRDA:415,10,0,12
BRDA:415,10,1,4
BRDA:416,11,0,12
BRDA:416,11,1,4
BRDA:416,12,0,4
BRDA:416,12,1,12
BRDA:470,13,0,25
BRDA:470,14,0,29
BRDA:470,14,1,4
BRDA:548,15,0,12
BRDA:548,15,1,8
BRDA:549,16,0,12
BRDA:549,16,1,4
BRF:32
BRH:28
end_of_record
TN:
SF:src/components/AlertsPanel.tsx
FN:15,(anonymous_0)
FN:19,(anonymous_1)
FN:20,(anonymous_2)
FN:58,(anonymous_3)
FN:73,(anonymous_4)
FN:97,(anonymous_5)
FNF:6
FNH:6
FNDA:70,(anonymous_0)
FNDA:32,(anonymous_1)
FNDA:32,(anonymous_2)
FNDA:76,(anonymous_3)
FNDA:76,(anonymous_4)
FNDA:76,(anonymous_5)
DA:1,2
DA:15,2
DA:16,70
DA:17,70
DA:19,70
DA:20,32
DA:21,32
DA:23,32
DA:39,32
DA:41,0
DA:51,32
DA:55,32
DA:58,70
DA:59,76
DA:61,0
DA:63,0
DA:65,38
DA:67,38
DA:69,0
DA:73,70
DA:74,76
DA:76,0
DA:78,0
DA:80,38
DA:82,38
DA:84,0
DA:88,70
DA:98,76
DA:192,2
LF:29
LH:22
BRDA:46,0,0,0
BRDA:46,0,1,0
BRDA:59,1,0,0
BRDA:59,1,1,0
BRDA:59,1,2,38
BRDA:59,1,3,38
BRDA:59,1,4,0
BRDA:74,2,0,0
BRDA:74,2,1,0
BRDA:74,2,2,38
BRDA:74,2,3,38
BRDA:74,2,4,0
BRDA:92,3,0,32
BRDA:92,3,1,38
BRDA:94,4,0,0
BRDA:94,4,1,38
BRF:16
BRH:7
end_of_record
TN:
SF:src/components/CiStatusTile.tsx
FN:15,(anonymous_0)
FN:21,(anonymous_1)
FN:22,(anonymous_2)
FN:42,(anonymous_3)
FN:55,(anonymous_4)
FNF:5
FNH:5
FNDA:44,(anonymous_0)
FNDA:19,(anonymous_1)
FNDA:19,(anonymous_2)
FNDA:44,(anonymous_3)
FNDA:44,(anonymous_4)
DA:1,1
DA:15,1
DA:16,44
DA:21,44
DA:22,19
DA:23,19
DA:25,19
DA:30,19
DA:32,0
DA:39,19
DA:42,44
DA:43,44
DA:45,25
DA:47,0
DA:49,0
DA:51,19
DA:55,44
DA:56,44
DA:58,25
DA:60,0
DA:62,0
DA:64,19
DA:68,44
DA:130,1
LF:24
LH:19
BRDA:34,0,0,0
BRDA:34,0,1,0
BRDA:43,1,0,25
BRDA:43,1,1,0
BRDA:43,1,2,0
BRDA:43,1,3,19
BRDA:56,2,0,25
BRDA:56,2,1,0
BRDA:56,2,2,0
BRDA:56,2,3,19
BRDA:77,3,0,44
BRDA:77,3,1,44
BRF:12
BRH:6
end_of_record
TN:
SF:src/components/MediaProductionPanel.tsx
FN:17,(anonymous_0)
FN:25,(anonymous_1)
FN:26,(anonymous_2)
FN:65,(anonymous_3)
FN:85,(anonymous_4)
FNF:5
FNH:5
FNDA:72,(anonymous_0)
FNDA:33,(anonymous_1)
FNDA:33,(anonymous_2)
FNDA:33,(anonymous_3)
FNDA:117,(anonymous_4)
DA:1,2
DA:17,2
DA:21,72
DA:22,72
DA:23,72
DA:25,72
DA:26,33
DA:27,33
DA:28,33
DA:29,33
DA:31,33
DA:55,33
DA:57,0
DA:59,33
DA:63,33
DA:64,33
DA:65,33
DA:68,72
DA:69,0
DA:76,72
DA:86,117
DA:209,2
LF:22
LH:20
BRDA:19,0,0,26
BRDA:57,1,0,0
BRDA:57,1,1,0
BRDA:68,2,0,0
BRDA:80,3,0,0
BRDA:80,3,1,72
BRDA:80,4,0,72
BRDA:80,4,1,0
BRDA:82,5,0,33
BRDA:82,5,1,39
BRF:10
BRH:5
end_of_record
TN:
SF:src/components/TestHealthTile.tsx
FN:14,(anonymous_0)
FN:22,(anonymous_1)
FN:23,(anonymous_2)
FN:55,(anonymous_3)
FNF:4
FNH:4
FNDA:80,(anonymous_0)
FNDA:37,(anonymous_1)
FNDA:37,(anonymous_2)
FNDA:44,(anonymous_3)
DA:1,2
DA:14,2
DA:15,80
DA:20,80
DA:22,80
DA:23,37
DA:24,37
DA:26,37
DA:32,37
DA:34,0
DA:35,0
DA:41,37
DA:45,37
DA:49,80
DA:53,80
DA:55,80
DA:56,44
DA:57,0
DA:58,0
DA:61,80
DA:186,2
LF:21
LH:17
BRDA:53,0,0,44
BRDA:53,0,1,36
BRDA:56,1,0,44
BRDA:57,2,0,0
BRDA:64,3,0,36
BRDA:64,3,1,44
BRDA:83,4,0,44
BRDA:83,4,1,0
BRDA:92,5,0,44
BRDA:92,5,1,0
BRF:10
BRH:7
end_of_record
TN:
SF:src/components/TestnetReadinessTile.tsx
FN:17,(anonymous_0)
FN:30,(anonymous_1)
FN:31,(anonymous_2)
FN:55,(anonymous_3)
FN:58,(anonymous_4)
FN:64,(anonymous_5)
FNF:6
FNH:6
FNDA:86,(anonymous_0)
FNDA:40,(anonymous_1)
FNDA:40,(anonymous_2)
FNDA:40,(anonymous_3)
FNDA:46,(anonymous_4)
FNDA:46,(anonymous_5)
DA:1,3
DA:17,3
DA:18,86
DA:27,86
DA:28,86
DA:30,86
DA:31,40
DA:32,40
DA:33,40
DA:34,40
DA:36,40
DA:45,40
DA:47,0
DA:49,40
DA:53,40
DA:54,40
DA:55,40
DA:58,86
DA:59,46
DA:60,0
DA:61,0
DA:64,86
DA:65,46
DA:66,0
DA:67,0
DA:68,0
DA:71,86
DA:72,0
DA:80,86
DA:219,3
LF:30
LH:23
BRDA:47,0,0,0
BRDA:47,0,1,0
BRDA:59,1,0,46
BRDA:60,2,0,0
BRDA:65,3,0,46
BRDA:66,4,0,0
BRDA:67,5,0,0
BRDA:71,6,0,0
BRDA:83,7,0,40
BRDA:83,7,1,46
BRF:10
BRH:4
end_of_record
TN:
SF:src/hooks/useMediaMetrics.ts
FN:33,useMediaMetrics
FN:37,(anonymous_1)
FN:38,(anonymous_2)
FN:39,(anonymous_3)
FN:56,compareWithPrevious
FNF:5
FNH:5
FNDA:82,useMediaMetrics
FNDA:61,(anonymous_1)
FNDA:15,(anonymous_2)
FNDA:61,(anonymous_3)
FNDA:30,compareWithPrevious
DA:1,2
DA:33,2
DA:34,82
DA:37,82
DA:38,61
DA:39,61
DA:42,82
DA:51,82
DA:57,30
DA:64,82
LF:10
LH:10
BRF:0
BRH:0
end_of_record
