TN:
SF:e2e/test-helpers.js
FN:5,waitFor
FN:7,(anonymous_1)
FN:8,check
FN:9,(anonymous_3)
FN:13,(anonymous_4)
FN:21,probeMockPort
FN:22,(anonymous_6)
FN:23,(anonymous_7)
FN:24,(anonymous_8)
FN:25,(anonymous_9)
FN:29,startMockServer
FN:30,(anonymous_11)
FN:37,(anonymous_12)
FN:38,(anonymous_13)
FN:45,(anonymous_14)
FN:50,(anonymous_15)
FN:58,startMockServerWithRetry
FN:71,(anonymous_17)
FN:77,startDemoServer
FN:78,(anonymous_19)
FN:83,(anonymous_20)
FN:92,startServers
FN:104,(anonymous_22)
FN:119,(anonymous_23)
FNF:24
FNH:6
FNDA:0,waitFor
FNDA:0,(anonymous_1)
FNDA:0,check
FNDA:0,(anonymous_3)
FNDA:0,(anonymous_4)
FNDA:4,probeMockPort
FNDA:4,(anonymous_6)
FNDA:2,(anonymous_7)
FNDA:2,(anonymous_8)
FNDA:0,(anonymous_9)
FNDA:0,startMockServer
FNDA:0,(anonymous_11)
FNDA:0,(anonymous_12)
FNDA:0,(anonymous_13)
FNDA:0,(anonymous_14)
FNDA:0,(anonymous_15)
FNDA:2,startMockServerWithRetry
FNDA:4,(anonymous_17)
FNDA:0,startDemoServer
FNDA:0,(anonymous_19)
FNDA:0,(anonymous_20)
FNDA:0,startServers
FNDA:0,(anonymous_22)
FNDA:0,(anonymous_23)
DA:1,2
DA:2,2
DA:3,2
DA:6,0
DA:7,0
DA:8,0
DA:9,0
DA:10,0
DA:11,0
DA:12,0
DA:14,0
DA:15,0
DA:22,4
DA:23,4
DA:24,4
DA:25,4
DA:30,0
DA:31,0
DA:37,0
DA:38,0
DA:39,0
DA:40,0
DA:41,0
DA:42,0
DA:43,0
DA:44,0
DA:45,0
DA:50,0
DA:59,2
DA:60,2
DA:62,2
DA:63,2
DA:64,6
DA:66,6
DA:68,4
DA:69,4
DA:70,4
DA:71,4
DA:74,0
DA:78,0
DA:79,0
DA:80,0
DA:81,0
DA:83,0
DA:84,0
DA:85,0
DA:86,0
DA:87,0
DA:94,0
DA:95,0
DA:96,0
DA:97,0
DA:98,0
DA:99,0
DA:105,0
DA:111,0
DA:112,0
DA:114,0
DA:120,0
DA:121,0
DA:126,2
LF:61
LH:18
BRDA:5,0,0,0
BRDA:10,1,0,0
BRDA:10,1,1,0
BRDA:11,2,0,0
BRDA:11,2,1,0
BRDA:14,3,0,0
BRDA:14,3,1,0
BRDA:21,4,0,0
BRDA:21,5,0,0
BRDA:29,6,0,0
BRDA:41,7,0,0
BRDA:41,7,1,0
BRDA:58,8,0,0
BRDA:59,9,0,2
BRDA:59,9,1,0
BRDA:60,10,0,2
BRDA:60,10,1,0
BRDA:69,11,0,0
BRDA:69,11,1,4
BRDA:85,12,0,0
BRDA:85,12,1,0
BRDA:85,12,2,0
BRDA:92,13,0,0
BRDA:94,14,0,0
BRDA:94,14,1,0
BRDA:95,15,0,0
BRDA:95,15,1,0
BRDA:96,16,0,0
BRDA:96,16,1,0
BRDA:105,17,0,0
BRDA:105,17,1,0
BRDA:120,18,0,0
BRDA:120,18,1,0
BRDA:121,19,0,0
BRDA:121,19,1,0
BRF:35
BRH:3
end_of_record
TN:
SF:src/hooks/useMediaMetrics.ts
FN:33,useMediaMetrics
FN:37,(anonymous_1)
FN:38,(anonymous_2)
FN:39,(anonymous_3)
FN:56,compareWithPrevious
FNF:5
FNH:4
FNDA:2,useMediaMetrics
FNDA:1,(anonymous_1)
FNDA:1,(anonymous_2)
FNDA:1,(anonymous_3)
FNDA:0,compareWithPrevious
DA:1,1
DA:33,1
DA:34,2
DA:37,2
DA:38,1
DA:39,1
DA:42,2
DA:51,2
DA:57,0
DA:64,2
LF:10
LH:9
BRF:0
BRH:0
end_of_record
