<?xml version="1.0" encoding="utf-8"?><testsuites name="pytest tests"><testsuite name="pytest" errors="0" failures="0" skipped="0" tests="24" time="0.058" timestamp="2026-02-11T04:43:18.271736+00:00" hostname="x31"><testcase classname="tests.test_security_e2e.TestInputValidationSanitization" name="test_chain_id_must_be_nonempty_string" time="0.001" /><testcase classname="tests.test_security_e2e.TestInputValidationSanitization" name="test_chain_transaction_rejects_empty_pubkey" time="0.001" /><testcase classname="tests.test_security_e2e.TestInputValidationSanitization" name="test_chain_transaction_rejects_empty_signature" time="0.000" /><testcase classname="tests.test_security_e2e.TestInputValidationSanitization" name="test_chain_transaction_rejects_oversized_payload" time="0.001" /><testcase classname="tests.test_security_e2e.TestInputValidationSanitization" name="test_invalid_chain_id_format_rejected" time="0.001" /><testcase classname="tests.test_security_e2e.TestInputValidationSanitization" name="test_pubkey_size_validation_secp256k1" time="0.000" /><testcase classname="tests.test_security_e2e.TestInputValidationSanitization" name="test_signature_size_validation_ed25519" time="0.000" /><testcase classname="tests.test_security_e2e.TestInputValidationSanitization" name="test_signature_size_validation_secp256k1" time="0.000" /><testcase classname="tests.test_security_e2e.TestPrivateKeySignatureHandling" name="test_private_key_never_logged" time="0.001" /><testcase classname="tests.test_security_e2e.TestPrivateKeySignatureHandling" name="test_same_message_different_pubkeys_different_validity" time="0.000" /><testcase classname="tests.test_security_e2e.TestPrivateKeySignatureHandling" name="test_signature_order_preserved_in_batch" time="0.000" /><testcase classname="tests.test_security_e2e.TestPrivateKeySignatureHandling" name="test_signature_verification_fails_on_wrong_pubkey" time="0.000" /><testcase classname="tests.test_security_e2e.TestRpcEndpointSecurity" name="test_rpc_endpoint_availability_check" time="0.001" /><testcase classname="tests.test_security_e2e.TestRpcEndpointSecurity" name="test_rpc_error_response_handled" time="0.000" /><testcase classname="tests.test_security_e2e.TestRpcEndpointSecurity" name="test_rpc_request_timeout_enforced" time="0.001" /><testcase classname="tests.test_security_e2e.TestRpcEndpointSecurity" name="test_rpc_response_validation_rejects_malformed" time="0.000" /><testcase classname="tests.test_security_e2e.TestRpcEndpointSecurity" name="test_rpc_url_localhost_allowed_for_testing" time="0.001" /><testcase classname="tests.test_security_e2e.TestRpcEndpointSecurity" name="test_rpc_url_must_be_https" time="0.001" /><testcase classname="tests.test_security_e2e.TestTransactionAtomicityGuarantees" name="test_concurrent_swaps_isolated" time="0.001" /><testcase classname="tests.test_security_e2e.TestTransactionAtomicityGuarantees" name="test_no_partial_atomic_swaps" time="0.000" /><testcase classname="tests.test_security_e2e.TestTransactionAtomicityGuarantees" name="test_rollback_reverses_all_chain_state" time="0.000" /><testcase classname="tests.test_security_e2e.TestTransactionAtomicityGuarantees" name="test_swap_cannot_proceed_with_unvalidated_txs" time="0.000" /><testcase classname="tests.test_security_e2e.TestTransactionAtomicityGuarantees" name="test_swap_state_transitions_are_valid" time="0.000" /><testcase classname="tests.test_security_e2e.TestTransactionAtomicityGuarantees" name="test_timeout_triggers_automatic_rollback" time="0.000" /></testsuite></testsuites>