TN:
SF:src/components/PaymentProcessor.tsx
FN:50,PaymentProcessor
FN:68,(anonymous_11)
FN:80,(anonymous_12)
FN:92,(anonymous_13)
FN:106,(anonymous_14)
FN:115,(anonymous_15)
FN:116,(anonymous_16)
FN:117,(anonymous_17)
FN:127,(anonymous_18)
FN:134,(anonymous_19)
FN:135,(anonymous_20)
FN:142,(anonymous_21)
FN:165,(anonymous_22)
FN:173,(anonymous_23)
FN:191,(anonymous_24)
FN:201,(anonymous_25)
FN:302,(anonymous_26)
FN:314,(anonymous_27)
FN:319,(anonymous_28)
FN:320,(anonymous_29)
FN:326,(anonymous_30)
FN:327,(anonymous_31)
FN:333,(anonymous_32)
FN:334,(anonymous_33)
FN:341,(anonymous_34)
FN:342,(anonymous_35)
FN:349,(anonymous_36)
FN:350,(anonymous_37)
FN:356,(anonymous_38)
FN:357,(anonymous_39)
FN:368,(anonymous_40)
FN:382,(anonymous_41)
FN:400,(anonymous_42)
FN:403,(anonymous_43)
FN:442,(anonymous_44)
FN:486,BankSetupForm
FN:495,(anonymous_46)
FN:510,(anonymous_47)
FN:510,(anonymous_48)
FN:523,(anonymous_49)
FN:523,(anonymous_50)
FN:534,(anonymous_51)
FN:534,(anonymous_52)
FN:551,(anonymous_53)
FN:551,(anonymous_54)
FN:565,(anonymous_55)
FN:565,(anonymous_56)
FN:590,CryptoSetupForm
FN:597,(anonymous_58)
FN:610,(anonymous_59)
FN:610,(anonymous_60)
FN:626,(anonymous_61)
FN:626,(anonymous_62)
FN:645,(anonymous_63)
FN:645,(anonymous_64)
FN:671,StripeCardForm
FN:677,(anonymous_66)
FN:811,PayPalSetupForm
FN:815,(anonymous_68)
FN:816,(anonymous_69)
FN:822,(anonymous_70)
FN:836,(anonymous_71)
FN:853,(anonymous_72)
FN:908,ApplePaySetupForm
FN:909,(anonymous_74)
FN:964,GooglePaySetupForm
FN:965,(anonymous_76)
FNF:67
FNH:29
FNDA:24,PaymentProcessor
FNDA:144,(anonymous_11)
FNDA:49,(anonymous_12)
FNDA:49,(anonymous_13)
FNDA:96,(anonymous_14)
FNDA:48,(anonymous_15)
FNDA:192,(anonymous_16)
FNDA:48,(anonymous_17)
FNDA:56,(anonymous_18)
FNDA:8,(anonymous_19)
FNDA:27,(anonymous_20)
FNDA:1,(anonymous_21)
FNDA:1,(anonymous_22)
FNDA:4,(anonymous_23)
FNDA:0,(anonymous_24)
FNDA:3,(anonymous_25)
FNDA:0,(anonymous_26)
FNDA:2,(anonymous_27)
FNDA:1,(anonymous_28)
FNDA:0,(anonymous_29)
FNDA:0,(anonymous_30)
FNDA:0,(anonymous_31)
FNDA:0,(anonymous_32)
FNDA:0,(anonymous_33)
FNDA:0,(anonymous_34)
FNDA:0,(anonymous_35)
FNDA:0,(anonymous_36)
FNDA:0,(anonymous_37)
FNDA:0,(anonymous_38)
FNDA:0,(anonymous_39)
FNDA:2,(anonymous_40)
FNDA:0,(anonymous_41)
FNDA:126,(anonymous_42)
FNDA:8,(anonymous_43)
FNDA:42,(anonymous_44)
FNDA:5,BankSetupForm
FNDA:1,(anonymous_46)
FNDA:1,(anonymous_47)
FNDA:1,(anonymous_48)
FNDA:0,(anonymous_49)
FNDA:0,(anonymous_50)
FNDA:0,(anonymous_51)
FNDA:0,(anonymous_52)
FNDA:1,(anonymous_53)
FNDA:1,(anonymous_54)
FNDA:1,(anonymous_55)
FNDA:1,(anonymous_56)
FNDA:0,CryptoSetupForm
FNDA:0,(anonymous_58)
FNDA:0,(anonymous_59)
FNDA:0,(anonymous_60)
FNDA:0,(anonymous_61)
FNDA:0,(anonymous_62)
FNDA:0,(anonymous_63)
FNDA:0,(anonymous_64)
FNDA:0,StripeCardForm
FNDA:0,(anonymous_66)
FNDA:0,PayPalSetupForm
FNDA:0,(anonymous_68)
FNDA:0,(anonymous_69)
FNDA:0,(anonymous_70)
FNDA:0,(anonymous_71)
FNDA:0,(anonymous_72)
FNDA:0,ApplePaySetupForm
FNDA:0,(anonymous_74)
FNDA:0,GooglePaySetupForm
FNDA:0,(anonymous_76)
DA:8,1
DA:9,1
DA:10,1
DA:15,1
DA:16,1
DA:17,1
DA:18,1
DA:19,1
DA:20,1
DA:26,1
DA:29,1
DA:50,1
DA:57,24
DA:61,24
DA:62,24
DA:63,24
DA:64,24
DA:65,24
DA:68,24
DA:69,144
DA:70,24
DA:71,24
DA:72,24
DA:73,24
DA:74,24
DA:75,24
DA:76,0
DA:80,24
DA:81,49
DA:82,1
DA:83,0
DA:84,0
DA:85,0
DA:86,24
DA:87,24
DA:88,0
DA:92,24
DA:93,49
DA:94,1
DA:95,0
DA:96,0
DA:97,0
DA:98,24
DA:99,24
DA:100,0
DA:105,24
DA:106,96
DA:116,192
DA:117,48
DA:127,24
DA:128,56
DA:134,24
DA:135,27
DA:136,8
DA:137,2
DA:139,8
DA:142,24
DA:143,1
DA:145,1
DA:146,1
DA:148,1
DA:149,5
DA:150,2
DA:151,2
DA:156,1
DA:165,1
DA:166,1
DA:167,1
DA:169,0
DA:173,24
DA:174,4
DA:177,4
DA:183,4
DA:184,1
DA:185,1
DA:188,3
DA:191,24
DA:192,0
DA:194,0
DA:195,0
DA:197,0
DA:201,24
DA:202,3
DA:204,3
DA:205,3
DA:207,3
DA:220,2
DA:222,2
DA:223,2
DA:225,0
DA:227,0
DA:229,0
DA:241,0
DA:243,0
DA:244,0
DA:246,0
DA:248,0
DA:250,0
DA:260,0
DA:261,0
DA:264,0
DA:265,0
DA:266,0
DA:268,0
DA:270,0
DA:272,0
DA:273,0
DA:274,0
DA:278,0
DA:290,0
DA:291,0
DA:292,0
DA:298,0
DA:299,0
DA:302,0
DA:304,0
DA:307,1
DA:308,1
DA:310,3
DA:314,24
DA:315,2
DA:317,2
DA:319,1
DA:320,0
DA:324,0
DA:326,0
DA:327,0
DA:331,0
DA:333,0
DA:334,0
DA:338,0
DA:341,0
DA:342,0
DA:347,0
DA:349,0
DA:350,0
DA:354,0
DA:356,0
DA:357,0
DA:361,0
DA:365,24
DA:366,2
DA:368,2
DA:375,22
DA:376,1
DA:382,0
DA:387,21
DA:401,126
DA:403,8
DA:442,42
DA:487,5
DA:495,5
DA:496,1
DA:497,1
DA:500,5
DA:510,1
DA:523,0
DA:534,0
DA:551,1
DA:565,1
DA:591,0
DA:597,0
DA:598,0
DA:599,0
DA:602,0
DA:610,0
DA:626,0
DA:645,0
DA:672,0
DA:673,0
DA:674,0
DA:675,0
DA:677,0
DA:678,0
DA:680,0
DA:681,0
DA:682,0
DA:685,0
DA:686,0
DA:688,0
DA:690,0
DA:691,0
DA:692,0
DA:693,0
DA:696,0
DA:698,0
DA:703,0
DA:704,0
DA:705,0
DA:706,0
DA:710,0
DA:722,0
DA:724,0
DA:726,0
DA:729,0
DA:735,0
DA:737,0
DA:741,0
DA:758,0
DA:812,0
DA:813,0
DA:815,0
DA:816,0
DA:817,0
DA:818,0
DA:821,0
DA:823,0
DA:824,0
DA:830,0
DA:832,0
DA:833,0
DA:837,0
DA:838,0
DA:839,0
DA:841,0
DA:848,0
DA:850,0
DA:854,0
DA:855,0
DA:859,0
DA:861,0
DA:865,0
DA:868,0
DA:909,0
DA:910,0
DA:911,0
DA:918,0
DA:965,0
DA:966,0
DA:967,0
DA:974,0
LF:231
LH:99
BRDA:29,0,0,1
BRDA:29,0,1,1
BRDA:55,1,0,0
BRDA:69,2,0,24
BRDA:69,2,1,24
BRDA:69,2,2,24
BRDA:69,2,3,24
BRDA:69,2,4,24
BRDA:69,2,5,24
BRDA:69,2,6,0
BRDA:81,3,0,1
BRDA:81,3,1,0
BRDA:81,3,2,0
BRDA:81,3,3,0
BRDA:81,3,4,24
BRDA:81,3,5,24
BRDA:81,3,6,0
BRDA:93,4,0,1
BRDA:93,4,1,0
BRDA:93,4,2,0
BRDA:93,4,3,0
BRDA:93,4,4,24
BRDA:93,4,5,24
BRDA:93,4,6,0
BRDA:130,5,0,56
BRDA:130,5,1,0
BRDA:136,6,0,2
BRDA:136,7,0,8
BRDA:136,7,1,2
BRDA:149,8,0,2
BRDA:174,9,0,0
BRDA:178,10,0,4
BRDA:178,10,1,0
BRDA:183,11,0,1
BRDA:194,12,0,0
BRDA:194,12,1,0
BRDA:205,13,0,3
BRDA:205,13,1,0
BRDA:210,14,0,3
BRDA:210,14,1,0
BRDA:213,15,0,3
BRDA:213,15,1,0
BRDA:222,16,0,2
BRDA:222,16,1,0
BRDA:227,17,0,0
BRDA:227,17,1,0
BRDA:234,18,0,0
BRDA:234,18,1,0
BRDA:243,19,0,0
BRDA:243,19,1,0
BRDA:248,20,0,0
BRDA:248,20,1,0
BRDA:256,21,0,0
BRDA:256,21,1,0
BRDA:265,22,0,0
BRDA:265,22,1,0
BRDA:265,23,0,0
BRDA:265,23,1,0
BRDA:270,24,0,0
BRDA:270,25,0,0
BRDA:270,25,1,0
BRDA:273,26,0,0
BRDA:291,27,0,0
BRDA:292,28,0,0
BRDA:292,28,1,0
BRDA:299,29,0,0
BRDA:299,29,1,0
BRDA:307,30,0,1
BRDA:307,30,1,0
BRDA:315,31,0,2
BRDA:315,31,1,0
BRDA:315,31,2,0
BRDA:315,31,3,0
BRDA:315,31,4,0
BRDA:315,31,5,0
BRDA:315,31,6,0
BRDA:365,32,0,2
BRDA:365,33,0,24
BRDA:365,33,1,2
BRDA:375,34,0,1
BRDA:378,35,0,1
BRDA:378,35,1,0
BRDA:405,36,0,11
BRDA:405,36,1,115
BRDA:418,37,0,126
BRDA:418,37,1,63
BRDA:421,38,0,126
BRDA:421,38,1,63
BRDA:421,38,2,63
BRDA:431,39,0,21
BRDA:431,39,1,11
BRDA:460,40,0,1
BRDA:460,40,1,10
BRDA:465,41,0,1
BRDA:465,41,1,10
BRDA:680,42,0,0
BRDA:680,43,0,0
BRDA:680,43,1,0
BRDA:690,44,0,0
BRDA:703,45,0,0
BRDA:704,46,0,0
BRDA:704,46,1,0
BRDA:724,47,0,0
BRDA:735,48,0,0
BRDA:735,48,1,0
BRDA:769,49,0,0
BRDA:769,49,1,0
BRDA:793,50,0,0
BRDA:793,50,1,0
BRDA:796,51,0,0
BRDA:796,51,1,0
BRDA:878,52,0,0
BRDA:878,52,1,0
BRF:113
BRH:45
end_of_record
TN:
SF:src/hooks/useMediaMetrics.ts
FN:33,useMediaMetrics
FN:37,(anonymous_1)
FN:38,(anonymous_2)
FN:39,(anonymous_3)
FN:56,compareWithPrevious
FNF:5
FNH:4
FNDA:2,useMediaMetrics
FNDA:1,(anonymous_1)
FNDA:1,(anonymous_2)
FNDA:1,(anonymous_3)
FNDA:0,compareWithPrevious
DA:1,1
DA:33,1
DA:34,2
DA:37,2
DA:38,1
DA:39,1
DA:42,2
DA:51,2
DA:57,0
DA:64,2
LF:10
LH:9
BRF:0
BRH:0
end_of_record
TN:
SF:src/lib/benchmarking.ts
FN:10,safeNumber
FN:14,percentile
FN:27,computeBenchmarkStats
FN:28,(anonymous_3)
FN:29,(anonymous_4)
FN:37,(anonymous_5)
FN:44,formatMs
FN:51,yieldToBrowser
FN:52,(anonymous_8)
FN:54,(anonymous_9)
FN:56,(anonymous_10)
FN:61,downloadJson
FN:72,(anonymous_12)
FNF:13
FNH:6
FNDA:7,safeNumber
FNDA:7,percentile
FNDA:2,computeBenchmarkStats
FNDA:9,(anonymous_3)
FNDA:5,(anonymous_4)
FNDA:7,(anonymous_5)
FNDA:0,formatMs
FNDA:0,yieldToBrowser
FNDA:0,(anonymous_8)
FNDA:0,(anonymous_9)
FNDA:0,(anonymous_10)
FNDA:0,downloadJson
FNDA:0,(anonymous_12)
DA:11,7
DA:14,1
DA:15,7
DA:16,7
DA:18,7
DA:19,7
DA:20,7
DA:21,7
DA:22,7
DA:23,3
DA:24,3
DA:27,1
DA:28,9
DA:29,5
DA:30,2
DA:31,2
DA:32,0
DA:35,2
DA:36,2
DA:37,7
DA:38,2
DA:39,2
DA:41,2
DA:44,1
DA:45,0
DA:46,0
DA:47,0
DA:48,0
DA:51,1
DA:52,0
DA:53,0
DA:54,0
DA:56,0
DA:61,1
DA:62,0
DA:63,0
DA:65,0
DA:66,0
DA:67,0
DA:68,0
DA:69,0
DA:70,0
DA:72,0
LF:43
LH:25
BRDA:11,0,0,7
BRDA:11,0,1,7
BRDA:15,1,0,0
BRDA:15,2,0,7
BRDA:15,2,1,7
BRDA:16,3,0,0
BRDA:22,4,0,4
BRDA:28,5,0,2
BRDA:28,5,1,0
BRDA:28,6,0,9
BRDA:28,6,1,9
BRDA:31,7,0,0
BRDA:45,8,0,0
BRDA:46,9,0,0
BRDA:47,10,0,0
BRDA:53,11,0,0
BRDA:53,11,1,0
BRF:17
BRH:8
end_of_record
